<?xml version="1.0" encoding="UTF-8"?>
<!-- Generated by org.testng.reporters.JUnitXMLReporter -->
<testsuite ignored="0" hostname="DESKTOP-QBF8APR" failures="3" tests="70" name="ParaBanking Test" time="336.318" errors="0" timestamp="2025-11-11T21:31:49 IST">
  <testcase classname="testCases.TC001_RegisterTest" name="RegisterTest" time="2.024"/>
  <testcase classname="testCases.TC001_RegisterTest" name="RegisterWithMissingFirstName" time="1.461"/>
  <testcase classname="testCases.TC001_RegisterTest" name="RegisterWithMissingLastName" time="1.34"/>
  <testcase classname="testCases.TC001_RegisterTest" name="RegisterWithMissingAddress" time="1.177"/>
  <testcase classname="testCases.TC001_RegisterTest" name="RegisterWithMissingCity" time="1.241"/>
  <testcase classname="testCases.TC001_RegisterTest" name="RegisterWithMissingState" time="1.363"/>
  <testcase classname="testCases.TC001_RegisterTest" name="RegisterWithMissingZipCode" time="1.225"/>
  <testcase classname="testCases.TC001_RegisterTest" name="RegisterWithMissingSSN" time="2.147"/>
  <testcase classname="testCases.TC001_RegisterTest" name="RegisterWithMissingUsername" time="1.267"/>
  <testcase classname="testCases.TC001_RegisterTest" name="RegisterWithMissingPassword" time="1.228"/>
  <testcase classname="testCases.TC001_RegisterTest" name="RegisterWithMismatchedPasswords" time="1.294"/>
  <testcase classname="testCases.TC001_RegisterTest" name="RegisterWithExistingUsername" time="1.388"/>
  <testcase classname="testCases.TC002_LoginTest" name="loginTest" time="4.781"/>
  <testcase classname="testCases.TC002_LoginTest" name="loginWithInvalidPassword" time="0.441"/>
  <testcase classname="testCases.TC002_LoginTest" name="loginWithBothInvalidCredentials" time="0.362"/>
  <testcase classname="testCases.TC002_LoginTest" name="loginWithEmptyUsername" time="0.294"/>
  <testcase classname="testCases.TC002_LoginTest" name="loginWithEmptyPassword" time="0.307"/>
  <testcase classname="testCases.TC002_LoginTest" name="loginWithBothFieldsEmpty" time="0.328"/>
  <testcase classname="testCases.TC002_LoginTest" name="loginWithSQLInjection" time="0.341"/>
  <testcase classname="testCases.TC002_LoginTest" name="loginWithSpecialCharacters" time="0.333"/>
  <testcase classname="testCases.TC002_LoginTest" name="loginWithSpacesInCredentials" time="0.345"/>
  <testcase classname="testCases.TC002_LoginTest" name="loginWithCaseSensitiveUsername" time="0.804"/>
  <testcase classname="testCases.TC002_LoginTest" name="loginWithExcessivelyLongUsername" time="1.177"/>
  <testcase classname="testCases.TC002_LoginTest" name="loginWithScriptTags" time="0.641"/>
  <testcase classname="testCases.TC003_OpenNewAccountTest" name="OpenNewAccountTest" time="7.361"/>
  <testcase classname="testCases.TC003_OpenNewAccountTest" name="OpenCheckingAccountTest" time="8.681"/>
  <testcase classname="testCases.TC003_OpenNewAccountTest" name="VerifyAccountDetailsNavigationTest" time="8.952"/>
  <testcase classname="testCases.TC003_OpenNewAccountTest" name="VerifyBackButtonAfterAccountCreationTest" time="8.645"/>
  <testcase classname="testCases.TC004_TransferFundsTest" name="TransferFundsWithAmountTest" time="13.438"/>
  <testcase classname="testCases.TC004_TransferFundsTest" name="TransferFundsWithoutAmountTest" time="6.858"/>
  <testcase classname="testCases.TC004_TransferFundsTest" name="TransferFundsWithInvalidAmountTest" time="6.72"/>
  <testcase classname="testCases.TC004_TransferFundsTest" name="TransferFundsWithDecimalAmountTest" time="8.032">
    <failure type="java.lang.AssertionError" message="Transfer failed or confirmation message not found. Actual message:  expected [true] but found [false]">
      <![CDATA[java.lang.AssertionError: Transfer failed or confirmation message not found. Actual message:  expected [true] but found [false]
at testCases.TC004_TransferFundsTest.TransferFundsWithDecimalAmountTest(TC004_TransferFundsTest.java:152)
at java.base/java.util.ArrayList.forEach(ArrayList.java:1511)
... Removed 30 stack frames]]>
    </failure>
  </testcase> <!-- TransferFundsWithDecimalAmountTest -->
  <testcase classname="testCases.TC004_TransferFundsTest" name="TransferFundsWithSpecialCharactersTest" time="10.031">
    <failure type="java.lang.AssertionError" message="Exception occurred: no such element: Unable to locate element: {&amp;quot;method&amp;quot;:&amp;quot;css selector&amp;quot;,&amp;quot;selector&amp;quot;:&amp;quot;*[name=&amp;apos;username&amp;apos;]&amp;quot;}
  (Session info: chrome=142.0.7444.61)
For documentation on this error, please visit: https://www.selenium.dev/documentation/webdriver/troubleshooting/errors#no-such-element-exception
Build info: version: &amp;apos;4.35.0&amp;apos;, revision: &amp;apos;1c58e5028b&amp;apos;
System info: os.name: &amp;apos;Windows 10&amp;apos;, os.arch: &amp;apos;amd64&amp;apos;, os.version: &amp;apos;10.0&amp;apos;, java.version: &amp;apos;17.0.4&amp;apos;
Driver info: org.openqa.selenium.chrome.ChromeDriver
Command: [9c8f0d9ceadd0bdab72b3e433b9079fd, findElement {using=name, value=username}]
Capabilities {acceptInsecureCerts: false, browserName: chrome, browserVersion: 142.0.7444.61, chrome: {chromedriverVersion: 142.0.7444.61 (9884f628acbc..., userDataDir: C:\Users\ADMIN\AppData\Loca...}, fedcm:accounts: true, goog:chromeOptions: {debuggerAddress: localhost:55931}, goog:processID: 8520, networkConnectionEnabled: false, pageLoadStrategy: normal, platformName: windows, proxy: Proxy(), se:cdp: ws://localhost:55931/devtoo..., se:cdpVersion: 142.0.7444.61, setWindowRect: true, strictFileInteractability: false, timeouts: {implicit: 0, pageLoad: 300000, script: 30000}, unhandledPromptBehavior: dismiss and notify, webauthn:extension:credBlob: true, webauthn:extension:largeBlob: true, webauthn:extension:minPinLength: true, webauthn:extension:prf: true, webauthn:virtualAuthenticators: true}
Session ID: 9c8f0d9ceadd0bdab72b3e433b9079fd">
      <![CDATA[java.lang.AssertionError: Exception occurred: no such element: Unable to locate element: {"method":"css selector","selector":"*[name='username']"}
  (Session info: chrome=142.0.7444.61)
For documentation on this error, please visit: https://www.selenium.dev/documentation/webdriver/troubleshooting/errors#no-such-element-exception
Build info: version: '4.35.0', revision: '1c58e5028b'
System info: os.name: 'Windows 10', os.arch: 'amd64', os.version: '10.0', java.version: '17.0.4'
Driver info: org.openqa.selenium.chrome.ChromeDriver
Command: [9c8f0d9ceadd0bdab72b3e433b9079fd, findElement {using=name, value=username}]
Capabilities {acceptInsecureCerts: false, browserName: chrome, browserVersion: 142.0.7444.61, chrome: {chromedriverVersion: 142.0.7444.61 (9884f628acbc..., userDataDir: C:\Users\ADMIN\AppData\Loca...}, fedcm:accounts: true, goog:chromeOptions: {debuggerAddress: localhost:55931}, goog:processID: 8520, networkConnectionEnabled: false, pageLoadStrategy: normal, platformName: windows, proxy: Proxy(), se:cdp: ws://localhost:55931/devtoo..., se:cdpVersion: 142.0.7444.61, setWindowRect: true, strictFileInteractability: false, timeouts: {implicit: 0, pageLoad: 300000, script: 30000}, unhandledPromptBehavior: dismiss and notify, webauthn:extension:credBlob: true, webauthn:extension:largeBlob: true, webauthn:extension:minPinLength: true, webauthn:extension:prf: true, webauthn:virtualAuthenticators: true}
Session ID: 9c8f0d9ceadd0bdab72b3e433b9079fd
at testCases.TC004_TransferFundsTest.TransferFundsWithSpecialCharactersTest(TC004_TransferFundsTest.java:194)
at java.base/java.util.ArrayList.forEach(ArrayList.java:1511)
... Removed 28 stack frames]]>
    </failure>
  </testcase> <!-- TransferFundsWithSpecialCharactersTest -->
  <testcase classname="testCases.TC004_TransferFundsTest" name="TransferFundsWithExcessiveAmountTest" time="10.014">
    <failure type="java.lang.AssertionError" message="Exception occurred: no such element: Unable to locate element: {&amp;quot;method&amp;quot;:&amp;quot;css selector&amp;quot;,&amp;quot;selector&amp;quot;:&amp;quot;*[name=&amp;apos;username&amp;apos;]&amp;quot;}
  (Session info: chrome=142.0.7444.61)
For documentation on this error, please visit: https://www.selenium.dev/documentation/webdriver/troubleshooting/errors#no-such-element-exception
Build info: version: &amp;apos;4.35.0&amp;apos;, revision: &amp;apos;1c58e5028b&amp;apos;
System info: os.name: &amp;apos;Windows 10&amp;apos;, os.arch: &amp;apos;amd64&amp;apos;, os.version: &amp;apos;10.0&amp;apos;, java.version: &amp;apos;17.0.4&amp;apos;
Driver info: org.openqa.selenium.chrome.ChromeDriver
Command: [9c8f0d9ceadd0bdab72b3e433b9079fd, findElement {using=name, value=username}]
Capabilities {acceptInsecureCerts: false, browserName: chrome, browserVersion: 142.0.7444.61, chrome: {chromedriverVersion: 142.0.7444.61 (9884f628acbc..., userDataDir: C:\Users\ADMIN\AppData\Loca...}, fedcm:accounts: true, goog:chromeOptions: {debuggerAddress: localhost:55931}, goog:processID: 8520, networkConnectionEnabled: false, pageLoadStrategy: normal, platformName: windows, proxy: Proxy(), se:cdp: ws://localhost:55931/devtoo..., se:cdpVersion: 142.0.7444.61, setWindowRect: true, strictFileInteractability: false, timeouts: {implicit: 0, pageLoad: 300000, script: 30000}, unhandledPromptBehavior: dismiss and notify, webauthn:extension:credBlob: true, webauthn:extension:largeBlob: true, webauthn:extension:minPinLength: true, webauthn:extension:prf: true, webauthn:virtualAuthenticators: true}
Session ID: 9c8f0d9ceadd0bdab72b3e433b9079fd">
      <![CDATA[java.lang.AssertionError: Exception occurred: no such element: Unable to locate element: {"method":"css selector","selector":"*[name='username']"}
  (Session info: chrome=142.0.7444.61)
For documentation on this error, please visit: https://www.selenium.dev/documentation/webdriver/troubleshooting/errors#no-such-element-exception
Build info: version: '4.35.0', revision: '1c58e5028b'
System info: os.name: 'Windows 10', os.arch: 'amd64', os.version: '10.0', java.version: '17.0.4'
Driver info: org.openqa.selenium.chrome.ChromeDriver
Command: [9c8f0d9ceadd0bdab72b3e433b9079fd, findElement {using=name, value=username}]
Capabilities {acceptInsecureCerts: false, browserName: chrome, browserVersion: 142.0.7444.61, chrome: {chromedriverVersion: 142.0.7444.61 (9884f628acbc..., userDataDir: C:\Users\ADMIN\AppData\Loca...}, fedcm:accounts: true, goog:chromeOptions: {debuggerAddress: localhost:55931}, goog:processID: 8520, networkConnectionEnabled: false, pageLoadStrategy: normal, platformName: windows, proxy: Proxy(), se:cdp: ws://localhost:55931/devtoo..., se:cdpVersion: 142.0.7444.61, setWindowRect: true, strictFileInteractability: false, timeouts: {implicit: 0, pageLoad: 300000, script: 30000}, unhandledPromptBehavior: dismiss and notify, webauthn:extension:credBlob: true, webauthn:extension:largeBlob: true, webauthn:extension:minPinLength: true, webauthn:extension:prf: true, webauthn:virtualAuthenticators: true}
Session ID: 9c8f0d9ceadd0bdab72b3e433b9079fd
at testCases.TC004_TransferFundsTest.TransferFundsWithExcessiveAmountTest(TC004_TransferFundsTest.java:230)
at java.base/java.util.ArrayList.forEach(ArrayList.java:1511)
... Removed 28 stack frames]]>
    </failure>
  </testcase> <!-- TransferFundsWithExcessiveAmountTest -->
  <testcase classname="testCases.TC005_BillPayTest" name="BillPayWithValidDetailsTest" time="11.91"/>
  <testcase classname="testCases.TC005_BillPayTest" name="BillPayWithoutPayeeNameTest" time="3.665"/>
  <testcase classname="testCases.TC005_BillPayTest" name="BillPayWithoutAddressTest" time="3.612"/>
  <testcase classname="testCases.TC005_BillPayTest" name="BillPayWithoutCityTest" time="3.752"/>
  <testcase classname="testCases.TC005_BillPayTest" name="BillPayWithoutStateTest" time="3.474"/>
  <testcase classname="testCases.TC005_BillPayTest" name="BillPayWithoutPhoneTest" time="3.572"/>
  <testcase classname="testCases.TC005_BillPayTest" name="BillPayWithoutAccountNumberTest" time="3.5"/>
  <testcase classname="testCases.TC005_BillPayTest" name="BillPayWithoutVerifyAccountTest" time="3.547"/>
  <testcase classname="testCases.TC005_BillPayTest" name="BillPayWithoutAmountTest" time="3.457"/>
  <testcase classname="testCases.TC005_BillPayTest" name="BillPayWithMismatchedAccountNumbersTest" time="3.589"/>
  <testcase classname="testCases.TC005_BillPayTest" name="BillPayWithNonNumericAccountNumberTest" time="3.502"/>
  <testcase classname="testCases.TC005_BillPayTest" name="BillPayWithNonNumericAmountTest" time="3.543"/>
  <testcase classname="testCases.TC005_BillPayTest" name="BillPayWithAllFieldsEmptyTest" time="3.263"/>
  <testcase classname="testCases.TC005_BillPayTest" name="BillPayWithDecimalAmountTest" time="3.604"/>
  <testcase classname="testCases.TC006_ApplyLoanTest" name="VerifyApplyLoan" time="7.224"/>
  <testcase classname="testCases.TC006_ApplyLoanTest" name="ApplyLoanWithoutAmountTest" time="3.048"/>
  <testcase classname="testCases.TC006_ApplyLoanTest" name="ApplyLoanWithoutDownPaymentTest" time="3.127"/>
  <testcase classname="testCases.TC006_ApplyLoanTest" name="ApplyLoanWithNonNumericAmountTest" time="2.999"/>
  <testcase classname="testCases.TC006_ApplyLoanTest" name="ApplyLoanWithNonNumericDownPaymentTest" time="2.936"/>
  <testcase classname="testCases.TC006_ApplyLoanTest" name="ApplyLoanWithExcessiveAmountTest" time="3.302"/>
  <testcase classname="testCases.TC006_ApplyLoanTest" name="ApplyLoanWithSpecialCharactersInAmountTest" time="3.018"/>
  <testcase classname="testCases.TC006_ApplyLoanTest" name="ApplyLoanWithEmptySubmissionTest" time="2.944"/>
  <testcase classname="testCases.TC006_ApplyLoanTest" name="ApplyLoanWithAmountLessThanDownPaymentTest" time="3.108"/>
  <testcase classname="testCases.TC006_ApplyLoanTest" name="ApplyLoanWithZeroAmountTest" time="3.541"/>
  <testcase classname="testCases.TC006_ApplyLoanTest" name="ApplyLoanWithNegativeAmountTest" time="3.064"/>
  <testcase classname="testCases.TC006_ApplyLoanTest" name="ApplyLoanWithUnrealisticCombinationTest" time="3.088"/>
  <testcase classname="testCases.TC006_ApplyLoanTest" name="ApplyLoanWithInsufficientBalanceTest" time="2.971"/>
  <testcase classname="testCases.TC006_ApplyLoanTest" name="VerifyApplyLoanWithDecimalAmountTest" time="6.171"/>
  <testcase classname="testCases.TC007_LoginDDT" name="verify_Loginddt" time="2.671"/>
  <testcase classname="testCases.TC007_LoginDDT" name="verify_Loginddt" time="12.268"/>
  <testcase classname="testCases.TC007_LoginDDT" name="verify_Loginddt" time="12.399"/>
  <testcase classname="testCases.TC007_LoginDDT" name="verify_Loginddt" time="2.547"/>
  <testcase classname="testCases.TC007_LoginDDT" name="verify_Loginddt" time="12.36"/>
  <testcase classname="testCases.TC008_HomePageTest" name="VerifyHomePage" time="19.365"/>
  <testcase classname="testCases.TC009_FooterTest" name="VerifyFooterSection" time="13.619"/>
  <testcase classname="testCases.TC010_AccountOverview" name="verifyAccountOverview" time="10.129"/>
</testsuite> <!-- ParaBanking Test -->
