<?xml version="1.0" encoding="UTF-8"?>
<!-- Generated by org.testng.reporters.JUnitXMLReporter -->
<testsuite ignored="0" hostname="DESKTOP-QBF8APR" failures="0" tests="14" name="ParaBanking Test" time="52.631" errors="0" timestamp="2025-11-03T19:30:29 IST">
  <testcase classname="testCases.TC006_ApplyLoanTest" name="VerifyApplyLoan" time="6.493"/>
  <testcase classname="testCases.TC006_ApplyLoanTest" name="ApplyLoanWithoutAmountTest" time="3.202"/>
  <testcase classname="testCases.TC006_ApplyLoanTest" name="ApplyLoanWithoutDownPaymentTest" time="3.017"/>
  <testcase classname="testCases.TC006_ApplyLoanTest" name="ApplyLoanWithNonNumericAmountTest" time="2.909"/>
  <testcase classname="testCases.TC006_ApplyLoanTest" name="ApplyLoanWithNonNumericDownPaymentTest" time="3.01"/>
  <testcase classname="testCases.TC006_ApplyLoanTest" name="ApplyLoanWithExcessiveAmountTest" time="3.028"/>
  <testcase classname="testCases.TC006_ApplyLoanTest" name="ApplyLoanWithSpecialCharactersInAmountTest" time="2.945"/>
  <testcase classname="testCases.TC006_ApplyLoanTest" name="ApplyLoanWithEmptySubmissionTest" time="2.872"/>
  <testcase classname="testCases.TC006_ApplyLoanTest" name="ApplyLoanWithAmountLessThanDownPaymentTest" time="3.195"/>
  <testcase classname="testCases.TC006_ApplyLoanTest" name="ApplyLoanWithZeroAmountTest" time="3.548"/>
  <testcase classname="testCases.TC006_ApplyLoanTest" name="ApplyLoanWithNegativeAmountTest" time="2.952"/>
  <testcase classname="testCases.TC006_ApplyLoanTest" name="ApplyLoanWithUnrealisticCombinationTest" time="3.041"/>
  <testcase classname="testCases.TC006_ApplyLoanTest" name="ApplyLoanWithInsufficientBalanceTest" time="3.017"/>
  <testcase classname="testCases.TC006_ApplyLoanTest" name="VerifyApplyLoanWithDecimalAmountTest" time="6.087"/>
</testsuite> <!-- ParaBanking Test -->
