<?xml version="1.0" encoding="UTF-8"?>
<!-- Generated by org.testng.reporters.JUnitXMLReporter -->
<testsuite ignored="0" hostname="DESKTOP-QBF8APR" failures="0" tests="12" name="ParaBanking Test" time="18.68" errors="0" timestamp="2025-10-29T22:23:48 IST">
  <testcase classname="testCases.TC001_RegisterTest" name="RegisterTest" time="1.503"/>
  <testcase classname="testCases.TC001_RegisterTest" name="RegisterWithMissingFirstName" time="1.27"/>
  <testcase classname="testCases.TC001_RegisterTest" name="RegisterWithMissingLastName" time="1.262"/>
  <testcase classname="testCases.TC001_RegisterTest" name="RegisterWithMissingAddress" time="1.164"/>
  <testcase classname="testCases.TC001_RegisterTest" name="RegisterWithMissingCity" time="1.103"/>
  <testcase classname="testCases.TC001_RegisterTest" name="RegisterWithMissingState" time="1.075"/>
  <testcase classname="testCases.TC001_RegisterTest" name="RegisterWithMissingZipCode" time="1.129"/>
  <testcase classname="testCases.TC001_RegisterTest" name="RegisterWithMissingSSN" time="2.107"/>
  <testcase classname="testCases.TC001_RegisterTest" name="RegisterWithMissingUsername" time="1.136"/>
  <testcase classname="testCases.TC001_RegisterTest" name="RegisterWithMissingPassword" time="1.192"/>
  <testcase classname="testCases.TC001_RegisterTest" name="RegisterWithMismatchedPasswords" time="1.148"/>
  <testcase classname="testCases.TC001_RegisterTest" name="RegisterWithExistingUsername" time="1.102"/>
</testsuite> <!-- ParaBanking Test -->
