<?xml version="1.0" encoding="UTF-8"?>
<!-- Generated by org.testng.reporters.JUnitXMLReporter -->
<testsuite ignored="0" hostname="DESKTOP-QBF8APR" failures="0" tests="70" name="ParaBanking Test" time="310.348" errors="0" timestamp="2025-11-03T19:58:27 IST">
  <testcase classname="testCases.TC001_RegisterTest" name="RegisterTest" time="1.624"/>
  <testcase classname="testCases.TC001_RegisterTest" name="RegisterWithMissingFirstName" time="1.118"/>
  <testcase classname="testCases.TC001_RegisterTest" name="RegisterWithMissingLastName" time="1.166"/>
  <testcase classname="testCases.TC001_RegisterTest" name="RegisterWithMissingAddress" time="1.054"/>
  <testcase classname="testCases.TC001_RegisterTest" name="RegisterWithMissingCity" time="1.075"/>
  <testcase classname="testCases.TC001_RegisterTest" name="RegisterWithMissingState" time="1.1"/>
  <testcase classname="testCases.TC001_RegisterTest" name="RegisterWithMissingZipCode" time="1.068"/>
  <testcase classname="testCases.TC001_RegisterTest" name="RegisterWithMissingSSN" time="2.049"/>
  <testcase classname="testCases.TC001_RegisterTest" name="RegisterWithMissingUsername" time="1.135"/>
  <testcase classname="testCases.TC001_RegisterTest" name="RegisterWithMissingPassword" time="1.115"/>
  <testcase classname="testCases.TC001_RegisterTest" name="RegisterWithMismatchedPasswords" time="1.145"/>
  <testcase classname="testCases.TC001_RegisterTest" name="RegisterWithExistingUsername" time="1.106"/>
  <testcase classname="testCases.TC002_LoginTest" name="loginTest" time="4.738"/>
  <testcase classname="testCases.TC002_LoginTest" name="loginWithInvalidPassword" time="0.37"/>
  <testcase classname="testCases.TC002_LoginTest" name="loginWithBothInvalidCredentials" time="0.319"/>
  <testcase classname="testCases.TC002_LoginTest" name="loginWithEmptyUsername" time="0.781"/>
  <testcase classname="testCases.TC002_LoginTest" name="loginWithEmptyPassword" time="0.306"/>
  <testcase classname="testCases.TC002_LoginTest" name="loginWithBothFieldsEmpty" time="0.244"/>
  <testcase classname="testCases.TC002_LoginTest" name="loginWithSQLInjection" time="0.282"/>
  <testcase classname="testCases.TC002_LoginTest" name="loginWithSpecialCharacters" time="0.263"/>
  <testcase classname="testCases.TC002_LoginTest" name="loginWithSpacesInCredentials" time="0.292"/>
  <testcase classname="testCases.TC002_LoginTest" name="loginWithCaseSensitiveUsername" time="0.711"/>
  <testcase classname="testCases.TC002_LoginTest" name="loginWithExcessivelyLongUsername" time="0.543"/>
  <testcase classname="testCases.TC002_LoginTest" name="loginWithScriptTags" time="0.361"/>
  <testcase classname="testCases.TC003_OpenNewAccountTest" name="OpenNewAccountTest" time="6.691"/>
  <testcase classname="testCases.TC003_OpenNewAccountTest" name="OpenCheckingAccountTest" time="8.662"/>
  <testcase classname="testCases.TC003_OpenNewAccountTest" name="VerifyAccountDetailsNavigationTest" time="8.791"/>
  <testcase classname="testCases.TC003_OpenNewAccountTest" name="VerifyBackButtonAfterAccountCreationTest" time="8.565"/>
  <testcase classname="testCases.TC004_TransferFundsTest" name="TransferFundsWithAmountTest" time="13.407"/>
  <testcase classname="testCases.TC004_TransferFundsTest" name="TransferFundsWithoutAmountTest" time="6.086"/>
  <testcase classname="testCases.TC004_TransferFundsTest" name="TransferFundsWithInvalidAmountTest" time="6.041"/>
  <testcase classname="testCases.TC004_TransferFundsTest" name="TransferFundsWithDecimalAmountTest" time="8.173"/>
  <testcase classname="testCases.TC004_TransferFundsTest" name="TransferFundsWithSpecialCharactersTest" time="6.197"/>
  <testcase classname="testCases.TC004_TransferFundsTest" name="TransferFundsWithExcessiveAmountTest" time="2.885"/>
  <testcase classname="testCases.TC005_BillPayTest" name="BillPayWithValidDetailsTest" time="11.798"/>
  <testcase classname="testCases.TC005_BillPayTest" name="BillPayWithoutPayeeNameTest" time="3.334"/>
  <testcase classname="testCases.TC005_BillPayTest" name="BillPayWithoutAddressTest" time="3.476"/>
  <testcase classname="testCases.TC005_BillPayTest" name="BillPayWithoutCityTest" time="3.337"/>
  <testcase classname="testCases.TC005_BillPayTest" name="BillPayWithoutStateTest" time="3.265"/>
  <testcase classname="testCases.TC005_BillPayTest" name="BillPayWithoutPhoneTest" time="3.404"/>
  <testcase classname="testCases.TC005_BillPayTest" name="BillPayWithoutAccountNumberTest" time="3.332"/>
  <testcase classname="testCases.TC005_BillPayTest" name="BillPayWithoutVerifyAccountTest" time="3.318"/>
  <testcase classname="testCases.TC005_BillPayTest" name="BillPayWithoutAmountTest" time="3.449"/>
  <testcase classname="testCases.TC005_BillPayTest" name="BillPayWithMismatchedAccountNumbersTest" time="3.37"/>
  <testcase classname="testCases.TC005_BillPayTest" name="BillPayWithNonNumericAccountNumberTest" time="3.353"/>
  <testcase classname="testCases.TC005_BillPayTest" name="BillPayWithNonNumericAmountTest" time="3.485"/>
  <testcase classname="testCases.TC005_BillPayTest" name="BillPayWithAllFieldsEmptyTest" time="3.116"/>
  <testcase classname="testCases.TC005_BillPayTest" name="BillPayWithDecimalAmountTest" time="3.377"/>
  <testcase classname="testCases.TC006_ApplyLoanTest" name="VerifyApplyLoan" time="6.221"/>
  <testcase classname="testCases.TC006_ApplyLoanTest" name="ApplyLoanWithoutAmountTest" time="2.894"/>
  <testcase classname="testCases.TC006_ApplyLoanTest" name="ApplyLoanWithoutDownPaymentTest" time="2.983"/>
  <testcase classname="testCases.TC006_ApplyLoanTest" name="ApplyLoanWithNonNumericAmountTest" time="2.89"/>
  <testcase classname="testCases.TC006_ApplyLoanTest" name="ApplyLoanWithNonNumericDownPaymentTest" time="2.926"/>
  <testcase classname="testCases.TC006_ApplyLoanTest" name="ApplyLoanWithExcessiveAmountTest" time="3.052"/>
  <testcase classname="testCases.TC006_ApplyLoanTest" name="ApplyLoanWithSpecialCharactersInAmountTest" time="2.915"/>
  <testcase classname="testCases.TC006_ApplyLoanTest" name="ApplyLoanWithEmptySubmissionTest" time="2.8"/>
  <testcase classname="testCases.TC006_ApplyLoanTest" name="ApplyLoanWithAmountLessThanDownPaymentTest" time="3.041"/>
  <testcase classname="testCases.TC006_ApplyLoanTest" name="ApplyLoanWithZeroAmountTest" time="3.483"/>
  <testcase classname="testCases.TC006_ApplyLoanTest" name="ApplyLoanWithNegativeAmountTest" time="3.022"/>
  <testcase classname="testCases.TC006_ApplyLoanTest" name="ApplyLoanWithUnrealisticCombinationTest" time="3.029"/>
  <testcase classname="testCases.TC006_ApplyLoanTest" name="ApplyLoanWithInsufficientBalanceTest" time="2.984"/>
  <testcase classname="testCases.TC006_ApplyLoanTest" name="VerifyApplyLoanWithDecimalAmountTest" time="5.99"/>
  <testcase classname="testCases.TC007_LoginDDT" name="verify_Loginddt" time="3.079"/>
  <testcase classname="testCases.TC007_LoginDDT" name="verify_Loginddt" time="12.272"/>
  <testcase classname="testCases.TC007_LoginDDT" name="verify_Loginddt" time="12.364"/>
  <testcase classname="testCases.TC007_LoginDDT" name="verify_Loginddt" time="2.549"/>
  <testcase classname="testCases.TC007_LoginDDT" name="verify_Loginddt" time="12.264"/>
  <testcase classname="testCases.TC008_HomePageTest" name="VerifyHomePage" time="18.281"/>
  <testcase classname="testCases.TC009_FooterTest" name="VerifyFooterSection" time="14.931"/>
  <testcase classname="testCases.TC010_AccountOverview" name="verifyAccountOverview" time="9.89"/>
</testsuite> <!-- ParaBanking Test -->
