<?xml version="1.0" encoding="UTF-8"?>
<!-- Generated by org.testng.reporters.JUnitXMLReporter -->
<testsuite ignored="0" hostname="DESKTOP-QBF8APR" failures="0" tests="12" name="Windows-Edge" time="13.751" errors="0" timestamp="2025-11-03T21:44:53 IST">
  <testcase classname="testCases.TC002_LoginTest" name="loginTest" time="4.918"/>
  <testcase classname="testCases.TC002_LoginTest" name="loginWithInvalidPassword" time="0.423"/>
  <testcase classname="testCases.TC002_LoginTest" name="loginWithBothInvalidCredentials" time="0.369"/>
  <testcase classname="testCases.TC002_LoginTest" name="loginWithEmptyUsername" time="0.3"/>
  <testcase classname="testCases.TC002_LoginTest" name="loginWithEmptyPassword" time="0.347"/>
  <testcase classname="testCases.TC002_LoginTest" name="loginWithBothFieldsEmpty" time="0.33"/>
  <testcase classname="testCases.TC002_LoginTest" name="loginWithSQLInjection" time="0.313"/>
  <testcase classname="testCases.TC002_LoginTest" name="loginWithSpecialCharacters" time="0.332"/>
  <testcase classname="testCases.TC002_LoginTest" name="loginWithSpacesInCredentials" time="0.979"/>
  <testcase classname="testCases.TC002_LoginTest" name="loginWithCaseSensitiveUsername" time="0.4"/>
  <testcase classname="testCases.TC002_LoginTest" name="loginWithExcessivelyLongUsername" time="0.606"/>
  <testcase classname="testCases.TC002_LoginTest" name="loginWithScriptTags" time="0.413"/>
</testsuite> <!-- Windows-Edge -->
