<?xml version="1.0" encoding="UTF-8"?>
<!-- Generated by org.testng.reporters.JUnitXMLReporter -->
<testsuite ignored="0" hostname="DESKTOP-QBF8APR" failures="0" tests="12" name="Windows-Chrome" time="19.069" errors="0" timestamp="2025-11-03T21:44:39 IST">
  <testcase classname="testCases.TC002_LoginTest" name="loginTest" time="5.099"/>
  <testcase classname="testCases.TC002_LoginTest" name="loginWithInvalidPassword" time="0.509"/>
  <testcase classname="testCases.TC002_LoginTest" name="loginWithBothInvalidCredentials" time="0.512"/>
  <testcase classname="testCases.TC002_LoginTest" name="loginWithEmptyUsername" time="0.298"/>
  <testcase classname="testCases.TC002_LoginTest" name="loginWithEmptyPassword" time="0.336"/>
  <testcase classname="testCases.TC002_LoginTest" name="loginWithBothFieldsEmpty" time="0.293"/>
  <testcase classname="testCases.TC002_LoginTest" name="loginWithSQLInjection" time="0.349"/>
  <testcase classname="testCases.TC002_LoginTest" name="loginWithSpecialCharacters" time="0.371"/>
  <testcase classname="testCases.TC002_LoginTest" name="loginWithSpacesInCredentials" time="0.482"/>
  <testcase classname="testCases.TC002_LoginTest" name="loginWithCaseSensitiveUsername" time="0.504"/>
  <testcase classname="testCases.TC002_LoginTest" name="loginWithExcessivelyLongUsername" time="0.753"/>
  <testcase classname="testCases.TC002_LoginTest" name="loginWithScriptTags" time="0.563"/>
</testsuite> <!-- Windows-Chrome -->
