<!DOCTYPE html PUBLIC "-//W3C//DTD XHTML 1.1//EN" "https://www.w3.org/TR/xhtml11/DTD/xhtml11.dtd">
<html xmlns="https://www.w3.org/1999/xhtml">
<head>
<meta http-equiv="content-type" content="text/html; charset=UTF-8"/>
<title>TestNG Report</title>
<style type="text/css">table {margin-bottom:10px;border-collapse:collapse;empty-cells:show}th,td {border:1px solid #009;padding:.25em .5em}th {vertical-align:bottom}td {vertical-align:top}table a {font-weight:bold}.stripe td {background-color: #E6EBF9}.num {text-align:right}.passedodd td {background-color: #3F3}.passedeven td {background-color: #0A0}.skippedodd td {background-color: #DDD}.skippedeven td {background-color: #CCC}.failedodd td,.attn {background-color: #F33}.failedeven td,.stripe .attn {background-color: #D00}.stacktrace {white-space:pre;font-family:monospace}.totop {font-size:85%;text-align:center;border-bottom:2px solid #000}.invisible {display:none}</style>
</head>
<body>
<table>
<tr><th>Test</th><th># Passed</th><th># Skipped</th><th># Retried</th><th># Failed</th><th>Time (ms)</th><th>Included Groups</th><th>Excluded Groups</th></tr>
<tr><th colspan="8">ParaBankingSuite</th></tr>
<tr><td><a href="#t0">ParaBanking Test</a></td><td class="num">67</td><td class="num">0</td><td class="num">0</td><td class="num attn">3</td><td class="num">336,318</td><td></td><td></td></tr>
</table>
<table id='summary'><thead><tr><th>Class</th><th>Method</th><th>Start</th><th>Time (ms)</th></tr></thead><tbody><tr><th colspan="4">ParaBankingSuite</th></tr></tbody><tbody id="t0"><tr><th colspan="4">ParaBanking Test &#8212; failed</th></tr><tr class="failedeven"><td rowspan="3">testCases.TC004_TransferFundsTest</td><td><a href="#m0">TransferFundsWithDecimalAmountTest</a></td><td rowspan="1">1762876673052</td><td rowspan="1">8032</td></tr><tr class="failedeven"><td><a href="#m1">TransferFundsWithExcessiveAmountTest</a></td><td rowspan="1">1762876691382</td><td rowspan="1">10014</td></tr><tr class="failedeven"><td><a href="#m2">TransferFundsWithSpecialCharactersTest</a></td><td rowspan="1">1762876681209</td><td rowspan="1">10031</td></tr><tr><th colspan="4">ParaBanking Test &#8212; passed</th></tr><tr class="passedeven"><td rowspan="12">testCases.TC001_RegisterTest</td><td><a href="#m3">RegisterTest</a></td><td rowspan="1">1762876580022</td><td rowspan="1">2024</td></tr><tr class="passedeven"><td><a href="#m4">RegisterWithExistingUsername</a></td><td rowspan="1">1762876595887</td><td rowspan="1">1388</td></tr><tr class="passedeven"><td><a href="#m5">RegisterWithMismatchedPasswords</a></td><td rowspan="1">1762876594592</td><td rowspan="1">1294</td></tr><tr class="passedeven"><td><a href="#m6">RegisterWithMissingAddress</a></td><td rowspan="1">1762876584918</td><td rowspan="1">1177</td></tr><tr class="passedeven"><td><a href="#m7">RegisterWithMissingCity</a></td><td rowspan="1">1762876586101</td><td rowspan="1">1241</td></tr><tr class="passedeven"><td><a href="#m8">RegisterWithMissingFirstName</a></td><td rowspan="1">1762876582107</td><td rowspan="1">1461</td></tr><tr class="passedeven"><td><a href="#m9">RegisterWithMissingLastName</a></td><td rowspan="1">1762876583570</td><td rowspan="1">1340</td></tr><tr class="passedeven"><td><a href="#m10">RegisterWithMissingPassword</a></td><td rowspan="1">1762876593361</td><td rowspan="1">1228</td></tr><tr class="passedeven"><td><a href="#m11">RegisterWithMissingSSN</a></td><td rowspan="1">1762876589941</td><td rowspan="1">2147</td></tr><tr class="passedeven"><td><a href="#m12">RegisterWithMissingState</a></td><td rowspan="1">1762876587345</td><td rowspan="1">1363</td></tr><tr class="passedeven"><td><a href="#m13">RegisterWithMissingUsername</a></td><td rowspan="1">1762876592090</td><td rowspan="1">1267</td></tr><tr class="passedeven"><td><a href="#m14">RegisterWithMissingZipCode</a></td><td rowspan="1">1762876588712</td><td rowspan="1">1225</td></tr><tr class="passedodd"><td rowspan="12">testCases.TC002_LoginTest</td><td><a href="#m15">loginTest</a></td><td rowspan="1">1762876599136</td><td rowspan="1">4781</td></tr><tr class="passedodd"><td><a href="#m16">loginWithBothFieldsEmpty</a></td><td rowspan="1">1762876605331</td><td rowspan="1">328</td></tr><tr class="passedodd"><td><a href="#m17">loginWithBothInvalidCredentials</a></td><td rowspan="1">1762876604363</td><td rowspan="1">362</td></tr><tr class="passedodd"><td><a href="#m18">loginWithCaseSensitiveUsername</a></td><td rowspan="1">1762876606691</td><td rowspan="1">804</td></tr><tr class="passedodd"><td><a href="#m19">loginWithEmptyPassword</a></td><td rowspan="1">1762876605022</td><td rowspan="1">307</td></tr><tr class="passedodd"><td><a href="#m20">loginWithEmptyUsername</a></td><td rowspan="1">1762876604727</td><td rowspan="1">294</td></tr><tr class="passedodd"><td><a href="#m21">loginWithExcessivelyLongUsername</a></td><td rowspan="1">1762876607497</td><td rowspan="1">1177</td></tr><tr class="passedodd"><td><a href="#m22">loginWithInvalidPassword</a></td><td rowspan="1">1762876603919</td><td rowspan="1">441</td></tr><tr class="passedodd"><td><a href="#m23">loginWithSQLInjection</a></td><td rowspan="1">1762876605666</td><td rowspan="1">341</td></tr><tr class="passedodd"><td><a href="#m24">loginWithScriptTags</a></td><td rowspan="1">1762876608676</td><td rowspan="1">641</td></tr><tr class="passedodd"><td><a href="#m25">loginWithSpacesInCredentials</a></td><td rowspan="1">1762876606344</td><td rowspan="1">345</td></tr><tr class="passedodd"><td><a href="#m26">loginWithSpecialCharacters</a></td><td rowspan="1">1762876606010</td><td rowspan="1">333</td></tr><tr class="passedeven"><td rowspan="4">testCases.TC003_OpenNewAccountTest</td><td><a href="#m27">OpenCheckingAccountTest</a></td><td rowspan="1">1762876618309</td><td rowspan="1">8681</td></tr><tr class="passedeven"><td><a href="#m28">OpenNewAccountTest</a></td><td rowspan="1">1762876610946</td><td rowspan="1">7361</td></tr><tr class="passedeven"><td><a href="#m29">VerifyAccountDetailsNavigationTest</a></td><td rowspan="1">1762876626994</td><td rowspan="1">8952</td></tr><tr class="passedeven"><td><a href="#m30">VerifyBackButtonAfterAccountCreationTest</a></td><td rowspan="1">1762876635949</td><td rowspan="1">8645</td></tr><tr class="passedodd"><td rowspan="3">testCases.TC004_TransferFundsTest</td><td><a href="#m31">TransferFundsWithAmountTest</a></td><td rowspan="1">1762876646020</td><td rowspan="1">13438</td></tr><tr class="passedodd"><td><a href="#m32">TransferFundsWithInvalidAmountTest</a></td><td rowspan="1">1762876666322</td><td rowspan="1">6720</td></tr><tr class="passedodd"><td><a href="#m33">TransferFundsWithoutAmountTest</a></td><td rowspan="1">1762876659461</td><td rowspan="1">6858</td></tr><tr class="passedeven"><td rowspan="14">testCases.TC005_BillPayTest</td><td><a href="#m34">BillPayWithAllFieldsEmptyTest</a></td><td rowspan="1">1762876754464</td><td rowspan="1">3263</td></tr><tr class="passedeven"><td><a href="#m35">BillPayWithDecimalAmountTest</a></td><td rowspan="1">1762876757731</td><td rowspan="1">3604</td></tr><tr class="passedeven"><td><a href="#m36">BillPayWithMismatchedAccountNumbersTest</a></td><td rowspan="1">1762876743810</td><td rowspan="1">3589</td></tr><tr class="passedeven"><td><a href="#m37">BillPayWithNonNumericAccountNumberTest</a></td><td rowspan="1">1762876747405</td><td rowspan="1">3502</td></tr><tr class="passedeven"><td><a href="#m38">BillPayWithNonNumericAmountTest</a></td><td rowspan="1">1762876750911</td><td rowspan="1">3543</td></tr><tr class="passedeven"><td><a href="#m39">BillPayWithValidDetailsTest</a></td><td rowspan="1">1762876703266</td><td rowspan="1">11910</td></tr><tr class="passedeven"><td><a href="#m40">BillPayWithoutAccountNumberTest</a></td><td rowspan="1">1762876733274</td><td rowspan="1">3500</td></tr><tr class="passedeven"><td><a href="#m41">BillPayWithoutAddressTest</a></td><td rowspan="1">1762876718853</td><td rowspan="1">3612</td></tr><tr class="passedeven"><td><a href="#m42">BillPayWithoutAmountTest</a></td><td rowspan="1">1762876740349</td><td rowspan="1">3457</td></tr><tr class="passedeven"><td><a href="#m43">BillPayWithoutCityTest</a></td><td rowspan="1">1762876722469</td><td rowspan="1">3752</td></tr><tr class="passedeven"><td><a href="#m44">BillPayWithoutPayeeNameTest</a></td><td rowspan="1">1762876715180</td><td rowspan="1">3665</td></tr><tr class="passedeven"><td><a href="#m45">BillPayWithoutPhoneTest</a></td><td rowspan="1">1762876729699</td><td rowspan="1">3572</td></tr><tr class="passedeven"><td><a href="#m46">BillPayWithoutStateTest</a></td><td rowspan="1">1762876726222</td><td rowspan="1">3474</td></tr><tr class="passedeven"><td><a href="#m47">BillPayWithoutVerifyAccountTest</a></td><td rowspan="1">1762876736781</td><td rowspan="1">3547</td></tr><tr class="passedodd"><td rowspan="14">testCases.TC006_ApplyLoanTest</td><td><a href="#m48">ApplyLoanWithAmountLessThanDownPaymentTest</a></td><td rowspan="1">1762876791783</td><td rowspan="1">3108</td></tr><tr class="passedodd"><td><a href="#m49">ApplyLoanWithEmptySubmissionTest</a></td><td rowspan="1">1762876788837</td><td rowspan="1">2944</td></tr><tr class="passedodd"><td><a href="#m50">ApplyLoanWithExcessiveAmountTest</a></td><td rowspan="1">1762876782512</td><td rowspan="1">3302</td></tr><tr class="passedodd"><td><a href="#m51">ApplyLoanWithInsufficientBalanceTest</a></td><td rowspan="1">1762876804600</td><td rowspan="1">2971</td></tr><tr class="passedodd"><td><a href="#m52">ApplyLoanWithNegativeAmountTest</a></td><td rowspan="1">1762876798437</td><td rowspan="1">3064</td></tr><tr class="passedodd"><td><a href="#m53">ApplyLoanWithNonNumericAmountTest</a></td><td rowspan="1">1762876776571</td><td rowspan="1">2999</td></tr><tr class="passedodd"><td><a href="#m54">ApplyLoanWithNonNumericDownPaymentTest</a></td><td rowspan="1">1762876779573</td><td rowspan="1">2936</td></tr><tr class="passedodd"><td><a href="#m55">ApplyLoanWithSpecialCharactersInAmountTest</a></td><td rowspan="1">1762876785817</td><td rowspan="1">3018</td></tr><tr class="passedodd"><td><a href="#m56">ApplyLoanWithUnrealisticCombinationTest</a></td><td rowspan="1">1762876801506</td><td rowspan="1">3088</td></tr><tr class="passedodd"><td><a href="#m57">ApplyLoanWithZeroAmountTest</a></td><td rowspan="1">1762876794894</td><td rowspan="1">3541</td></tr><tr class="passedodd"><td><a href="#m58">ApplyLoanWithoutAmountTest</a></td><td rowspan="1">1762876770389</td><td rowspan="1">3048</td></tr><tr class="passedodd"><td><a href="#m59">ApplyLoanWithoutDownPaymentTest</a></td><td rowspan="1">1762876773441</td><td rowspan="1">3127</td></tr><tr class="passedodd"><td><a href="#m60">VerifyApplyLoan</a></td><td rowspan="1">1762876763163</td><td rowspan="1">7224</td></tr><tr class="passedodd"><td><a href="#m61">VerifyApplyLoanWithDecimalAmountTest</a></td><td rowspan="1">1762876807574</td><td rowspan="1">6171</td></tr><tr class="passedeven"><td rowspan="5">testCases.TC007_LoginDDT</td><td><a href="#m62">verify_Loginddt</a></td><td rowspan="5">1762876847376</td><td rowspan="5">12360</td></tr><tr class="passedeven"><td><a href="#m63">verify_Loginddt</a></td></tr><tr class="passedeven"><td><a href="#m64">verify_Loginddt</a></td></tr><tr class="passedeven"><td><a href="#m65">verify_Loginddt</a></td></tr><tr class="passedeven"><td><a href="#m66">verify_Loginddt</a></td></tr><tr class="passedodd"><td rowspan="1">testCases.TC008_HomePageTest</td><td><a href="#m67">VerifyHomePage</a></td><td rowspan="1">1762876861244</td><td rowspan="1">19365</td></tr><tr class="passedeven"><td rowspan="1">testCases.TC009_FooterTest</td><td><a href="#m68">VerifyFooterSection</a></td><td rowspan="1">1762876882244</td><td rowspan="1">13619</td></tr><tr class="passedodd"><td rowspan="1">testCases.TC010_AccountOverview</td><td><a href="#m69">verifyAccountOverview</a></td><td rowspan="1">1762876897675</td><td rowspan="1">10129</td></tr></tbody>
</table>
<h2>ParaBanking Test</h2><h3 id="m0">testCases.TC004_TransferFundsTest#TransferFundsWithDecimalAmountTest</h3><table class="result"><tr><th>Exception</th></tr><tr><td><div class="stacktrace">java.lang.AssertionError: Transfer failed or confirmation message not found. Actual message:  expected [true] but found [false]
	at testCases.TC004_TransferFundsTest.TransferFundsWithDecimalAmountTest(TC004_TransferFundsTest.java:152)
	at java.base/java.util.ArrayList.forEach(ArrayList.java:1511)
... Removed 30 stack frames</div></td></tr></table><p class="totop"><a href="#summary">back to summary</a></p>
<h3 id="m1">testCases.TC004_TransferFundsTest#TransferFundsWithExcessiveAmountTest</h3><table class="result"><tr><th>Exception</th></tr><tr><td><div class="stacktrace">java.lang.AssertionError: Exception occurred: no such element: Unable to locate element: {&quot;method&quot;:&quot;css selector&quot;,&quot;selector&quot;:&quot;*[name=&apos;username&apos;]&quot;}
  (Session info: chrome=142.0.7444.61)
For documentation on this error, please visit: https://www.selenium.dev/documentation/webdriver/troubleshooting/errors#no-such-element-exception
Build info: version: &apos;4.35.0&apos;, revision: &apos;1c58e5028b&apos;
System info: os.name: &apos;Windows 10&apos;, os.arch: &apos;amd64&apos;, os.version: &apos;10.0&apos;, java.version: &apos;17.0.4&apos;
Driver info: org.openqa.selenium.chrome.ChromeDriver
Command: [9c8f0d9ceadd0bdab72b3e433b9079fd, findElement {using=name, value=username}]
Capabilities {acceptInsecureCerts: false, browserName: chrome, browserVersion: 142.0.7444.61, chrome: {chromedriverVersion: 142.0.7444.61 (9884f628acbc..., userDataDir: C:\Users\ADMIN\AppData\Loca...}, fedcm:accounts: true, goog:chromeOptions: {debuggerAddress: localhost:55931}, goog:processID: 8520, networkConnectionEnabled: false, pageLoadStrategy: normal, platformName: windows, proxy: Proxy(), se:cdp: ws://localhost:55931/devtoo..., se:cdpVersion: 142.0.7444.61, setWindowRect: true, strictFileInteractability: false, timeouts: {implicit: 0, pageLoad: 300000, script: 30000}, unhandledPromptBehavior: dismiss and notify, webauthn:extension:credBlob: true, webauthn:extension:largeBlob: true, webauthn:extension:minPinLength: true, webauthn:extension:prf: true, webauthn:virtualAuthenticators: true}
Session ID: 9c8f0d9ceadd0bdab72b3e433b9079fd
	at testCases.TC004_TransferFundsTest.TransferFundsWithExcessiveAmountTest(TC004_TransferFundsTest.java:230)
	at java.base/java.util.ArrayList.forEach(ArrayList.java:1511)
... Removed 28 stack frames</div></td></tr></table><p class="totop"><a href="#summary">back to summary</a></p>
<h3 id="m2">testCases.TC004_TransferFundsTest#TransferFundsWithSpecialCharactersTest</h3><table class="result"><tr><th>Exception</th></tr><tr><td><div class="stacktrace">java.lang.AssertionError: Exception occurred: no such element: Unable to locate element: {&quot;method&quot;:&quot;css selector&quot;,&quot;selector&quot;:&quot;*[name=&apos;username&apos;]&quot;}
  (Session info: chrome=142.0.7444.61)
For documentation on this error, please visit: https://www.selenium.dev/documentation/webdriver/troubleshooting/errors#no-such-element-exception
Build info: version: &apos;4.35.0&apos;, revision: &apos;1c58e5028b&apos;
System info: os.name: &apos;Windows 10&apos;, os.arch: &apos;amd64&apos;, os.version: &apos;10.0&apos;, java.version: &apos;17.0.4&apos;
Driver info: org.openqa.selenium.chrome.ChromeDriver
Command: [9c8f0d9ceadd0bdab72b3e433b9079fd, findElement {using=name, value=username}]
Capabilities {acceptInsecureCerts: false, browserName: chrome, browserVersion: 142.0.7444.61, chrome: {chromedriverVersion: 142.0.7444.61 (9884f628acbc..., userDataDir: C:\Users\ADMIN\AppData\Loca...}, fedcm:accounts: true, goog:chromeOptions: {debuggerAddress: localhost:55931}, goog:processID: 8520, networkConnectionEnabled: false, pageLoadStrategy: normal, platformName: windows, proxy: Proxy(), se:cdp: ws://localhost:55931/devtoo..., se:cdpVersion: 142.0.7444.61, setWindowRect: true, strictFileInteractability: false, timeouts: {implicit: 0, pageLoad: 300000, script: 30000}, unhandledPromptBehavior: dismiss and notify, webauthn:extension:credBlob: true, webauthn:extension:largeBlob: true, webauthn:extension:minPinLength: true, webauthn:extension:prf: true, webauthn:virtualAuthenticators: true}
Session ID: 9c8f0d9ceadd0bdab72b3e433b9079fd
	at testCases.TC004_TransferFundsTest.TransferFundsWithSpecialCharactersTest(TC004_TransferFundsTest.java:194)
	at java.base/java.util.ArrayList.forEach(ArrayList.java:1511)
... Removed 28 stack frames</div></td></tr></table><p class="totop"><a href="#summary">back to summary</a></p>
<h3 id="m3">testCases.TC001_RegisterTest#RegisterTest</h3><table class="result"><tr><th class="invisible"/></tr></table><p class="totop"><a href="#summary">back to summary</a></p>
<h3 id="m4">testCases.TC001_RegisterTest#RegisterWithExistingUsername</h3><table class="result"><tr><th class="invisible"/></tr></table><p class="totop"><a href="#summary">back to summary</a></p>
<h3 id="m5">testCases.TC001_RegisterTest#RegisterWithMismatchedPasswords</h3><table class="result"><tr><th class="invisible"/></tr></table><p class="totop"><a href="#summary">back to summary</a></p>
<h3 id="m6">testCases.TC001_RegisterTest#RegisterWithMissingAddress</h3><table class="result"><tr><th class="invisible"/></tr></table><p class="totop"><a href="#summary">back to summary</a></p>
<h3 id="m7">testCases.TC001_RegisterTest#RegisterWithMissingCity</h3><table class="result"><tr><th class="invisible"/></tr></table><p class="totop"><a href="#summary">back to summary</a></p>
<h3 id="m8">testCases.TC001_RegisterTest#RegisterWithMissingFirstName</h3><table class="result"><tr><th class="invisible"/></tr></table><p class="totop"><a href="#summary">back to summary</a></p>
<h3 id="m9">testCases.TC001_RegisterTest#RegisterWithMissingLastName</h3><table class="result"><tr><th class="invisible"/></tr></table><p class="totop"><a href="#summary">back to summary</a></p>
<h3 id="m10">testCases.TC001_RegisterTest#RegisterWithMissingPassword</h3><table class="result"><tr><th class="invisible"/></tr></table><p class="totop"><a href="#summary">back to summary</a></p>
<h3 id="m11">testCases.TC001_RegisterTest#RegisterWithMissingSSN</h3><table class="result"><tr><th class="invisible"/></tr></table><p class="totop"><a href="#summary">back to summary</a></p>
<h3 id="m12">testCases.TC001_RegisterTest#RegisterWithMissingState</h3><table class="result"><tr><th class="invisible"/></tr></table><p class="totop"><a href="#summary">back to summary</a></p>
<h3 id="m13">testCases.TC001_RegisterTest#RegisterWithMissingUsername</h3><table class="result"><tr><th class="invisible"/></tr></table><p class="totop"><a href="#summary">back to summary</a></p>
<h3 id="m14">testCases.TC001_RegisterTest#RegisterWithMissingZipCode</h3><table class="result"><tr><th class="invisible"/></tr></table><p class="totop"><a href="#summary">back to summary</a></p>
<h3 id="m15">testCases.TC002_LoginTest#loginTest</h3><table class="result"><tr><th class="invisible"/></tr></table><p class="totop"><a href="#summary">back to summary</a></p>
<h3 id="m16">testCases.TC002_LoginTest#loginWithBothFieldsEmpty</h3><table class="result"><tr><th class="invisible"/></tr></table><p class="totop"><a href="#summary">back to summary</a></p>
<h3 id="m17">testCases.TC002_LoginTest#loginWithBothInvalidCredentials</h3><table class="result"><tr><th class="invisible"/></tr></table><p class="totop"><a href="#summary">back to summary</a></p>
<h3 id="m18">testCases.TC002_LoginTest#loginWithCaseSensitiveUsername</h3><table class="result"><tr><th class="invisible"/></tr></table><p class="totop"><a href="#summary">back to summary</a></p>
<h3 id="m19">testCases.TC002_LoginTest#loginWithEmptyPassword</h3><table class="result"><tr><th class="invisible"/></tr></table><p class="totop"><a href="#summary">back to summary</a></p>
<h3 id="m20">testCases.TC002_LoginTest#loginWithEmptyUsername</h3><table class="result"><tr><th class="invisible"/></tr></table><p class="totop"><a href="#summary">back to summary</a></p>
<h3 id="m21">testCases.TC002_LoginTest#loginWithExcessivelyLongUsername</h3><table class="result"><tr><th class="invisible"/></tr></table><p class="totop"><a href="#summary">back to summary</a></p>
<h3 id="m22">testCases.TC002_LoginTest#loginWithInvalidPassword</h3><table class="result"><tr><th class="invisible"/></tr></table><p class="totop"><a href="#summary">back to summary</a></p>
<h3 id="m23">testCases.TC002_LoginTest#loginWithSQLInjection</h3><table class="result"><tr><th class="invisible"/></tr></table><p class="totop"><a href="#summary">back to summary</a></p>
<h3 id="m24">testCases.TC002_LoginTest#loginWithScriptTags</h3><table class="result"><tr><th class="invisible"/></tr></table><p class="totop"><a href="#summary">back to summary</a></p>
<h3 id="m25">testCases.TC002_LoginTest#loginWithSpacesInCredentials</h3><table class="result"><tr><th class="invisible"/></tr></table><p class="totop"><a href="#summary">back to summary</a></p>
<h3 id="m26">testCases.TC002_LoginTest#loginWithSpecialCharacters</h3><table class="result"><tr><th class="invisible"/></tr></table><p class="totop"><a href="#summary">back to summary</a></p>
<h3 id="m27">testCases.TC003_OpenNewAccountTest#OpenCheckingAccountTest</h3><table class="result"><tr><th class="invisible"/></tr></table><p class="totop"><a href="#summary">back to summary</a></p>
<h3 id="m28">testCases.TC003_OpenNewAccountTest#OpenNewAccountTest</h3><table class="result"><tr><th class="invisible"/></tr></table><p class="totop"><a href="#summary">back to summary</a></p>
<h3 id="m29">testCases.TC003_OpenNewAccountTest#VerifyAccountDetailsNavigationTest</h3><table class="result"><tr><th class="invisible"/></tr></table><p class="totop"><a href="#summary">back to summary</a></p>
<h3 id="m30">testCases.TC003_OpenNewAccountTest#VerifyBackButtonAfterAccountCreationTest</h3><table class="result"><tr><th class="invisible"/></tr></table><p class="totop"><a href="#summary">back to summary</a></p>
<h3 id="m31">testCases.TC004_TransferFundsTest#TransferFundsWithAmountTest</h3><table class="result"><tr><th class="invisible"/></tr></table><p class="totop"><a href="#summary">back to summary</a></p>
<h3 id="m32">testCases.TC004_TransferFundsTest#TransferFundsWithInvalidAmountTest</h3><table class="result"><tr><th class="invisible"/></tr></table><p class="totop"><a href="#summary">back to summary</a></p>
<h3 id="m33">testCases.TC004_TransferFundsTest#TransferFundsWithoutAmountTest</h3><table class="result"><tr><th class="invisible"/></tr></table><p class="totop"><a href="#summary">back to summary</a></p>
<h3 id="m34">testCases.TC005_BillPayTest#BillPayWithAllFieldsEmptyTest</h3><table class="result"><tr><th class="invisible"/></tr></table><p class="totop"><a href="#summary">back to summary</a></p>
<h3 id="m35">testCases.TC005_BillPayTest#BillPayWithDecimalAmountTest</h3><table class="result"><tr><th class="invisible"/></tr></table><p class="totop"><a href="#summary">back to summary</a></p>
<h3 id="m36">testCases.TC005_BillPayTest#BillPayWithMismatchedAccountNumbersTest</h3><table class="result"><tr><th class="invisible"/></tr></table><p class="totop"><a href="#summary">back to summary</a></p>
<h3 id="m37">testCases.TC005_BillPayTest#BillPayWithNonNumericAccountNumberTest</h3><table class="result"><tr><th class="invisible"/></tr></table><p class="totop"><a href="#summary">back to summary</a></p>
<h3 id="m38">testCases.TC005_BillPayTest#BillPayWithNonNumericAmountTest</h3><table class="result"><tr><th class="invisible"/></tr></table><p class="totop"><a href="#summary">back to summary</a></p>
<h3 id="m39">testCases.TC005_BillPayTest#BillPayWithValidDetailsTest</h3><table class="result"><tr><th class="invisible"/></tr></table><p class="totop"><a href="#summary">back to summary</a></p>
<h3 id="m40">testCases.TC005_BillPayTest#BillPayWithoutAccountNumberTest</h3><table class="result"><tr><th class="invisible"/></tr></table><p class="totop"><a href="#summary">back to summary</a></p>
<h3 id="m41">testCases.TC005_BillPayTest#BillPayWithoutAddressTest</h3><table class="result"><tr><th class="invisible"/></tr></table><p class="totop"><a href="#summary">back to summary</a></p>
<h3 id="m42">testCases.TC005_BillPayTest#BillPayWithoutAmountTest</h3><table class="result"><tr><th class="invisible"/></tr></table><p class="totop"><a href="#summary">back to summary</a></p>
<h3 id="m43">testCases.TC005_BillPayTest#BillPayWithoutCityTest</h3><table class="result"><tr><th class="invisible"/></tr></table><p class="totop"><a href="#summary">back to summary</a></p>
<h3 id="m44">testCases.TC005_BillPayTest#BillPayWithoutPayeeNameTest</h3><table class="result"><tr><th class="invisible"/></tr></table><p class="totop"><a href="#summary">back to summary</a></p>
<h3 id="m45">testCases.TC005_BillPayTest#BillPayWithoutPhoneTest</h3><table class="result"><tr><th class="invisible"/></tr></table><p class="totop"><a href="#summary">back to summary</a></p>
<h3 id="m46">testCases.TC005_BillPayTest#BillPayWithoutStateTest</h3><table class="result"><tr><th class="invisible"/></tr></table><p class="totop"><a href="#summary">back to summary</a></p>
<h3 id="m47">testCases.TC005_BillPayTest#BillPayWithoutVerifyAccountTest</h3><table class="result"><tr><th class="invisible"/></tr></table><p class="totop"><a href="#summary">back to summary</a></p>
<h3 id="m48">testCases.TC006_ApplyLoanTest#ApplyLoanWithAmountLessThanDownPaymentTest</h3><table class="result"><tr><th class="invisible"/></tr></table><p class="totop"><a href="#summary">back to summary</a></p>
<h3 id="m49">testCases.TC006_ApplyLoanTest#ApplyLoanWithEmptySubmissionTest</h3><table class="result"><tr><th class="invisible"/></tr></table><p class="totop"><a href="#summary">back to summary</a></p>
<h3 id="m50">testCases.TC006_ApplyLoanTest#ApplyLoanWithExcessiveAmountTest</h3><table class="result"><tr><th class="invisible"/></tr></table><p class="totop"><a href="#summary">back to summary</a></p>
<h3 id="m51">testCases.TC006_ApplyLoanTest#ApplyLoanWithInsufficientBalanceTest</h3><table class="result"><tr><th class="invisible"/></tr></table><p class="totop"><a href="#summary">back to summary</a></p>
<h3 id="m52">testCases.TC006_ApplyLoanTest#ApplyLoanWithNegativeAmountTest</h3><table class="result"><tr><th class="invisible"/></tr></table><p class="totop"><a href="#summary">back to summary</a></p>
<h3 id="m53">testCases.TC006_ApplyLoanTest#ApplyLoanWithNonNumericAmountTest</h3><table class="result"><tr><th class="invisible"/></tr></table><p class="totop"><a href="#summary">back to summary</a></p>
<h3 id="m54">testCases.TC006_ApplyLoanTest#ApplyLoanWithNonNumericDownPaymentTest</h3><table class="result"><tr><th class="invisible"/></tr></table><p class="totop"><a href="#summary">back to summary</a></p>
<h3 id="m55">testCases.TC006_ApplyLoanTest#ApplyLoanWithSpecialCharactersInAmountTest</h3><table class="result"><tr><th class="invisible"/></tr></table><p class="totop"><a href="#summary">back to summary</a></p>
<h3 id="m56">testCases.TC006_ApplyLoanTest#ApplyLoanWithUnrealisticCombinationTest</h3><table class="result"><tr><th class="invisible"/></tr></table><p class="totop"><a href="#summary">back to summary</a></p>
<h3 id="m57">testCases.TC006_ApplyLoanTest#ApplyLoanWithZeroAmountTest</h3><table class="result"><tr><th class="invisible"/></tr></table><p class="totop"><a href="#summary">back to summary</a></p>
<h3 id="m58">testCases.TC006_ApplyLoanTest#ApplyLoanWithoutAmountTest</h3><table class="result"><tr><th class="invisible"/></tr></table><p class="totop"><a href="#summary">back to summary</a></p>
<h3 id="m59">testCases.TC006_ApplyLoanTest#ApplyLoanWithoutDownPaymentTest</h3><table class="result"><tr><th class="invisible"/></tr></table><p class="totop"><a href="#summary">back to summary</a></p>
<h3 id="m60">testCases.TC006_ApplyLoanTest#VerifyApplyLoan</h3><table class="result"><tr><th class="invisible"/></tr></table><p class="totop"><a href="#summary">back to summary</a></p>
<h3 id="m61">testCases.TC006_ApplyLoanTest#VerifyApplyLoanWithDecimalAmountTest</h3><table class="result"><tr><th class="invisible"/></tr></table><p class="totop"><a href="#summary">back to summary</a></p>
<h3 id="m62">testCases.TC007_LoginDDT#verify_Loginddt</h3><table class="result"><tr class="param"><th>Parameter #1</th><th>Parameter #2</th><th>Parameter #3</th></tr><tr class="param stripe"><td>levi</td><td>hange</td><td>Invalid</td></tr></table><p class="totop"><a href="#summary">back to summary</a></p>
<h3 id="m63">testCases.TC007_LoginDDT#verify_Loginddt</h3><table class="result"><tr class="param"><th>Parameter #1</th><th>Parameter #2</th><th>Parameter #3</th></tr><tr class="param stripe"><td>jiraya</td><td>leaf</td><td>Invalid</td></tr></table><p class="totop"><a href="#summary">back to summary</a></p>
<h3 id="m64">testCases.TC007_LoginDDT#verify_Loginddt</h3><table class="result"><tr class="param"><th>Parameter #1</th><th>Parameter #2</th><th>Parameter #3</th></tr><tr class="param stripe"><td>mikasa@06</td><td>eren</td><td>valid</td></tr></table><p class="totop"><a href="#summary">back to summary</a></p>
<h3 id="m65">testCases.TC007_LoginDDT#verify_Loginddt</h3><table class="result"><tr class="param"><th>Parameter #1</th><th>Parameter #2</th><th>Parameter #3</th></tr><tr class="param stripe"><td>naruto</td><td>hinata</td><td>valid</td></tr></table><p class="totop"><a href="#summary">back to summary</a></p>
<h3 id="m66">testCases.TC007_LoginDDT#verify_Loginddt</h3><table class="result"><tr class="param"><th>Parameter #1</th><th>Parameter #2</th><th>Parameter #3</th></tr><tr class="param stripe"><td>gabi</td><td>falco</td><td>Invalid</td></tr></table><p class="totop"><a href="#summary">back to summary</a></p>
<h3 id="m67">testCases.TC008_HomePageTest#VerifyHomePage</h3><table class="result"><tr><th class="invisible"/></tr></table><p class="totop"><a href="#summary">back to summary</a></p>
<h3 id="m68">testCases.TC009_FooterTest#VerifyFooterSection</h3><table class="result"><tr><th class="invisible"/></tr></table><p class="totop"><a href="#summary">back to summary</a></p>
<h3 id="m69">testCases.TC010_AccountOverview#verifyAccountOverview</h3><table class="result"><tr><th class="invisible"/></tr></table><p class="totop"><a href="#summary">back to summary</a></p>
</body>
</html>
