<?xml version="1.0" encoding="UTF-8"?>
<testng-results ignored="0" total="2" passed="2" failed="0" skipped="0">
  <reporter-output>
  </reporter-output>
  <suite started-at="2025-09-24T19:17:20 IST" name="ParaBankingSuite" finished-at="2025-09-24T19:17:38 IST" duration-ms="18363">
    <groups>
    </groups>
    <test started-at="2025-09-24T19:17:20 IST" name="ParaBanking Test" finished-at="2025-09-24T19:17:38 IST" duration-ms="18363">
      <class name="testCases.TC002_LoginTestCase">
        <test-method is-config="true" signature="setup(java.lang.String,java.lang.String)[pri:0, instance:testCases.TC002_LoginTestCase@606e4010]" started-at="2025-09-24T19:17:31 IST" name="setup" finished-at="2025-09-24T19:17:33 IST" duration-ms="1879" status="PASS">
          <params>
            <param index="0">
              <value>
                <![CDATA[Windows]]>
              </value>
            </param>
            <param index="1">
              <value>
                <![CDATA[chrome]]>
              </value>
            </param>
          </params>
          <reporter-output>
          </reporter-output>
        </test-method> <!-- setup -->
        <test-method signature="loginTest()[pri:0, instance:testCases.TC002_LoginTestCase@606e4010]" started-at="2025-09-24T19:17:33 IST" name="loginTest" finished-at="2025-09-24T19:17:38 IST" duration-ms="4550" status="PASS">
          <reporter-output>
          </reporter-output>
        </test-method> <!-- loginTest -->
        <test-method is-config="true" signature="tearDown()[pri:0, instance:testCases.TC002_LoginTestCase@606e4010]" started-at="2025-09-24T19:17:38 IST" name="tearDown" finished-at="2025-09-24T19:17:38 IST" duration-ms="208" status="PASS">
          <reporter-output>
          </reporter-output>
        </test-method> <!-- tearDown -->
      </class> <!-- testCases.TC002_LoginTestCase -->
      <class name="testCases.TC001_RegisterTestCase">
        <test-method is-config="true" signature="setup(java.lang.String,java.lang.String)[pri:0, instance:testCases.TC001_RegisterTestCase@5f049ea1]" started-at="2025-09-24T19:17:20 IST" name="setup" finished-at="2025-09-24T19:17:29 IST" duration-ms="8947" status="PASS">
          <params>
            <param index="0">
              <value>
                <![CDATA[Windows]]>
              </value>
            </param>
            <param index="1">
              <value>
                <![CDATA[chrome]]>
              </value>
            </param>
          </params>
          <reporter-output>
          </reporter-output>
        </test-method> <!-- setup -->
        <test-method signature="RegisterTest()[pri:0, instance:testCases.TC001_RegisterTestCase@5f049ea1]" started-at="2025-09-24T19:17:29 IST" name="RegisterTest" finished-at="2025-09-24T19:17:31 IST" duration-ms="1822" status="PASS">
          <reporter-output>
          </reporter-output>
        </test-method> <!-- RegisterTest -->
        <test-method is-config="true" signature="tearDown()[pri:0, instance:testCases.TC001_RegisterTestCase@5f049ea1]" started-at="2025-09-24T19:17:31 IST" name="tearDown" finished-at="2025-09-24T19:17:31 IST" duration-ms="277" status="PASS">
          <reporter-output>
          </reporter-output>
        </test-method> <!-- tearDown -->
      </class> <!-- testCases.TC001_RegisterTestCase -->
    </test> <!-- ParaBanking Test -->
  </suite> <!-- ParaBankingSuite -->
</testng-results>
