<?xml version="1.0" encoding="UTF-8"?>
<testng-results ignored="0" total="1" passed="1" failed="0" skipped="0">
  <reporter-output>
  </reporter-output>
  <suite started-at="2025-09-24T22:48:22 IST" name="ParaBankingSuite" finished-at="2025-09-24T22:48:38 IST" duration-ms="15533">
    <groups>
    </groups>
    <test started-at="2025-09-24T22:48:22 IST" name="ParaBanking Test" finished-at="2025-09-24T22:48:38 IST" duration-ms="15533">
      <class name="testCases.TC006_ApplyLoanTest">
        <test-method is-config="true" signature="setup(java.lang.String,java.lang.String)[pri:0, instance:testCases.TC006_ApplyLoanTest@3ba987b8]" started-at="2025-09-24T22:48:22 IST" name="setup" finished-at="2025-09-24T22:48:31 IST" duration-ms="8076" status="PASS">
          <params>
            <param index="0">
              <value>
                <![CDATA[Windows]]>
              </value>
            </param>
            <param index="1">
              <value>
                <![CDATA[chrome]]>
              </value>
            </param>
          </params>
          <reporter-output>
          </reporter-output>
        </test-method> <!-- setup -->
        <test-method signature="VerifyApplyLoan()[pri:0, instance:testCases.TC006_ApplyLoanTest@3ba987b8]" started-at="2025-09-24T22:48:31 IST" name="VerifyApplyLoan" finished-at="2025-09-24T22:48:37 IST" duration-ms="6739" status="PASS">
          <reporter-output>
          </reporter-output>
        </test-method> <!-- VerifyApplyLoan -->
        <test-method is-config="true" signature="tearDown()[pri:0, instance:testCases.TC006_ApplyLoanTest@3ba987b8]" started-at="2025-09-24T22:48:37 IST" name="tearDown" finished-at="2025-09-24T22:48:38 IST" duration-ms="271" status="PASS">
          <reporter-output>
          </reporter-output>
        </test-method> <!-- tearDown -->
      </class> <!-- testCases.TC006_ApplyLoanTest -->
    </test> <!-- ParaBanking Test -->
  </suite> <!-- ParaBankingSuite -->
</testng-results>
