<?xml version="1.0" encoding="UTF-8"?>
<testng-results ignored="0" total="1" passed="1" failed="0" skipped="0">
  <reporter-output>
  </reporter-output>
  <suite started-at="2025-10-10T22:53:45 IST" name="ParaBankingSuite" finished-at="2025-10-10T22:53:59 IST" duration-ms="14181">
    <groups>
    </groups>
    <test started-at="2025-10-10T22:53:45 IST" name="ParaBanking Test" finished-at="2025-10-10T22:53:59 IST" duration-ms="14181">
      <class name="testCases.TC010_AccountOverview">
        <test-method is-config="true" signature="setup(java.lang.String,java.lang.String)[pri:0, instance:testCases.TC010_AccountOverview@72cc7e6f]" started-at="2025-10-10T22:53:46 IST" name="setup" finished-at="2025-10-10T22:53:50 IST" duration-ms="4050" status="PASS">
          <params>
            <param index="0">
              <value>
                <![CDATA[Windows]]>
              </value>
            </param>
            <param index="1">
              <value>
                <![CDATA[chrome]]>
              </value>
            </param>
          </params>
          <reporter-output>
          </reporter-output>
        </test-method> <!-- setup -->
        <test-method signature="verifyAccountOverview()[pri:0, instance:testCases.TC010_AccountOverview@72cc7e6f]" started-at="2025-10-10T22:53:50 IST" name="verifyAccountOverview" finished-at="2025-10-10T22:53:59 IST" duration-ms="9322" status="PASS">
          <reporter-output>
          </reporter-output>
        </test-method> <!-- verifyAccountOverview -->
        <test-method is-config="true" signature="tearDown()[pri:0, instance:testCases.TC010_AccountOverview@72cc7e6f]" started-at="2025-10-10T22:53:59 IST" name="tearDown" finished-at="2025-10-10T22:53:59 IST" duration-ms="355" status="PASS">
          <reporter-output>
          </reporter-output>
        </test-method> <!-- tearDown -->
      </class> <!-- testCases.TC010_AccountOverview -->
    </test> <!-- ParaBanking Test -->
  </suite> <!-- ParaBankingSuite -->
</testng-results>
