<?xml version="1.0" encoding="UTF-8"?>
<testng-results ignored="0" total="12" passed="12" failed="0" skipped="0">
  <reporter-output>
  </reporter-output>
  <suite started-at="2025-10-30T17:40:41 IST" name="ParaBankingSuite" finished-at="2025-10-30T17:40:58 IST" duration-ms="16336">
    <groups>
      <group name="Master">
        <method signature="TC002_LoginTest.loginTest()[pri:1, instance:testCases.TC002_LoginTest@5b218417]" name="loginTest" class="testCases.TC002_LoginTest"/>
      </group> <!-- Master -->
      <group name="Sanity">
        <method signature="TC002_LoginTest.loginTest()[pri:1, instance:testCases.TC002_LoginTest@5b218417]" name="loginTest" class="testCases.TC002_LoginTest"/>
      </group> <!-- Sanity -->
      <group name="Negative">
        <method signature="TC002_LoginTest.loginWithInvalidPassword()[pri:2, instance:testCases.TC002_LoginTest@5b218417]" name="loginWithInvalidPassword" class="testCases.TC002_LoginTest"/>
        <method signature="TC002_LoginTest.loginWithBothInvalidCredentials()[pri:3, instance:testCases.TC002_LoginTest@5b218417]" name="loginWithBothInvalidCredentials" class="testCases.TC002_LoginTest"/>
        <method signature="TC002_LoginTest.loginWithEmptyUsername()[pri:4, instance:testCases.TC002_LoginTest@5b218417]" name="loginWithEmptyUsername" class="testCases.TC002_LoginTest"/>
        <method signature="TC002_LoginTest.loginWithEmptyPassword()[pri:5, instance:testCases.TC002_LoginTest@5b218417]" name="loginWithEmptyPassword" class="testCases.TC002_LoginTest"/>
        <method signature="TC002_LoginTest.loginWithBothFieldsEmpty()[pri:6, instance:testCases.TC002_LoginTest@5b218417]" name="loginWithBothFieldsEmpty" class="testCases.TC002_LoginTest"/>
        <method signature="TC002_LoginTest.loginWithSQLInjection()[pri:7, instance:testCases.TC002_LoginTest@5b218417]" name="loginWithSQLInjection" class="testCases.TC002_LoginTest"/>
        <method signature="TC002_LoginTest.loginWithSpecialCharacters()[pri:8, instance:testCases.TC002_LoginTest@5b218417]" name="loginWithSpecialCharacters" class="testCases.TC002_LoginTest"/>
        <method signature="TC002_LoginTest.loginWithSpacesInCredentials()[pri:9, instance:testCases.TC002_LoginTest@5b218417]" name="loginWithSpacesInCredentials" class="testCases.TC002_LoginTest"/>
        <method signature="TC002_LoginTest.loginWithCaseSensitiveUsername()[pri:10, instance:testCases.TC002_LoginTest@5b218417]" name="loginWithCaseSensitiveUsername" class="testCases.TC002_LoginTest"/>
      </group> <!-- Negative -->
      <group name="Regression">
        <method signature="TC002_LoginTest.loginWithInvalidPassword()[pri:2, instance:testCases.TC002_LoginTest@5b218417]" name="loginWithInvalidPassword" class="testCases.TC002_LoginTest"/>
        <method signature="TC002_LoginTest.loginWithBothInvalidCredentials()[pri:3, instance:testCases.TC002_LoginTest@5b218417]" name="loginWithBothInvalidCredentials" class="testCases.TC002_LoginTest"/>
        <method signature="TC002_LoginTest.loginWithEmptyUsername()[pri:4, instance:testCases.TC002_LoginTest@5b218417]" name="loginWithEmptyUsername" class="testCases.TC002_LoginTest"/>
        <method signature="TC002_LoginTest.loginWithEmptyPassword()[pri:5, instance:testCases.TC002_LoginTest@5b218417]" name="loginWithEmptyPassword" class="testCases.TC002_LoginTest"/>
        <method signature="TC002_LoginTest.loginWithBothFieldsEmpty()[pri:6, instance:testCases.TC002_LoginTest@5b218417]" name="loginWithBothFieldsEmpty" class="testCases.TC002_LoginTest"/>
        <method signature="TC002_LoginTest.loginWithSQLInjection()[pri:7, instance:testCases.TC002_LoginTest@5b218417]" name="loginWithSQLInjection" class="testCases.TC002_LoginTest"/>
        <method signature="TC002_LoginTest.loginWithSpecialCharacters()[pri:8, instance:testCases.TC002_LoginTest@5b218417]" name="loginWithSpecialCharacters" class="testCases.TC002_LoginTest"/>
        <method signature="TC002_LoginTest.loginWithSpacesInCredentials()[pri:9, instance:testCases.TC002_LoginTest@5b218417]" name="loginWithSpacesInCredentials" class="testCases.TC002_LoginTest"/>
        <method signature="TC002_LoginTest.loginWithCaseSensitiveUsername()[pri:10, instance:testCases.TC002_LoginTest@5b218417]" name="loginWithCaseSensitiveUsername" class="testCases.TC002_LoginTest"/>
        <method signature="TC002_LoginTest.loginWithExcessivelyLongUsername()[pri:11, instance:testCases.TC002_LoginTest@5b218417]" name="loginWithExcessivelyLongUsername" class="testCases.TC002_LoginTest"/>
        <method signature="TC002_LoginTest.loginWithScriptTags()[pri:12, instance:testCases.TC002_LoginTest@5b218417]" name="loginWithScriptTags" class="testCases.TC002_LoginTest"/>
      </group> <!-- Regression -->
    </groups>
    <test started-at="2025-10-30T17:40:41 IST" name="ParaBanking Test" finished-at="2025-10-30T17:40:58 IST" duration-ms="16336">
      <class name="testCases.TC002_LoginTest">
        <test-method is-config="true" signature="setup(java.lang.String,java.lang.String)[pri:0, instance:testCases.TC002_LoginTest@5b218417]" started-at="2025-10-30T17:40:42 IST" name="setup" finished-at="2025-10-30T17:40:46 IST" duration-ms="4732" status="PASS">
          <params>
            <param index="0">
              <value>
                <![CDATA[Windows]]>
              </value>
            </param>
            <param index="1">
              <value>
                <![CDATA[chrome]]>
              </value>
            </param>
          </params>
          <reporter-output>
          </reporter-output>
        </test-method> <!-- setup -->
        <test-method signature="loginTest()[pri:1, instance:testCases.TC002_LoginTest@5b218417]" started-at="2025-10-30T17:40:46 IST" name="loginTest" finished-at="2025-10-30T17:40:51 IST" duration-ms="4799" status="PASS">
          <reporter-output>
          </reporter-output>
        </test-method> <!-- loginTest -->
        <test-method signature="loginWithInvalidPassword()[pri:2, instance:testCases.TC002_LoginTest@5b218417]" started-at="2025-10-30T17:40:51 IST" name="loginWithInvalidPassword" finished-at="2025-10-30T17:40:52 IST" duration-ms="379" status="PASS">
          <reporter-output>
          </reporter-output>
        </test-method> <!-- loginWithInvalidPassword -->
        <test-method signature="loginWithBothInvalidCredentials()[pri:3, instance:testCases.TC002_LoginTest@5b218417]" started-at="2025-10-30T17:40:52 IST" name="loginWithBothInvalidCredentials" finished-at="2025-10-30T17:40:52 IST" duration-ms="356" status="PASS">
          <reporter-output>
          </reporter-output>
        </test-method> <!-- loginWithBothInvalidCredentials -->
        <test-method signature="loginWithEmptyUsername()[pri:4, instance:testCases.TC002_LoginTest@5b218417]" started-at="2025-10-30T17:40:52 IST" name="loginWithEmptyUsername" finished-at="2025-10-30T17:40:52 IST" duration-ms="270" status="PASS">
          <reporter-output>
          </reporter-output>
        </test-method> <!-- loginWithEmptyUsername -->
        <test-method signature="loginWithEmptyPassword()[pri:5, instance:testCases.TC002_LoginTest@5b218417]" started-at="2025-10-30T17:40:52 IST" name="loginWithEmptyPassword" finished-at="2025-10-30T17:40:52 IST" duration-ms="306" status="PASS">
          <reporter-output>
          </reporter-output>
        </test-method> <!-- loginWithEmptyPassword -->
        <test-method signature="loginWithBothFieldsEmpty()[pri:6, instance:testCases.TC002_LoginTest@5b218417]" started-at="2025-10-30T17:40:52 IST" name="loginWithBothFieldsEmpty" finished-at="2025-10-30T17:40:53 IST" duration-ms="270" status="PASS">
          <reporter-output>
          </reporter-output>
        </test-method> <!-- loginWithBothFieldsEmpty -->
        <test-method signature="loginWithSQLInjection()[pri:7, instance:testCases.TC002_LoginTest@5b218417]" started-at="2025-10-30T17:40:53 IST" name="loginWithSQLInjection" finished-at="2025-10-30T17:40:53 IST" duration-ms="311" status="PASS">
          <reporter-output>
          </reporter-output>
        </test-method> <!-- loginWithSQLInjection -->
        <test-method signature="loginWithSpecialCharacters()[pri:8, instance:testCases.TC002_LoginTest@5b218417]" started-at="2025-10-30T17:40:53 IST" name="loginWithSpecialCharacters" finished-at="2025-10-30T17:40:53 IST" duration-ms="364" status="PASS">
          <reporter-output>
          </reporter-output>
        </test-method> <!-- loginWithSpecialCharacters -->
        <test-method signature="loginWithSpacesInCredentials()[pri:9, instance:testCases.TC002_LoginTest@5b218417]" started-at="2025-10-30T17:40:53 IST" name="loginWithSpacesInCredentials" finished-at="2025-10-30T17:40:54 IST" duration-ms="845" status="PASS">
          <reporter-output>
          </reporter-output>
        </test-method> <!-- loginWithSpacesInCredentials -->
        <test-method signature="loginWithCaseSensitiveUsername()[pri:10, instance:testCases.TC002_LoginTest@5b218417]" started-at="2025-10-30T17:40:54 IST" name="loginWithCaseSensitiveUsername" finished-at="2025-10-30T17:40:55 IST" duration-ms="303" status="PASS">
          <reporter-output>
          </reporter-output>
        </test-method> <!-- loginWithCaseSensitiveUsername -->
        <test-method signature="loginWithExcessivelyLongUsername()[pri:11, instance:testCases.TC002_LoginTest@5b218417]" started-at="2025-10-30T17:40:55 IST" name="loginWithExcessivelyLongUsername" finished-at="2025-10-30T17:40:55 IST" duration-ms="596" status="PASS">
          <reporter-output>
          </reporter-output>
        </test-method> <!-- loginWithExcessivelyLongUsername -->
        <test-method signature="loginWithScriptTags()[pri:12, instance:testCases.TC002_LoginTest@5b218417]" started-at="2025-10-30T17:40:55 IST" name="loginWithScriptTags" finished-at="2025-10-30T17:40:56 IST" duration-ms="421" status="PASS">
          <reporter-output>
          </reporter-output>
        </test-method> <!-- loginWithScriptTags -->
        <test-method is-config="true" signature="tearDown()[pri:0, instance:testCases.TC002_LoginTest@5b218417]" started-at="2025-10-30T17:40:56 IST" name="tearDown" finished-at="2025-10-30T17:40:58 IST" duration-ms="1894" status="PASS">
          <reporter-output>
          </reporter-output>
        </test-method> <!-- tearDown -->
      </class> <!-- testCases.TC002_LoginTest -->
    </test> <!-- ParaBanking Test -->
  </suite> <!-- ParaBankingSuite -->
</testng-results>
