<?xml version="1.0" encoding="UTF-8"?>
<testng-results ignored="0" total="1" passed="1" failed="0" skipped="0">
  <reporter-output>
  </reporter-output>
  <suite started-at="2025-09-24T20:30:49 IST" name="ParaBankingSuite" finished-at="2025-09-24T20:31:02 IST" duration-ms="13495">
    <groups>
    </groups>
    <test started-at="2025-09-24T20:30:49 IST" name="ParaBanking Test" finished-at="2025-09-24T20:31:02 IST" duration-ms="13495">
      <class name="testCases.TC003_OpenNewAccountTestCase">
        <test-method is-config="true" signature="setup(java.lang.String,java.lang.String)[pri:0, instance:testCases.TC003_OpenNewAccountTestCase@3ba987b8]" started-at="2025-09-24T20:30:49 IST" name="setup" finished-at="2025-09-24T20:30:55 IST" duration-ms="6427" status="PASS">
          <params>
            <param index="0">
              <value>
                <![CDATA[Windows]]>
              </value>
            </param>
            <param index="1">
              <value>
                <![CDATA[chrome]]>
              </value>
            </param>
          </params>
          <reporter-output>
          </reporter-output>
        </test-method> <!-- setup -->
        <test-method signature="OpenNewAccountTest()[pri:0, instance:testCases.TC003_OpenNewAccountTestCase@3ba987b8]" started-at="2025-09-24T20:30:55 IST" name="OpenNewAccountTest" finished-at="2025-09-24T20:31:02 IST" duration-ms="6247" status="PASS">
          <reporter-output>
          </reporter-output>
        </test-method> <!-- OpenNewAccountTest -->
        <test-method is-config="true" signature="tearDown()[pri:0, instance:testCases.TC003_OpenNewAccountTestCase@3ba987b8]" started-at="2025-09-24T20:31:02 IST" name="tearDown" finished-at="2025-09-24T20:31:02 IST" duration-ms="278" status="PASS">
          <reporter-output>
          </reporter-output>
        </test-method> <!-- tearDown -->
      </class> <!-- testCases.TC003_OpenNewAccountTestCase -->
    </test> <!-- ParaBanking Test -->
  </suite> <!-- ParaBankingSuite -->
</testng-results>
