<?xml version="1.0" encoding="UTF-8"?>
<testng-results ignored="0" total="5" passed="5" failed="0" skipped="0">
  <reporter-output>
  </reporter-output>
  <suite started-at="2025-09-24T23:05:57 IST" name="ParaBankingSuite" finished-at="2025-09-24T23:06:47 IST" duration-ms="50437">
    <groups>
      <group name="Datadriven">
        <method signature="TC007_LoginDDT.verify_Loginddt(java.lang.String,java.lang.String,java.lang.String)[pri:0, instance:testCases.TC007_LoginDDT@3ba987b8]" name="verify_Loginddt" class="testCases.TC007_LoginDDT"/>
      </group> <!-- Datadriven -->
    </groups>
    <test started-at="2025-09-24T23:05:57 IST" name="ParaBanking Test" finished-at="2025-09-24T23:06:47 IST" duration-ms="50437">
      <class name="testCases.TC007_LoginDDT">
        <test-method is-config="true" signature="setup(java.lang.String,java.lang.String)[pri:0, instance:testCases.TC007_LoginDDT@3ba987b8]" started-at="2025-09-24T23:05:57 IST" name="setup" finished-at="2025-09-24T23:06:02 IST" duration-ms="5479" status="PASS">
          <params>
            <param index="0">
              <value>
                <![CDATA[Windows]]>
              </value>
            </param>
            <param index="1">
              <value>
                <![CDATA[chrome]]>
              </value>
            </param>
          </params>
          <reporter-output>
          </reporter-output>
        </test-method> <!-- setup -->
        <test-method signature="verify_Loginddt(java.lang.String,java.lang.String,java.lang.String)[pri:0, instance:testCases.TC007_LoginDDT@3ba987b8]" started-at="2025-09-24T23:06:04 IST" name="verify_Loginddt" data-provider="LoginData" finished-at="2025-09-24T23:06:07 IST" duration-ms="2999" status="PASS">
          <params>
            <param index="0">
              <value>
                <![CDATA[mikasa@06]]>
              </value>
            </param>
            <param index="1">
              <value>
                <![CDATA[eren]]>
              </value>
            </param>
            <param index="2">
              <value>
                <![CDATA[valid]]>
              </value>
            </param>
          </params>
          <reporter-output>
          </reporter-output>
        </test-method> <!-- verify_Loginddt -->
        <test-method signature="verify_Loginddt(java.lang.String,java.lang.String,java.lang.String)[pri:0, instance:testCases.TC007_LoginDDT@3ba987b8]" started-at="2025-09-24T23:06:07 IST" name="verify_Loginddt" data-provider="LoginData" finished-at="2025-09-24T23:06:19 IST" duration-ms="12379" status="PASS">
          <params>
            <param index="0">
              <value>
                <![CDATA[gabi]]>
              </value>
            </param>
            <param index="1">
              <value>
                <![CDATA[falco]]>
              </value>
            </param>
            <param index="2">
              <value>
                <![CDATA[Invalid]]>
              </value>
            </param>
          </params>
          <reporter-output>
          </reporter-output>
        </test-method> <!-- verify_Loginddt -->
        <test-method signature="verify_Loginddt(java.lang.String,java.lang.String,java.lang.String)[pri:0, instance:testCases.TC007_LoginDDT@3ba987b8]" started-at="2025-09-24T23:06:19 IST" name="verify_Loginddt" data-provider="LoginData" finished-at="2025-09-24T23:06:32 IST" duration-ms="12355" status="PASS">
          <params>
            <param index="0">
              <value>
                <![CDATA[jiraya]]>
              </value>
            </param>
            <param index="1">
              <value>
                <![CDATA[leaf]]>
              </value>
            </param>
            <param index="2">
              <value>
                <![CDATA[Invalid]]>
              </value>
            </param>
          </params>
          <reporter-output>
          </reporter-output>
        </test-method> <!-- verify_Loginddt -->
        <test-method signature="verify_Loginddt(java.lang.String,java.lang.String,java.lang.String)[pri:0, instance:testCases.TC007_LoginDDT@3ba987b8]" started-at="2025-09-24T23:06:32 IST" name="verify_Loginddt" data-provider="LoginData" finished-at="2025-09-24T23:06:34 IST" duration-ms="2584" status="PASS">
          <params>
            <param index="0">
              <value>
                <![CDATA[naruto]]>
              </value>
            </param>
            <param index="1">
              <value>
                <![CDATA[hinata]]>
              </value>
            </param>
            <param index="2">
              <value>
                <![CDATA[valid]]>
              </value>
            </param>
          </params>
          <reporter-output>
          </reporter-output>
        </test-method> <!-- verify_Loginddt -->
        <test-method signature="verify_Loginddt(java.lang.String,java.lang.String,java.lang.String)[pri:0, instance:testCases.TC007_LoginDDT@3ba987b8]" started-at="2025-09-24T23:06:34 IST" name="verify_Loginddt" data-provider="LoginData" finished-at="2025-09-24T23:06:47 IST" duration-ms="12292" status="PASS">
          <params>
            <param index="0">
              <value>
                <![CDATA[levi]]>
              </value>
            </param>
            <param index="1">
              <value>
                <![CDATA[hange]]>
              </value>
            </param>
            <param index="2">
              <value>
                <![CDATA[Invalid]]>
              </value>
            </param>
          </params>
          <reporter-output>
          </reporter-output>
        </test-method> <!-- verify_Loginddt -->
        <test-method is-config="true" signature="tearDown()[pri:0, instance:testCases.TC007_LoginDDT@3ba987b8]" started-at="2025-09-24T23:06:47 IST" name="tearDown" finished-at="2025-09-24T23:06:47 IST" duration-ms="285" status="PASS">
          <reporter-output>
          </reporter-output>
        </test-method> <!-- tearDown -->
      </class> <!-- testCases.TC007_LoginDDT -->
    </test> <!-- ParaBanking Test -->
  </suite> <!-- ParaBankingSuite -->
</testng-results>
