<?xml version="1.0" encoding="UTF-8"?>
<testng-results ignored="0" total="1" passed="1" failed="0" skipped="0">
  <reporter-output>
  </reporter-output>
  <suite started-at="2025-09-24T21:31:52 IST" name="ParaBankingSuite" finished-at="2025-09-24T21:32:09 IST" duration-ms="16896">
    <groups>
    </groups>
    <test started-at="2025-09-24T21:31:52 IST" name="ParaBanking Test" finished-at="2025-09-24T21:32:09 IST" duration-ms="16896">
      <class name="testCases.TC004_TransferFundsTestCase">
        <test-method is-config="true" signature="setup(java.lang.String,java.lang.String)[pri:0, instance:testCases.TC004_TransferFundsTestCase@3ba987b8]" started-at="2025-09-24T21:31:52 IST" name="setup" finished-at="2025-09-24T21:31:55 IST" duration-ms="2719" status="PASS">
          <params>
            <param index="0">
              <value>
                <![CDATA[Windows]]>
              </value>
            </param>
            <param index="1">
              <value>
                <![CDATA[chrome]]>
              </value>
            </param>
          </params>
          <reporter-output>
          </reporter-output>
        </test-method> <!-- setup -->
        <test-method signature="TransferFundsWithoutAmountTest()[pri:0, instance:testCases.TC004_TransferFundsTestCase@3ba987b8]" started-at="2025-09-24T21:31:55 IST" name="TransferFundsWithoutAmountTest" finished-at="2025-09-24T21:32:09 IST" duration-ms="13457" status="PASS">
          <reporter-output>
          </reporter-output>
        </test-method> <!-- TransferFundsWithoutAmountTest -->
        <test-method is-config="true" signature="tearDown()[pri:0, instance:testCases.TC004_TransferFundsTestCase@3ba987b8]" started-at="2025-09-24T21:32:09 IST" name="tearDown" finished-at="2025-09-24T21:32:09 IST" duration-ms="253" status="PASS">
          <reporter-output>
          </reporter-output>
        </test-method> <!-- tearDown -->
      </class> <!-- testCases.TC004_TransferFundsTestCase -->
    </test> <!-- ParaBanking Test -->
  </suite> <!-- ParaBankingSuite -->
</testng-results>
