<?xml version="1.0" encoding="UTF-8"?>
<testng-results ignored="0" total="14" passed="14" failed="0" skipped="0">
  <reporter-output>
  </reporter-output>
  <suite started-at="2025-11-03T19:29:35 IST" name="ParaBankingSuite" finished-at="2025-11-03T19:30:28 IST" duration-ms="52631">
    <groups>
      <group name="Master">
        <method signature="TC006_ApplyLoanTest.VerifyApplyLoan()[pri:1, instance:testCases.TC006_ApplyLoanTest@413d1baf]" name="VerifyApplyLoan" class="testCases.TC006_ApplyLoanTest"/>
        <method signature="TC006_ApplyLoanTest.VerifyApplyLoanWithDecimalAmountTest()[pri:14, instance:testCases.TC006_ApplyLoanTest@413d1baf]" name="VerifyApplyLoanWithDecimalAmountTest" class="testCases.TC006_ApplyLoanTest"/>
      </group> <!-- Master -->
      <group name="Sanity">
        <method signature="TC006_ApplyLoanTest.VerifyApplyLoan()[pri:1, instance:testCases.TC006_ApplyLoanTest@413d1baf]" name="VerifyApplyLoan" class="testCases.TC006_ApplyLoanTest"/>
        <method signature="TC006_ApplyLoanTest.VerifyApplyLoanWithDecimalAmountTest()[pri:14, instance:testCases.TC006_ApplyLoanTest@413d1baf]" name="VerifyApplyLoanWithDecimalAmountTest" class="testCases.TC006_ApplyLoanTest"/>
      </group> <!-- Sanity -->
      <group name="Negative">
        <method signature="TC006_ApplyLoanTest.ApplyLoanWithoutAmountTest()[pri:2, instance:testCases.TC006_ApplyLoanTest@413d1baf]" name="ApplyLoanWithoutAmountTest" class="testCases.TC006_ApplyLoanTest"/>
        <method signature="TC006_ApplyLoanTest.ApplyLoanWithoutDownPaymentTest()[pri:3, instance:testCases.TC006_ApplyLoanTest@413d1baf]" name="ApplyLoanWithoutDownPaymentTest" class="testCases.TC006_ApplyLoanTest"/>
        <method signature="TC006_ApplyLoanTest.ApplyLoanWithNonNumericAmountTest()[pri:4, instance:testCases.TC006_ApplyLoanTest@413d1baf]" name="ApplyLoanWithNonNumericAmountTest" class="testCases.TC006_ApplyLoanTest"/>
        <method signature="TC006_ApplyLoanTest.ApplyLoanWithNonNumericDownPaymentTest()[pri:5, instance:testCases.TC006_ApplyLoanTest@413d1baf]" name="ApplyLoanWithNonNumericDownPaymentTest" class="testCases.TC006_ApplyLoanTest"/>
        <method signature="TC006_ApplyLoanTest.ApplyLoanWithExcessiveAmountTest()[pri:6, instance:testCases.TC006_ApplyLoanTest@413d1baf]" name="ApplyLoanWithExcessiveAmountTest" class="testCases.TC006_ApplyLoanTest"/>
        <method signature="TC006_ApplyLoanTest.ApplyLoanWithSpecialCharactersInAmountTest()[pri:7, instance:testCases.TC006_ApplyLoanTest@413d1baf]" name="ApplyLoanWithSpecialCharactersInAmountTest" class="testCases.TC006_ApplyLoanTest"/>
        <method signature="TC006_ApplyLoanTest.ApplyLoanWithEmptySubmissionTest()[pri:8, instance:testCases.TC006_ApplyLoanTest@413d1baf]" name="ApplyLoanWithEmptySubmissionTest" class="testCases.TC006_ApplyLoanTest"/>
        <method signature="TC006_ApplyLoanTest.ApplyLoanWithAmountLessThanDownPaymentTest()[pri:9, instance:testCases.TC006_ApplyLoanTest@413d1baf]" name="ApplyLoanWithAmountLessThanDownPaymentTest" class="testCases.TC006_ApplyLoanTest"/>
        <method signature="TC006_ApplyLoanTest.ApplyLoanWithZeroAmountTest()[pri:10, instance:testCases.TC006_ApplyLoanTest@413d1baf]" name="ApplyLoanWithZeroAmountTest" class="testCases.TC006_ApplyLoanTest"/>
        <method signature="TC006_ApplyLoanTest.ApplyLoanWithNegativeAmountTest()[pri:11, instance:testCases.TC006_ApplyLoanTest@413d1baf]" name="ApplyLoanWithNegativeAmountTest" class="testCases.TC006_ApplyLoanTest"/>
        <method signature="TC006_ApplyLoanTest.ApplyLoanWithUnrealisticCombinationTest()[pri:12, instance:testCases.TC006_ApplyLoanTest@413d1baf]" name="ApplyLoanWithUnrealisticCombinationTest" class="testCases.TC006_ApplyLoanTest"/>
        <method signature="TC006_ApplyLoanTest.ApplyLoanWithInsufficientBalanceTest()[pri:13, instance:testCases.TC006_ApplyLoanTest@413d1baf]" name="ApplyLoanWithInsufficientBalanceTest" class="testCases.TC006_ApplyLoanTest"/>
      </group> <!-- Negative -->
    </groups>
    <test started-at="2025-11-03T19:29:35 IST" name="ParaBanking Test" finished-at="2025-11-03T19:30:28 IST" duration-ms="52631">
      <class name="testCases.TC006_ApplyLoanTest">
        <test-method is-config="true" signature="setup(java.lang.String,java.lang.String)[pri:0, instance:testCases.TC006_ApplyLoanTest@413d1baf]" started-at="2025-11-03T19:29:35 IST" name="setup" finished-at="2025-11-03T19:29:38 IST" duration-ms="2501" status="PASS">
          <params>
            <param index="0">
              <value>
                <![CDATA[Windows]]>
              </value>
            </param>
            <param index="1">
              <value>
                <![CDATA[chrome]]>
              </value>
            </param>
          </params>
          <reporter-output>
          </reporter-output>
        </test-method> <!-- setup -->
        <test-method signature="VerifyApplyLoan()[pri:1, instance:testCases.TC006_ApplyLoanTest@413d1baf]" started-at="2025-11-03T19:29:38 IST" name="VerifyApplyLoan" finished-at="2025-11-03T19:29:44 IST" duration-ms="6493" status="PASS">
          <reporter-output>
          </reporter-output>
        </test-method> <!-- VerifyApplyLoan -->
        <test-method signature="ApplyLoanWithoutAmountTest()[pri:2, instance:testCases.TC006_ApplyLoanTest@413d1baf]" started-at="2025-11-03T19:29:44 IST" name="ApplyLoanWithoutAmountTest" finished-at="2025-11-03T19:29:48 IST" duration-ms="3202" status="PASS">
          <reporter-output>
          </reporter-output>
        </test-method> <!-- ApplyLoanWithoutAmountTest -->
        <test-method signature="ApplyLoanWithoutDownPaymentTest()[pri:3, instance:testCases.TC006_ApplyLoanTest@413d1baf]" started-at="2025-11-03T19:29:48 IST" name="ApplyLoanWithoutDownPaymentTest" finished-at="2025-11-03T19:29:51 IST" duration-ms="3017" status="PASS">
          <reporter-output>
          </reporter-output>
        </test-method> <!-- ApplyLoanWithoutDownPaymentTest -->
        <test-method signature="ApplyLoanWithNonNumericAmountTest()[pri:4, instance:testCases.TC006_ApplyLoanTest@413d1baf]" started-at="2025-11-03T19:29:51 IST" name="ApplyLoanWithNonNumericAmountTest" finished-at="2025-11-03T19:29:54 IST" duration-ms="2909" status="PASS">
          <reporter-output>
          </reporter-output>
        </test-method> <!-- ApplyLoanWithNonNumericAmountTest -->
        <test-method signature="ApplyLoanWithNonNumericDownPaymentTest()[pri:5, instance:testCases.TC006_ApplyLoanTest@413d1baf]" started-at="2025-11-03T19:29:54 IST" name="ApplyLoanWithNonNumericDownPaymentTest" finished-at="2025-11-03T19:29:57 IST" duration-ms="3010" status="PASS">
          <reporter-output>
          </reporter-output>
        </test-method> <!-- ApplyLoanWithNonNumericDownPaymentTest -->
        <test-method signature="ApplyLoanWithExcessiveAmountTest()[pri:6, instance:testCases.TC006_ApplyLoanTest@413d1baf]" started-at="2025-11-03T19:29:57 IST" name="ApplyLoanWithExcessiveAmountTest" finished-at="2025-11-03T19:30:00 IST" duration-ms="3028" status="PASS">
          <reporter-output>
          </reporter-output>
        </test-method> <!-- ApplyLoanWithExcessiveAmountTest -->
        <test-method signature="ApplyLoanWithSpecialCharactersInAmountTest()[pri:7, instance:testCases.TC006_ApplyLoanTest@413d1baf]" started-at="2025-11-03T19:30:00 IST" name="ApplyLoanWithSpecialCharactersInAmountTest" finished-at="2025-11-03T19:30:03 IST" duration-ms="2945" status="PASS">
          <reporter-output>
          </reporter-output>
        </test-method> <!-- ApplyLoanWithSpecialCharactersInAmountTest -->
        <test-method signature="ApplyLoanWithEmptySubmissionTest()[pri:8, instance:testCases.TC006_ApplyLoanTest@413d1baf]" started-at="2025-11-03T19:30:03 IST" name="ApplyLoanWithEmptySubmissionTest" finished-at="2025-11-03T19:30:05 IST" duration-ms="2872" status="PASS">
          <reporter-output>
          </reporter-output>
        </test-method> <!-- ApplyLoanWithEmptySubmissionTest -->
        <test-method signature="ApplyLoanWithAmountLessThanDownPaymentTest()[pri:9, instance:testCases.TC006_ApplyLoanTest@413d1baf]" started-at="2025-11-03T19:30:05 IST" name="ApplyLoanWithAmountLessThanDownPaymentTest" finished-at="2025-11-03T19:30:09 IST" duration-ms="3195" status="PASS">
          <reporter-output>
          </reporter-output>
        </test-method> <!-- ApplyLoanWithAmountLessThanDownPaymentTest -->
        <test-method signature="ApplyLoanWithZeroAmountTest()[pri:10, instance:testCases.TC006_ApplyLoanTest@413d1baf]" started-at="2025-11-03T19:30:09 IST" name="ApplyLoanWithZeroAmountTest" finished-at="2025-11-03T19:30:12 IST" duration-ms="3548" status="PASS">
          <reporter-output>
          </reporter-output>
        </test-method> <!-- ApplyLoanWithZeroAmountTest -->
        <test-method signature="ApplyLoanWithNegativeAmountTest()[pri:11, instance:testCases.TC006_ApplyLoanTest@413d1baf]" started-at="2025-11-03T19:30:12 IST" name="ApplyLoanWithNegativeAmountTest" finished-at="2025-11-03T19:30:15 IST" duration-ms="2952" status="PASS">
          <reporter-output>
          </reporter-output>
        </test-method> <!-- ApplyLoanWithNegativeAmountTest -->
        <test-method signature="ApplyLoanWithUnrealisticCombinationTest()[pri:12, instance:testCases.TC006_ApplyLoanTest@413d1baf]" started-at="2025-11-03T19:30:15 IST" name="ApplyLoanWithUnrealisticCombinationTest" finished-at="2025-11-03T19:30:18 IST" duration-ms="3041" status="PASS">
          <reporter-output>
          </reporter-output>
        </test-method> <!-- ApplyLoanWithUnrealisticCombinationTest -->
        <test-method signature="ApplyLoanWithInsufficientBalanceTest()[pri:13, instance:testCases.TC006_ApplyLoanTest@413d1baf]" started-at="2025-11-03T19:30:18 IST" name="ApplyLoanWithInsufficientBalanceTest" finished-at="2025-11-03T19:30:21 IST" duration-ms="3017" status="PASS">
          <reporter-output>
          </reporter-output>
        </test-method> <!-- ApplyLoanWithInsufficientBalanceTest -->
        <test-method signature="VerifyApplyLoanWithDecimalAmountTest()[pri:14, instance:testCases.TC006_ApplyLoanTest@413d1baf]" started-at="2025-11-03T19:30:21 IST" name="VerifyApplyLoanWithDecimalAmountTest" finished-at="2025-11-03T19:30:27 IST" duration-ms="6087" status="PASS">
          <reporter-output>
          </reporter-output>
        </test-method> <!-- VerifyApplyLoanWithDecimalAmountTest -->
        <test-method is-config="true" signature="tearDown()[pri:0, instance:testCases.TC006_ApplyLoanTest@413d1baf]" started-at="2025-11-03T19:30:27 IST" name="tearDown" finished-at="2025-11-03T19:30:28 IST" duration-ms="305" status="PASS">
          <reporter-output>
          </reporter-output>
        </test-method> <!-- tearDown -->
      </class> <!-- testCases.TC006_ApplyLoanTest -->
    </test> <!-- ParaBanking Test -->
  </suite> <!-- ParaBankingSuite -->
</testng-results>
