<?xml version="1.0" encoding="UTF-8"?>
<testng-results ignored="0" total="6" passed="6" failed="0" skipped="0">
  <reporter-output>
  </reporter-output>
  <suite started-at="2025-10-30T22:42:26 IST" name="ParaBankingSuite" finished-at="2025-10-30T22:43:11 IST" duration-ms="44352">
    <groups>
      <group name="Functional">
        <method signature="TC004_TransferFundsTest.TransferFundsWithDecimalAmountTest()[pri:4, instance:testCases.TC004_TransferFundsTest@8458f04]" name="TransferFundsWithDecimalAmountTest" class="testCases.TC004_TransferFundsTest"/>
      </group> <!-- Functional -->
      <group name="Master">
        <method signature="TC004_TransferFundsTest.TransferFundsWithAmountTest()[pri:1, instance:testCases.TC004_TransferFundsTest@8458f04]" name="TransferFundsWithAmountTest" class="testCases.TC004_TransferFundsTest"/>
      </group> <!-- Master -->
      <group name="Sanity">
        <method signature="TC004_TransferFundsTest.TransferFundsWithAmountTest()[pri:1, instance:testCases.TC004_TransferFundsTest@8458f04]" name="TransferFundsWithAmountTest" class="testCases.TC004_TransferFundsTest"/>
        <method signature="TC004_TransferFundsTest.TransferFundsWithDecimalAmountTest()[pri:4, instance:testCases.TC004_TransferFundsTest@8458f04]" name="TransferFundsWithDecimalAmountTest" class="testCases.TC004_TransferFundsTest"/>
      </group> <!-- Sanity -->
      <group name="Negative">
        <method signature="TC004_TransferFundsTest.TransferFundsWithoutAmountTest()[pri:2, instance:testCases.TC004_TransferFundsTest@8458f04]" name="TransferFundsWithoutAmountTest" class="testCases.TC004_TransferFundsTest"/>
        <method signature="TC004_TransferFundsTest.TransferFundsWithInvalidAmountTest()[pri:3, instance:testCases.TC004_TransferFundsTest@8458f04]" name="TransferFundsWithInvalidAmountTest" class="testCases.TC004_TransferFundsTest"/>
        <method signature="TC004_TransferFundsTest.TransferFundsWithSpecialCharactersTest()[pri:5, instance:testCases.TC004_TransferFundsTest@8458f04]" name="TransferFundsWithSpecialCharactersTest" class="testCases.TC004_TransferFundsTest"/>
        <method signature="TC004_TransferFundsTest.TransferFundsWithExcessiveAmountTest()[pri:6, instance:testCases.TC004_TransferFundsTest@8458f04]" name="TransferFundsWithExcessiveAmountTest" class="testCases.TC004_TransferFundsTest"/>
      </group> <!-- Negative -->
    </groups>
    <test started-at="2025-10-30T22:42:26 IST" name="ParaBanking Test" finished-at="2025-10-30T22:43:11 IST" duration-ms="44352">
      <class name="testCases.TC004_TransferFundsTest">
        <test-method is-config="true" signature="setup(java.lang.String,java.lang.String)[pri:0, instance:testCases.TC004_TransferFundsTest@8458f04]" started-at="2025-10-30T22:42:27 IST" name="setup" finished-at="2025-10-30T22:42:29 IST" duration-ms="2464" status="PASS">
          <params>
            <param index="0">
              <value>
                <![CDATA[Windows]]>
              </value>
            </param>
            <param index="1">
              <value>
                <![CDATA[chrome]]>
              </value>
            </param>
          </params>
          <reporter-output>
          </reporter-output>
        </test-method> <!-- setup -->
        <test-method signature="TransferFundsWithAmountTest()[pri:1, instance:testCases.TC004_TransferFundsTest@8458f04]" started-at="2025-10-30T22:42:29 IST" name="TransferFundsWithAmountTest" finished-at="2025-10-30T22:42:43 IST" duration-ms="13557" status="PASS">
          <reporter-output>
          </reporter-output>
        </test-method> <!-- TransferFundsWithAmountTest -->
        <test-method signature="TransferFundsWithoutAmountTest()[pri:2, instance:testCases.TC004_TransferFundsTest@8458f04]" started-at="2025-10-30T22:42:43 IST" name="TransferFundsWithoutAmountTest" finished-at="2025-10-30T22:42:49 IST" duration-ms="6127" status="PASS">
          <reporter-output>
          </reporter-output>
        </test-method> <!-- TransferFundsWithoutAmountTest -->
        <test-method signature="TransferFundsWithInvalidAmountTest()[pri:3, instance:testCases.TC004_TransferFundsTest@8458f04]" started-at="2025-10-30T22:42:49 IST" name="TransferFundsWithInvalidAmountTest" finished-at="2025-10-30T22:42:55 IST" duration-ms="6190" status="PASS">
          <reporter-output>
          </reporter-output>
        </test-method> <!-- TransferFundsWithInvalidAmountTest -->
        <test-method signature="TransferFundsWithDecimalAmountTest()[pri:4, instance:testCases.TC004_TransferFundsTest@8458f04]" started-at="2025-10-30T22:42:55 IST" name="TransferFundsWithDecimalAmountTest" finished-at="2025-10-30T22:43:01 IST" duration-ms="6137" status="PASS">
          <reporter-output>
          </reporter-output>
        </test-method> <!-- TransferFundsWithDecimalAmountTest -->
        <test-method signature="TransferFundsWithSpecialCharactersTest()[pri:5, instance:testCases.TC004_TransferFundsTest@8458f04]" started-at="2025-10-30T22:43:01 IST" name="TransferFundsWithSpecialCharactersTest" finished-at="2025-10-30T22:43:07 IST" duration-ms="6111" status="PASS">
          <reporter-output>
          </reporter-output>
        </test-method> <!-- TransferFundsWithSpecialCharactersTest -->
        <test-method signature="TransferFundsWithExcessiveAmountTest()[pri:6, instance:testCases.TC004_TransferFundsTest@8458f04]" started-at="2025-10-30T22:43:07 IST" name="TransferFundsWithExcessiveAmountTest" finished-at="2025-10-30T22:43:10 IST" duration-ms="2997" status="PASS">
          <reporter-output>
          </reporter-output>
        </test-method> <!-- TransferFundsWithExcessiveAmountTest -->
        <test-method is-config="true" signature="tearDown()[pri:0, instance:testCases.TC004_TransferFundsTest@8458f04]" started-at="2025-10-30T22:43:10 IST" name="tearDown" finished-at="2025-10-30T22:43:11 IST" duration-ms="335" status="PASS">
          <reporter-output>
          </reporter-output>
        </test-method> <!-- tearDown -->
      </class> <!-- testCases.TC004_TransferFundsTest -->
    </test> <!-- ParaBanking Test -->
  </suite> <!-- ParaBankingSuite -->
</testng-results>
