<?xml version="1.0" encoding="UTF-8"?>
<testng-results ignored="0" total="70" passed="67" failed="3" skipped="0">
  <reporter-output>
  </reporter-output>
  <suite started-at="2025-11-11T21:26:11 IST" name="ParaBankingSuite" finished-at="2025-11-11T21:31:48 IST" duration-ms="336318">
    <groups>
      <group name="Functional">
        <method signature="TC003_OpenNewAccountTest.OpenNewAccountTest()[pri:1, instance:testCases.TC003_OpenNewAccountTest@7ae0a9ec]" name="OpenNewAccountTest" class="testCases.TC003_OpenNewAccountTest"/>
        <method signature="TC003_OpenNewAccountTest.OpenCheckingAccountTest()[pri:2, instance:testCases.TC003_OpenNewAccountTest@7ae0a9ec]" name="OpenCheckingAccountTest" class="testCases.TC003_OpenNewAccountTest"/>
        <method signature="TC003_OpenNewAccountTest.VerifyAccountDetailsNavigationTest()[pri:3, instance:testCases.TC003_OpenNewAccountTest@7ae0a9ec]" name="VerifyAccountDetailsNavigationTest" class="testCases.TC003_OpenNewAccountTest"/>
        <method signature="TC003_OpenNewAccountTest.VerifyBackButtonAfterAccountCreationTest()[pri:4, instance:testCases.TC003_OpenNewAccountTest@7ae0a9ec]" name="VerifyBackButtonAfterAccountCreationTest" class="testCases.TC003_OpenNewAccountTest"/>
        <method signature="TC004_TransferFundsTest.TransferFundsWithDecimalAmountTest()[pri:4, instance:testCases.TC004_TransferFundsTest@35841320]" name="TransferFundsWithDecimalAmountTest" class="testCases.TC004_TransferFundsTest"/>
      </group> <!-- Functional -->
      <group name="Master">
        <method signature="TC001_RegisterTest.RegisterTest()[pri:1, instance:testCases.TC001_RegisterTest@23e84203]" name="RegisterTest" class="testCases.TC001_RegisterTest"/>
        <method signature="TC002_LoginTest.loginTest()[pri:1, instance:testCases.TC002_LoginTest@1972e513]" name="loginTest" class="testCases.TC002_LoginTest"/>
        <method signature="TC003_OpenNewAccountTest.OpenNewAccountTest()[pri:1, instance:testCases.TC003_OpenNewAccountTest@7ae0a9ec]" name="OpenNewAccountTest" class="testCases.TC003_OpenNewAccountTest"/>
        <method signature="TC004_TransferFundsTest.TransferFundsWithAmountTest()[pri:1, instance:testCases.TC004_TransferFundsTest@35841320]" name="TransferFundsWithAmountTest" class="testCases.TC004_TransferFundsTest"/>
        <method signature="TC005_BillPayTest.BillPayWithValidDetailsTest()[pri:1, instance:testCases.TC005_BillPayTest@61c4eee0]" name="BillPayWithValidDetailsTest" class="testCases.TC005_BillPayTest"/>
        <method signature="TC006_ApplyLoanTest.VerifyApplyLoan()[pri:1, instance:testCases.TC006_ApplyLoanTest@6f10d5b6]" name="VerifyApplyLoan" class="testCases.TC006_ApplyLoanTest"/>
        <method signature="TC008_HomePageTest.VerifyHomePage()[pri:1, instance:testCases.TC008_HomePageTest@548a24a]" name="VerifyHomePage" class="testCases.TC008_HomePageTest"/>
        <method signature="TC009_FooterTest.VerifyFooterSection()[pri:1, instance:testCases.TC009_FooterTest@433defed]" name="VerifyFooterSection" class="testCases.TC009_FooterTest"/>
        <method signature="TC010_AccountOverview.verifyAccountOverview()[pri:1, instance:testCases.TC010_AccountOverview@2a693f59]" name="verifyAccountOverview" class="testCases.TC010_AccountOverview"/>
        <method signature="TC006_ApplyLoanTest.VerifyApplyLoanWithDecimalAmountTest()[pri:14, instance:testCases.TC006_ApplyLoanTest@6f10d5b6]" name="VerifyApplyLoanWithDecimalAmountTest" class="testCases.TC006_ApplyLoanTest"/>
      </group> <!-- Master -->
      <group name="Sanity">
        <method signature="TC002_LoginTest.loginTest()[pri:1, instance:testCases.TC002_LoginTest@1972e513]" name="loginTest" class="testCases.TC002_LoginTest"/>
        <method signature="TC004_TransferFundsTest.TransferFundsWithAmountTest()[pri:1, instance:testCases.TC004_TransferFundsTest@35841320]" name="TransferFundsWithAmountTest" class="testCases.TC004_TransferFundsTest"/>
        <method signature="TC005_BillPayTest.BillPayWithValidDetailsTest()[pri:1, instance:testCases.TC005_BillPayTest@61c4eee0]" name="BillPayWithValidDetailsTest" class="testCases.TC005_BillPayTest"/>
        <method signature="TC006_ApplyLoanTest.VerifyApplyLoan()[pri:1, instance:testCases.TC006_ApplyLoanTest@6f10d5b6]" name="VerifyApplyLoan" class="testCases.TC006_ApplyLoanTest"/>
        <method signature="TC008_HomePageTest.VerifyHomePage()[pri:1, instance:testCases.TC008_HomePageTest@548a24a]" name="VerifyHomePage" class="testCases.TC008_HomePageTest"/>
        <method signature="TC009_FooterTest.VerifyFooterSection()[pri:1, instance:testCases.TC009_FooterTest@433defed]" name="VerifyFooterSection" class="testCases.TC009_FooterTest"/>
        <method signature="TC010_AccountOverview.verifyAccountOverview()[pri:1, instance:testCases.TC010_AccountOverview@2a693f59]" name="verifyAccountOverview" class="testCases.TC010_AccountOverview"/>
        <method signature="TC003_OpenNewAccountTest.OpenCheckingAccountTest()[pri:2, instance:testCases.TC003_OpenNewAccountTest@7ae0a9ec]" name="OpenCheckingAccountTest" class="testCases.TC003_OpenNewAccountTest"/>
        <method signature="TC004_TransferFundsTest.TransferFundsWithDecimalAmountTest()[pri:4, instance:testCases.TC004_TransferFundsTest@35841320]" name="TransferFundsWithDecimalAmountTest" class="testCases.TC004_TransferFundsTest"/>
        <method signature="TC006_ApplyLoanTest.VerifyApplyLoanWithDecimalAmountTest()[pri:14, instance:testCases.TC006_ApplyLoanTest@6f10d5b6]" name="VerifyApplyLoanWithDecimalAmountTest" class="testCases.TC006_ApplyLoanTest"/>
      </group> <!-- Sanity -->
      <group name="Negative">
        <method signature="TC001_RegisterTest.RegisterWithMissingFirstName()[pri:2, instance:testCases.TC001_RegisterTest@23e84203]" name="RegisterWithMissingFirstName" class="testCases.TC001_RegisterTest"/>
        <method signature="TC002_LoginTest.loginWithInvalidPassword()[pri:2, instance:testCases.TC002_LoginTest@1972e513]" name="loginWithInvalidPassword" class="testCases.TC002_LoginTest"/>
        <method signature="TC004_TransferFundsTest.TransferFundsWithoutAmountTest()[pri:2, instance:testCases.TC004_TransferFundsTest@35841320]" name="TransferFundsWithoutAmountTest" class="testCases.TC004_TransferFundsTest"/>
        <method signature="TC005_BillPayTest.BillPayWithoutPayeeNameTest()[pri:2, instance:testCases.TC005_BillPayTest@61c4eee0]" name="BillPayWithoutPayeeNameTest" class="testCases.TC005_BillPayTest"/>
        <method signature="TC006_ApplyLoanTest.ApplyLoanWithoutAmountTest()[pri:2, instance:testCases.TC006_ApplyLoanTest@6f10d5b6]" name="ApplyLoanWithoutAmountTest" class="testCases.TC006_ApplyLoanTest"/>
        <method signature="TC001_RegisterTest.RegisterWithMissingLastName()[pri:3, instance:testCases.TC001_RegisterTest@23e84203]" name="RegisterWithMissingLastName" class="testCases.TC001_RegisterTest"/>
        <method signature="TC002_LoginTest.loginWithBothInvalidCredentials()[pri:3, instance:testCases.TC002_LoginTest@1972e513]" name="loginWithBothInvalidCredentials" class="testCases.TC002_LoginTest"/>
        <method signature="TC004_TransferFundsTest.TransferFundsWithInvalidAmountTest()[pri:3, instance:testCases.TC004_TransferFundsTest@35841320]" name="TransferFundsWithInvalidAmountTest" class="testCases.TC004_TransferFundsTest"/>
        <method signature="TC005_BillPayTest.BillPayWithoutAddressTest()[pri:3, instance:testCases.TC005_BillPayTest@61c4eee0]" name="BillPayWithoutAddressTest" class="testCases.TC005_BillPayTest"/>
        <method signature="TC006_ApplyLoanTest.ApplyLoanWithoutDownPaymentTest()[pri:3, instance:testCases.TC006_ApplyLoanTest@6f10d5b6]" name="ApplyLoanWithoutDownPaymentTest" class="testCases.TC006_ApplyLoanTest"/>
        <method signature="TC001_RegisterTest.RegisterWithMissingAddress()[pri:4, instance:testCases.TC001_RegisterTest@23e84203]" name="RegisterWithMissingAddress" class="testCases.TC001_RegisterTest"/>
        <method signature="TC002_LoginTest.loginWithEmptyUsername()[pri:4, instance:testCases.TC002_LoginTest@1972e513]" name="loginWithEmptyUsername" class="testCases.TC002_LoginTest"/>
        <method signature="TC005_BillPayTest.BillPayWithoutCityTest()[pri:4, instance:testCases.TC005_BillPayTest@61c4eee0]" name="BillPayWithoutCityTest" class="testCases.TC005_BillPayTest"/>
        <method signature="TC006_ApplyLoanTest.ApplyLoanWithNonNumericAmountTest()[pri:4, instance:testCases.TC006_ApplyLoanTest@6f10d5b6]" name="ApplyLoanWithNonNumericAmountTest" class="testCases.TC006_ApplyLoanTest"/>
        <method signature="TC001_RegisterTest.RegisterWithMissingCity()[pri:5, instance:testCases.TC001_RegisterTest@23e84203]" name="RegisterWithMissingCity" class="testCases.TC001_RegisterTest"/>
        <method signature="TC002_LoginTest.loginWithEmptyPassword()[pri:5, instance:testCases.TC002_LoginTest@1972e513]" name="loginWithEmptyPassword" class="testCases.TC002_LoginTest"/>
        <method signature="TC004_TransferFundsTest.TransferFundsWithSpecialCharactersTest()[pri:5, instance:testCases.TC004_TransferFundsTest@35841320]" name="TransferFundsWithSpecialCharactersTest" class="testCases.TC004_TransferFundsTest"/>
        <method signature="TC005_BillPayTest.BillPayWithoutStateTest()[pri:5, instance:testCases.TC005_BillPayTest@61c4eee0]" name="BillPayWithoutStateTest" class="testCases.TC005_BillPayTest"/>
        <method signature="TC006_ApplyLoanTest.ApplyLoanWithNonNumericDownPaymentTest()[pri:5, instance:testCases.TC006_ApplyLoanTest@6f10d5b6]" name="ApplyLoanWithNonNumericDownPaymentTest" class="testCases.TC006_ApplyLoanTest"/>
        <method signature="TC001_RegisterTest.RegisterWithMissingState()[pri:6, instance:testCases.TC001_RegisterTest@23e84203]" name="RegisterWithMissingState" class="testCases.TC001_RegisterTest"/>
        <method signature="TC002_LoginTest.loginWithBothFieldsEmpty()[pri:6, instance:testCases.TC002_LoginTest@1972e513]" name="loginWithBothFieldsEmpty" class="testCases.TC002_LoginTest"/>
        <method signature="TC004_TransferFundsTest.TransferFundsWithExcessiveAmountTest()[pri:6, instance:testCases.TC004_TransferFundsTest@35841320]" name="TransferFundsWithExcessiveAmountTest" class="testCases.TC004_TransferFundsTest"/>
        <method signature="TC005_BillPayTest.BillPayWithoutPhoneTest()[pri:6, instance:testCases.TC005_BillPayTest@61c4eee0]" name="BillPayWithoutPhoneTest" class="testCases.TC005_BillPayTest"/>
        <method signature="TC006_ApplyLoanTest.ApplyLoanWithExcessiveAmountTest()[pri:6, instance:testCases.TC006_ApplyLoanTest@6f10d5b6]" name="ApplyLoanWithExcessiveAmountTest" class="testCases.TC006_ApplyLoanTest"/>
        <method signature="TC001_RegisterTest.RegisterWithMissingZipCode()[pri:7, instance:testCases.TC001_RegisterTest@23e84203]" name="RegisterWithMissingZipCode" class="testCases.TC001_RegisterTest"/>
        <method signature="TC002_LoginTest.loginWithSQLInjection()[pri:7, instance:testCases.TC002_LoginTest@1972e513]" name="loginWithSQLInjection" class="testCases.TC002_LoginTest"/>
        <method signature="TC005_BillPayTest.BillPayWithoutAccountNumberTest()[pri:7, instance:testCases.TC005_BillPayTest@61c4eee0]" name="BillPayWithoutAccountNumberTest" class="testCases.TC005_BillPayTest"/>
        <method signature="TC006_ApplyLoanTest.ApplyLoanWithSpecialCharactersInAmountTest()[pri:7, instance:testCases.TC006_ApplyLoanTest@6f10d5b6]" name="ApplyLoanWithSpecialCharactersInAmountTest" class="testCases.TC006_ApplyLoanTest"/>
        <method signature="TC001_RegisterTest.RegisterWithMissingSSN()[pri:8, instance:testCases.TC001_RegisterTest@23e84203]" name="RegisterWithMissingSSN" class="testCases.TC001_RegisterTest"/>
        <method signature="TC002_LoginTest.loginWithSpecialCharacters()[pri:8, instance:testCases.TC002_LoginTest@1972e513]" name="loginWithSpecialCharacters" class="testCases.TC002_LoginTest"/>
        <method signature="TC005_BillPayTest.BillPayWithoutVerifyAccountTest()[pri:8, instance:testCases.TC005_BillPayTest@61c4eee0]" name="BillPayWithoutVerifyAccountTest" class="testCases.TC005_BillPayTest"/>
        <method signature="TC006_ApplyLoanTest.ApplyLoanWithEmptySubmissionTest()[pri:8, instance:testCases.TC006_ApplyLoanTest@6f10d5b6]" name="ApplyLoanWithEmptySubmissionTest" class="testCases.TC006_ApplyLoanTest"/>
        <method signature="TC001_RegisterTest.RegisterWithMissingUsername()[pri:9, instance:testCases.TC001_RegisterTest@23e84203]" name="RegisterWithMissingUsername" class="testCases.TC001_RegisterTest"/>
        <method signature="TC002_LoginTest.loginWithSpacesInCredentials()[pri:9, instance:testCases.TC002_LoginTest@1972e513]" name="loginWithSpacesInCredentials" class="testCases.TC002_LoginTest"/>
        <method signature="TC005_BillPayTest.BillPayWithoutAmountTest()[pri:9, instance:testCases.TC005_BillPayTest@61c4eee0]" name="BillPayWithoutAmountTest" class="testCases.TC005_BillPayTest"/>
        <method signature="TC006_ApplyLoanTest.ApplyLoanWithAmountLessThanDownPaymentTest()[pri:9, instance:testCases.TC006_ApplyLoanTest@6f10d5b6]" name="ApplyLoanWithAmountLessThanDownPaymentTest" class="testCases.TC006_ApplyLoanTest"/>
        <method signature="TC001_RegisterTest.RegisterWithMissingPassword()[pri:10, instance:testCases.TC001_RegisterTest@23e84203]" name="RegisterWithMissingPassword" class="testCases.TC001_RegisterTest"/>
        <method signature="TC002_LoginTest.loginWithCaseSensitiveUsername()[pri:10, instance:testCases.TC002_LoginTest@1972e513]" name="loginWithCaseSensitiveUsername" class="testCases.TC002_LoginTest"/>
        <method signature="TC005_BillPayTest.BillPayWithMismatchedAccountNumbersTest()[pri:10, instance:testCases.TC005_BillPayTest@61c4eee0]" name="BillPayWithMismatchedAccountNumbersTest" class="testCases.TC005_BillPayTest"/>
        <method signature="TC006_ApplyLoanTest.ApplyLoanWithZeroAmountTest()[pri:10, instance:testCases.TC006_ApplyLoanTest@6f10d5b6]" name="ApplyLoanWithZeroAmountTest" class="testCases.TC006_ApplyLoanTest"/>
        <method signature="TC001_RegisterTest.RegisterWithMismatchedPasswords()[pri:11, instance:testCases.TC001_RegisterTest@23e84203]" name="RegisterWithMismatchedPasswords" class="testCases.TC001_RegisterTest"/>
        <method signature="TC005_BillPayTest.BillPayWithNonNumericAccountNumberTest()[pri:11, instance:testCases.TC005_BillPayTest@61c4eee0]" name="BillPayWithNonNumericAccountNumberTest" class="testCases.TC005_BillPayTest"/>
        <method signature="TC006_ApplyLoanTest.ApplyLoanWithNegativeAmountTest()[pri:11, instance:testCases.TC006_ApplyLoanTest@6f10d5b6]" name="ApplyLoanWithNegativeAmountTest" class="testCases.TC006_ApplyLoanTest"/>
        <method signature="TC001_RegisterTest.RegisterWithExistingUsername()[pri:12, instance:testCases.TC001_RegisterTest@23e84203]" name="RegisterWithExistingUsername" class="testCases.TC001_RegisterTest"/>
        <method signature="TC005_BillPayTest.BillPayWithNonNumericAmountTest()[pri:12, instance:testCases.TC005_BillPayTest@61c4eee0]" name="BillPayWithNonNumericAmountTest" class="testCases.TC005_BillPayTest"/>
        <method signature="TC006_ApplyLoanTest.ApplyLoanWithUnrealisticCombinationTest()[pri:12, instance:testCases.TC006_ApplyLoanTest@6f10d5b6]" name="ApplyLoanWithUnrealisticCombinationTest" class="testCases.TC006_ApplyLoanTest"/>
        <method signature="TC005_BillPayTest.BillPayWithAllFieldsEmptyTest()[pri:13, instance:testCases.TC005_BillPayTest@61c4eee0]" name="BillPayWithAllFieldsEmptyTest" class="testCases.TC005_BillPayTest"/>
        <method signature="TC006_ApplyLoanTest.ApplyLoanWithInsufficientBalanceTest()[pri:13, instance:testCases.TC006_ApplyLoanTest@6f10d5b6]" name="ApplyLoanWithInsufficientBalanceTest" class="testCases.TC006_ApplyLoanTest"/>
      </group> <!-- Negative -->
      <group name="Positive">
        <method signature="TC005_BillPayTest.BillPayWithDecimalAmountTest()[pri:14, instance:testCases.TC005_BillPayTest@61c4eee0]" name="BillPayWithDecimalAmountTest" class="testCases.TC005_BillPayTest"/>
      </group> <!-- Positive -->
      <group name="Regression">
        <method signature="TC001_RegisterTest.RegisterTest()[pri:1, instance:testCases.TC001_RegisterTest@23e84203]" name="RegisterTest" class="testCases.TC001_RegisterTest"/>
        <method signature="TC002_LoginTest.loginWithInvalidPassword()[pri:2, instance:testCases.TC002_LoginTest@1972e513]" name="loginWithInvalidPassword" class="testCases.TC002_LoginTest"/>
        <method signature="TC002_LoginTest.loginWithBothInvalidCredentials()[pri:3, instance:testCases.TC002_LoginTest@1972e513]" name="loginWithBothInvalidCredentials" class="testCases.TC002_LoginTest"/>
        <method signature="TC003_OpenNewAccountTest.VerifyAccountDetailsNavigationTest()[pri:3, instance:testCases.TC003_OpenNewAccountTest@7ae0a9ec]" name="VerifyAccountDetailsNavigationTest" class="testCases.TC003_OpenNewAccountTest"/>
        <method signature="TC002_LoginTest.loginWithEmptyUsername()[pri:4, instance:testCases.TC002_LoginTest@1972e513]" name="loginWithEmptyUsername" class="testCases.TC002_LoginTest"/>
        <method signature="TC003_OpenNewAccountTest.VerifyBackButtonAfterAccountCreationTest()[pri:4, instance:testCases.TC003_OpenNewAccountTest@7ae0a9ec]" name="VerifyBackButtonAfterAccountCreationTest" class="testCases.TC003_OpenNewAccountTest"/>
        <method signature="TC002_LoginTest.loginWithEmptyPassword()[pri:5, instance:testCases.TC002_LoginTest@1972e513]" name="loginWithEmptyPassword" class="testCases.TC002_LoginTest"/>
        <method signature="TC002_LoginTest.loginWithBothFieldsEmpty()[pri:6, instance:testCases.TC002_LoginTest@1972e513]" name="loginWithBothFieldsEmpty" class="testCases.TC002_LoginTest"/>
        <method signature="TC002_LoginTest.loginWithSQLInjection()[pri:7, instance:testCases.TC002_LoginTest@1972e513]" name="loginWithSQLInjection" class="testCases.TC002_LoginTest"/>
        <method signature="TC002_LoginTest.loginWithSpecialCharacters()[pri:8, instance:testCases.TC002_LoginTest@1972e513]" name="loginWithSpecialCharacters" class="testCases.TC002_LoginTest"/>
        <method signature="TC002_LoginTest.loginWithSpacesInCredentials()[pri:9, instance:testCases.TC002_LoginTest@1972e513]" name="loginWithSpacesInCredentials" class="testCases.TC002_LoginTest"/>
        <method signature="TC002_LoginTest.loginWithCaseSensitiveUsername()[pri:10, instance:testCases.TC002_LoginTest@1972e513]" name="loginWithCaseSensitiveUsername" class="testCases.TC002_LoginTest"/>
        <method signature="TC002_LoginTest.loginWithExcessivelyLongUsername()[pri:11, instance:testCases.TC002_LoginTest@1972e513]" name="loginWithExcessivelyLongUsername" class="testCases.TC002_LoginTest"/>
        <method signature="TC002_LoginTest.loginWithScriptTags()[pri:12, instance:testCases.TC002_LoginTest@1972e513]" name="loginWithScriptTags" class="testCases.TC002_LoginTest"/>
      </group> <!-- Regression -->
      <group name="Datadriven">
        <method signature="TC007_LoginDDT.verify_Loginddt(java.lang.String,java.lang.String,java.lang.String)[pri:0, instance:testCases.TC007_LoginDDT@1040be71]" name="verify_Loginddt" class="testCases.TC007_LoginDDT"/>
      </group> <!-- Datadriven -->
    </groups>
    <test started-at="2025-11-11T21:26:11 IST" name="ParaBanking Test" finished-at="2025-11-11T21:31:48 IST" duration-ms="336318">
      <class name="testCases.TC009_FooterTest">
        <test-method is-config="true" signature="setup(java.lang.String,java.lang.String)[pri:0, instance:testCases.TC009_FooterTest@433defed]" started-at="2025-11-11T21:31:20 IST" name="setup" finished-at="2025-11-11T21:31:22 IST" duration-ms="1345" status="PASS">
          <params>
            <param index="0">
              <value>
                <![CDATA[Windows]]>
              </value>
            </param>
            <param index="1">
              <value>
                <![CDATA[chrome]]>
              </value>
            </param>
          </params>
          <reporter-output>
          </reporter-output>
        </test-method> <!-- setup -->
        <test-method signature="VerifyFooterSection()[pri:1, instance:testCases.TC009_FooterTest@433defed]" started-at="2025-11-11T21:31:22 IST" name="VerifyFooterSection" finished-at="2025-11-11T21:31:35 IST" duration-ms="13619" status="PASS">
          <reporter-output>
          </reporter-output>
        </test-method> <!-- VerifyFooterSection -->
        <test-method is-config="true" signature="tearDown()[pri:0, instance:testCases.TC009_FooterTest@433defed]" started-at="2025-11-11T21:31:35 IST" name="tearDown" finished-at="2025-11-11T21:31:36 IST" duration-ms="407" status="PASS">
          <reporter-output>
          </reporter-output>
        </test-method> <!-- tearDown -->
      </class> <!-- testCases.TC009_FooterTest -->
      <class name="testCases.TC007_LoginDDT">
        <test-method is-config="true" signature="setup(java.lang.String,java.lang.String)[pri:0, instance:testCases.TC007_LoginDDT@1040be71]" started-at="2025-11-11T21:30:13 IST" name="setup" finished-at="2025-11-11T21:30:16 IST" duration-ms="2227" status="PASS">
          <params>
            <param index="0">
              <value>
                <![CDATA[Windows]]>
              </value>
            </param>
            <param index="1">
              <value>
                <![CDATA[chrome]]>
              </value>
            </param>
          </params>
          <reporter-output>
          </reporter-output>
        </test-method> <!-- setup -->
        <test-method signature="verify_Loginddt(java.lang.String,java.lang.String,java.lang.String)[pri:0, instance:testCases.TC007_LoginDDT@1040be71]" started-at="2025-11-11T21:30:17 IST" name="verify_Loginddt" data-provider="LoginData" finished-at="2025-11-11T21:30:20 IST" duration-ms="2671" status="PASS">
          <params>
            <param index="0">
              <value>
                <![CDATA[mikasa@06]]>
              </value>
            </param>
            <param index="1">
              <value>
                <![CDATA[eren]]>
              </value>
            </param>
            <param index="2">
              <value>
                <![CDATA[valid]]>
              </value>
            </param>
          </params>
          <reporter-output>
          </reporter-output>
        </test-method> <!-- verify_Loginddt -->
        <test-method signature="verify_Loginddt(java.lang.String,java.lang.String,java.lang.String)[pri:0, instance:testCases.TC007_LoginDDT@1040be71]" started-at="2025-11-11T21:30:20 IST" name="verify_Loginddt" data-provider="LoginData" finished-at="2025-11-11T21:30:32 IST" duration-ms="12268" status="PASS">
          <params>
            <param index="0">
              <value>
                <![CDATA[gabi]]>
              </value>
            </param>
            <param index="1">
              <value>
                <![CDATA[falco]]>
              </value>
            </param>
            <param index="2">
              <value>
                <![CDATA[Invalid]]>
              </value>
            </param>
          </params>
          <reporter-output>
          </reporter-output>
        </test-method> <!-- verify_Loginddt -->
        <test-method signature="verify_Loginddt(java.lang.String,java.lang.String,java.lang.String)[pri:0, instance:testCases.TC007_LoginDDT@1040be71]" started-at="2025-11-11T21:30:32 IST" name="verify_Loginddt" data-provider="LoginData" finished-at="2025-11-11T21:30:44 IST" duration-ms="12399" status="PASS">
          <params>
            <param index="0">
              <value>
                <![CDATA[jiraya]]>
              </value>
            </param>
            <param index="1">
              <value>
                <![CDATA[leaf]]>
              </value>
            </param>
            <param index="2">
              <value>
                <![CDATA[Invalid]]>
              </value>
            </param>
          </params>
          <reporter-output>
          </reporter-output>
        </test-method> <!-- verify_Loginddt -->
        <test-method signature="verify_Loginddt(java.lang.String,java.lang.String,java.lang.String)[pri:0, instance:testCases.TC007_LoginDDT@1040be71]" started-at="2025-11-11T21:30:44 IST" name="verify_Loginddt" data-provider="LoginData" finished-at="2025-11-11T21:30:47 IST" duration-ms="2547" status="PASS">
          <params>
            <param index="0">
              <value>
                <![CDATA[naruto]]>
              </value>
            </param>
            <param index="1">
              <value>
                <![CDATA[hinata]]>
              </value>
            </param>
            <param index="2">
              <value>
                <![CDATA[valid]]>
              </value>
            </param>
          </params>
          <reporter-output>
          </reporter-output>
        </test-method> <!-- verify_Loginddt -->
        <test-method signature="verify_Loginddt(java.lang.String,java.lang.String,java.lang.String)[pri:0, instance:testCases.TC007_LoginDDT@1040be71]" started-at="2025-11-11T21:30:47 IST" name="verify_Loginddt" data-provider="LoginData" finished-at="2025-11-11T21:30:59 IST" duration-ms="12360" status="PASS">
          <params>
            <param index="0">
              <value>
                <![CDATA[levi]]>
              </value>
            </param>
            <param index="1">
              <value>
                <![CDATA[hange]]>
              </value>
            </param>
            <param index="2">
              <value>
                <![CDATA[Invalid]]>
              </value>
            </param>
          </params>
          <reporter-output>
          </reporter-output>
        </test-method> <!-- verify_Loginddt -->
        <test-method is-config="true" signature="tearDown()[pri:0, instance:testCases.TC007_LoginDDT@1040be71]" started-at="2025-11-11T21:30:59 IST" name="tearDown" finished-at="2025-11-11T21:30:59 IST" duration-ms="237" status="PASS">
          <reporter-output>
          </reporter-output>
        </test-method> <!-- tearDown -->
      </class> <!-- testCases.TC007_LoginDDT -->
      <class name="testCases.TC006_ApplyLoanTest">
        <test-method is-config="true" signature="setup(java.lang.String,java.lang.String)[pri:0, instance:testCases.TC006_ApplyLoanTest@6f10d5b6]" started-at="2025-11-11T21:29:21 IST" name="setup" finished-at="2025-11-11T21:29:23 IST" duration-ms="1517" status="PASS">
          <params>
            <param index="0">
              <value>
                <![CDATA[Windows]]>
              </value>
            </param>
            <param index="1">
              <value>
                <![CDATA[chrome]]>
              </value>
            </param>
          </params>
          <reporter-output>
          </reporter-output>
        </test-method> <!-- setup -->
        <test-method signature="VerifyApplyLoan()[pri:1, instance:testCases.TC006_ApplyLoanTest@6f10d5b6]" started-at="2025-11-11T21:29:23 IST" name="VerifyApplyLoan" finished-at="2025-11-11T21:29:30 IST" duration-ms="7224" status="PASS">
          <reporter-output>
          </reporter-output>
        </test-method> <!-- VerifyApplyLoan -->
        <test-method signature="ApplyLoanWithoutAmountTest()[pri:2, instance:testCases.TC006_ApplyLoanTest@6f10d5b6]" started-at="2025-11-11T21:29:30 IST" name="ApplyLoanWithoutAmountTest" finished-at="2025-11-11T21:29:33 IST" duration-ms="3048" status="PASS">
          <reporter-output>
          </reporter-output>
        </test-method> <!-- ApplyLoanWithoutAmountTest -->
        <test-method signature="ApplyLoanWithoutDownPaymentTest()[pri:3, instance:testCases.TC006_ApplyLoanTest@6f10d5b6]" started-at="2025-11-11T21:29:33 IST" name="ApplyLoanWithoutDownPaymentTest" finished-at="2025-11-11T21:29:36 IST" duration-ms="3127" status="PASS">
          <reporter-output>
          </reporter-output>
        </test-method> <!-- ApplyLoanWithoutDownPaymentTest -->
        <test-method signature="ApplyLoanWithNonNumericAmountTest()[pri:4, instance:testCases.TC006_ApplyLoanTest@6f10d5b6]" started-at="2025-11-11T21:29:36 IST" name="ApplyLoanWithNonNumericAmountTest" finished-at="2025-11-11T21:29:39 IST" duration-ms="2999" status="PASS">
          <reporter-output>
          </reporter-output>
        </test-method> <!-- ApplyLoanWithNonNumericAmountTest -->
        <test-method signature="ApplyLoanWithNonNumericDownPaymentTest()[pri:5, instance:testCases.TC006_ApplyLoanTest@6f10d5b6]" started-at="2025-11-11T21:29:39 IST" name="ApplyLoanWithNonNumericDownPaymentTest" finished-at="2025-11-11T21:29:42 IST" duration-ms="2936" status="PASS">
          <reporter-output>
          </reporter-output>
        </test-method> <!-- ApplyLoanWithNonNumericDownPaymentTest -->
        <test-method signature="ApplyLoanWithExcessiveAmountTest()[pri:6, instance:testCases.TC006_ApplyLoanTest@6f10d5b6]" started-at="2025-11-11T21:29:42 IST" name="ApplyLoanWithExcessiveAmountTest" finished-at="2025-11-11T21:29:45 IST" duration-ms="3302" status="PASS">
          <reporter-output>
          </reporter-output>
        </test-method> <!-- ApplyLoanWithExcessiveAmountTest -->
        <test-method signature="ApplyLoanWithSpecialCharactersInAmountTest()[pri:7, instance:testCases.TC006_ApplyLoanTest@6f10d5b6]" started-at="2025-11-11T21:29:45 IST" name="ApplyLoanWithSpecialCharactersInAmountTest" finished-at="2025-11-11T21:29:48 IST" duration-ms="3018" status="PASS">
          <reporter-output>
          </reporter-output>
        </test-method> <!-- ApplyLoanWithSpecialCharactersInAmountTest -->
        <test-method signature="ApplyLoanWithEmptySubmissionTest()[pri:8, instance:testCases.TC006_ApplyLoanTest@6f10d5b6]" started-at="2025-11-11T21:29:48 IST" name="ApplyLoanWithEmptySubmissionTest" finished-at="2025-11-11T21:29:51 IST" duration-ms="2944" status="PASS">
          <reporter-output>
          </reporter-output>
        </test-method> <!-- ApplyLoanWithEmptySubmissionTest -->
        <test-method signature="ApplyLoanWithAmountLessThanDownPaymentTest()[pri:9, instance:testCases.TC006_ApplyLoanTest@6f10d5b6]" started-at="2025-11-11T21:29:51 IST" name="ApplyLoanWithAmountLessThanDownPaymentTest" finished-at="2025-11-11T21:29:54 IST" duration-ms="3108" status="PASS">
          <reporter-output>
          </reporter-output>
        </test-method> <!-- ApplyLoanWithAmountLessThanDownPaymentTest -->
        <test-method signature="ApplyLoanWithZeroAmountTest()[pri:10, instance:testCases.TC006_ApplyLoanTest@6f10d5b6]" started-at="2025-11-11T21:29:54 IST" name="ApplyLoanWithZeroAmountTest" finished-at="2025-11-11T21:29:58 IST" duration-ms="3541" status="PASS">
          <reporter-output>
          </reporter-output>
        </test-method> <!-- ApplyLoanWithZeroAmountTest -->
        <test-method signature="ApplyLoanWithNegativeAmountTest()[pri:11, instance:testCases.TC006_ApplyLoanTest@6f10d5b6]" started-at="2025-11-11T21:29:58 IST" name="ApplyLoanWithNegativeAmountTest" finished-at="2025-11-11T21:30:01 IST" duration-ms="3064" status="PASS">
          <reporter-output>
          </reporter-output>
        </test-method> <!-- ApplyLoanWithNegativeAmountTest -->
        <test-method signature="ApplyLoanWithUnrealisticCombinationTest()[pri:12, instance:testCases.TC006_ApplyLoanTest@6f10d5b6]" started-at="2025-11-11T21:30:01 IST" name="ApplyLoanWithUnrealisticCombinationTest" finished-at="2025-11-11T21:30:04 IST" duration-ms="3088" status="PASS">
          <reporter-output>
          </reporter-output>
        </test-method> <!-- ApplyLoanWithUnrealisticCombinationTest -->
        <test-method signature="ApplyLoanWithInsufficientBalanceTest()[pri:13, instance:testCases.TC006_ApplyLoanTest@6f10d5b6]" started-at="2025-11-11T21:30:04 IST" name="ApplyLoanWithInsufficientBalanceTest" finished-at="2025-11-11T21:30:07 IST" duration-ms="2971" status="PASS">
          <reporter-output>
          </reporter-output>
        </test-method> <!-- ApplyLoanWithInsufficientBalanceTest -->
        <test-method signature="VerifyApplyLoanWithDecimalAmountTest()[pri:14, instance:testCases.TC006_ApplyLoanTest@6f10d5b6]" started-at="2025-11-11T21:30:07 IST" name="VerifyApplyLoanWithDecimalAmountTest" finished-at="2025-11-11T21:30:13 IST" duration-ms="6171" status="PASS">
          <reporter-output>
          </reporter-output>
        </test-method> <!-- VerifyApplyLoanWithDecimalAmountTest -->
        <test-method is-config="true" signature="tearDown()[pri:0, instance:testCases.TC006_ApplyLoanTest@6f10d5b6]" started-at="2025-11-11T21:30:13 IST" name="tearDown" finished-at="2025-11-11T21:30:13 IST" duration-ms="230" status="PASS">
          <reporter-output>
          </reporter-output>
        </test-method> <!-- tearDown -->
      </class> <!-- testCases.TC006_ApplyLoanTest -->
      <class name="testCases.TC002_LoginTest">
        <test-method is-config="true" signature="setup(java.lang.String,java.lang.String)[pri:0, instance:testCases.TC002_LoginTest@1972e513]" started-at="2025-11-11T21:26:37 IST" name="setup" finished-at="2025-11-11T21:26:39 IST" duration-ms="1629" status="PASS">
          <params>
            <param index="0">
              <value>
                <![CDATA[Windows]]>
              </value>
            </param>
            <param index="1">
              <value>
                <![CDATA[chrome]]>
              </value>
            </param>
          </params>
          <reporter-output>
          </reporter-output>
        </test-method> <!-- setup -->
        <test-method signature="loginTest()[pri:1, instance:testCases.TC002_LoginTest@1972e513]" started-at="2025-11-11T21:26:39 IST" name="loginTest" finished-at="2025-11-11T21:26:43 IST" duration-ms="4781" status="PASS">
          <reporter-output>
          </reporter-output>
        </test-method> <!-- loginTest -->
        <test-method signature="loginWithInvalidPassword()[pri:2, instance:testCases.TC002_LoginTest@1972e513]" started-at="2025-11-11T21:26:43 IST" name="loginWithInvalidPassword" finished-at="2025-11-11T21:26:44 IST" duration-ms="441" status="PASS">
          <reporter-output>
          </reporter-output>
        </test-method> <!-- loginWithInvalidPassword -->
        <test-method signature="loginWithBothInvalidCredentials()[pri:3, instance:testCases.TC002_LoginTest@1972e513]" started-at="2025-11-11T21:26:44 IST" name="loginWithBothInvalidCredentials" finished-at="2025-11-11T21:26:44 IST" duration-ms="362" status="PASS">
          <reporter-output>
          </reporter-output>
        </test-method> <!-- loginWithBothInvalidCredentials -->
        <test-method signature="loginWithEmptyUsername()[pri:4, instance:testCases.TC002_LoginTest@1972e513]" started-at="2025-11-11T21:26:44 IST" name="loginWithEmptyUsername" finished-at="2025-11-11T21:26:45 IST" duration-ms="294" status="PASS">
          <reporter-output>
          </reporter-output>
        </test-method> <!-- loginWithEmptyUsername -->
        <test-method signature="loginWithEmptyPassword()[pri:5, instance:testCases.TC002_LoginTest@1972e513]" started-at="2025-11-11T21:26:45 IST" name="loginWithEmptyPassword" finished-at="2025-11-11T21:26:45 IST" duration-ms="307" status="PASS">
          <reporter-output>
          </reporter-output>
        </test-method> <!-- loginWithEmptyPassword -->
        <test-method signature="loginWithBothFieldsEmpty()[pri:6, instance:testCases.TC002_LoginTest@1972e513]" started-at="2025-11-11T21:26:45 IST" name="loginWithBothFieldsEmpty" finished-at="2025-11-11T21:26:45 IST" duration-ms="328" status="PASS">
          <reporter-output>
          </reporter-output>
        </test-method> <!-- loginWithBothFieldsEmpty -->
        <test-method signature="loginWithSQLInjection()[pri:7, instance:testCases.TC002_LoginTest@1972e513]" started-at="2025-11-11T21:26:45 IST" name="loginWithSQLInjection" finished-at="2025-11-11T21:26:46 IST" duration-ms="341" status="PASS">
          <reporter-output>
          </reporter-output>
        </test-method> <!-- loginWithSQLInjection -->
        <test-method signature="loginWithSpecialCharacters()[pri:8, instance:testCases.TC002_LoginTest@1972e513]" started-at="2025-11-11T21:26:46 IST" name="loginWithSpecialCharacters" finished-at="2025-11-11T21:26:46 IST" duration-ms="333" status="PASS">
          <reporter-output>
          </reporter-output>
        </test-method> <!-- loginWithSpecialCharacters -->
        <test-method signature="loginWithSpacesInCredentials()[pri:9, instance:testCases.TC002_LoginTest@1972e513]" started-at="2025-11-11T21:26:46 IST" name="loginWithSpacesInCredentials" finished-at="2025-11-11T21:26:46 IST" duration-ms="345" status="PASS">
          <reporter-output>
          </reporter-output>
        </test-method> <!-- loginWithSpacesInCredentials -->
        <test-method signature="loginWithCaseSensitiveUsername()[pri:10, instance:testCases.TC002_LoginTest@1972e513]" started-at="2025-11-11T21:26:46 IST" name="loginWithCaseSensitiveUsername" finished-at="2025-11-11T21:26:47 IST" duration-ms="804" status="PASS">
          <reporter-output>
          </reporter-output>
        </test-method> <!-- loginWithCaseSensitiveUsername -->
        <test-method signature="loginWithExcessivelyLongUsername()[pri:11, instance:testCases.TC002_LoginTest@1972e513]" started-at="2025-11-11T21:26:47 IST" name="loginWithExcessivelyLongUsername" finished-at="2025-11-11T21:26:48 IST" duration-ms="1177" status="PASS">
          <reporter-output>
          </reporter-output>
        </test-method> <!-- loginWithExcessivelyLongUsername -->
        <test-method signature="loginWithScriptTags()[pri:12, instance:testCases.TC002_LoginTest@1972e513]" started-at="2025-11-11T21:26:48 IST" name="loginWithScriptTags" finished-at="2025-11-11T21:26:49 IST" duration-ms="641" status="PASS">
          <reporter-output>
          </reporter-output>
        </test-method> <!-- loginWithScriptTags -->
        <test-method is-config="true" signature="tearDown()[pri:0, instance:testCases.TC002_LoginTest@1972e513]" started-at="2025-11-11T21:26:49 IST" name="tearDown" finished-at="2025-11-11T21:26:49 IST" duration-ms="229" status="PASS">
          <reporter-output>
          </reporter-output>
        </test-method> <!-- tearDown -->
      </class> <!-- testCases.TC002_LoginTest -->
      <class name="testCases.TC001_RegisterTest">
        <test-method is-config="true" signature="setup(java.lang.String,java.lang.String)[pri:0, instance:testCases.TC001_RegisterTest@23e84203]" started-at="2025-11-11T21:26:12 IST" name="setup" finished-at="2025-11-11T21:26:20 IST" duration-ms="7887" status="PASS">
          <params>
            <param index="0">
              <value>
                <![CDATA[Windows]]>
              </value>
            </param>
            <param index="1">
              <value>
                <![CDATA[chrome]]>
              </value>
            </param>
          </params>
          <reporter-output>
          </reporter-output>
        </test-method> <!-- setup -->
        <test-method signature="RegisterTest()[pri:1, instance:testCases.TC001_RegisterTest@23e84203]" started-at="2025-11-11T21:26:20 IST" name="RegisterTest" finished-at="2025-11-11T21:26:22 IST" duration-ms="2024" status="PASS">
          <reporter-output>
          </reporter-output>
        </test-method> <!-- RegisterTest -->
        <test-method signature="RegisterWithMissingFirstName()[pri:2, instance:testCases.TC001_RegisterTest@23e84203]" started-at="2025-11-11T21:26:22 IST" name="RegisterWithMissingFirstName" finished-at="2025-11-11T21:26:23 IST" duration-ms="1461" status="PASS">
          <reporter-output>
          </reporter-output>
        </test-method> <!-- RegisterWithMissingFirstName -->
        <test-method signature="RegisterWithMissingLastName()[pri:3, instance:testCases.TC001_RegisterTest@23e84203]" started-at="2025-11-11T21:26:23 IST" name="RegisterWithMissingLastName" finished-at="2025-11-11T21:26:24 IST" duration-ms="1340" status="PASS">
          <reporter-output>
          </reporter-output>
        </test-method> <!-- RegisterWithMissingLastName -->
        <test-method signature="RegisterWithMissingAddress()[pri:4, instance:testCases.TC001_RegisterTest@23e84203]" started-at="2025-11-11T21:26:24 IST" name="RegisterWithMissingAddress" finished-at="2025-11-11T21:26:26 IST" duration-ms="1177" status="PASS">
          <reporter-output>
          </reporter-output>
        </test-method> <!-- RegisterWithMissingAddress -->
        <test-method signature="RegisterWithMissingCity()[pri:5, instance:testCases.TC001_RegisterTest@23e84203]" started-at="2025-11-11T21:26:26 IST" name="RegisterWithMissingCity" finished-at="2025-11-11T21:26:27 IST" duration-ms="1241" status="PASS">
          <reporter-output>
          </reporter-output>
        </test-method> <!-- RegisterWithMissingCity -->
        <test-method signature="RegisterWithMissingState()[pri:6, instance:testCases.TC001_RegisterTest@23e84203]" started-at="2025-11-11T21:26:27 IST" name="RegisterWithMissingState" finished-at="2025-11-11T21:26:28 IST" duration-ms="1363" status="PASS">
          <reporter-output>
          </reporter-output>
        </test-method> <!-- RegisterWithMissingState -->
        <test-method signature="RegisterWithMissingZipCode()[pri:7, instance:testCases.TC001_RegisterTest@23e84203]" started-at="2025-11-11T21:26:28 IST" name="RegisterWithMissingZipCode" finished-at="2025-11-11T21:26:29 IST" duration-ms="1225" status="PASS">
          <reporter-output>
          </reporter-output>
        </test-method> <!-- RegisterWithMissingZipCode -->
        <test-method signature="RegisterWithMissingSSN()[pri:8, instance:testCases.TC001_RegisterTest@23e84203]" started-at="2025-11-11T21:26:29 IST" name="RegisterWithMissingSSN" finished-at="2025-11-11T21:26:32 IST" duration-ms="2147" status="PASS">
          <reporter-output>
          </reporter-output>
        </test-method> <!-- RegisterWithMissingSSN -->
        <test-method signature="RegisterWithMissingUsername()[pri:9, instance:testCases.TC001_RegisterTest@23e84203]" started-at="2025-11-11T21:26:32 IST" name="RegisterWithMissingUsername" finished-at="2025-11-11T21:26:33 IST" duration-ms="1267" status="PASS">
          <reporter-output>
          </reporter-output>
        </test-method> <!-- RegisterWithMissingUsername -->
        <test-method signature="RegisterWithMissingPassword()[pri:10, instance:testCases.TC001_RegisterTest@23e84203]" started-at="2025-11-11T21:26:33 IST" name="RegisterWithMissingPassword" finished-at="2025-11-11T21:26:34 IST" duration-ms="1228" status="PASS">
          <reporter-output>
          </reporter-output>
        </test-method> <!-- RegisterWithMissingPassword -->
        <test-method signature="RegisterWithMismatchedPasswords()[pri:11, instance:testCases.TC001_RegisterTest@23e84203]" started-at="2025-11-11T21:26:34 IST" name="RegisterWithMismatchedPasswords" finished-at="2025-11-11T21:26:35 IST" duration-ms="1294" status="PASS">
          <reporter-output>
          </reporter-output>
        </test-method> <!-- RegisterWithMismatchedPasswords -->
        <test-method signature="RegisterWithExistingUsername()[pri:12, instance:testCases.TC001_RegisterTest@23e84203]" started-at="2025-11-11T21:26:35 IST" name="RegisterWithExistingUsername" finished-at="2025-11-11T21:26:37 IST" duration-ms="1388" status="PASS">
          <reporter-output>
          </reporter-output>
        </test-method> <!-- RegisterWithExistingUsername -->
        <test-method is-config="true" signature="tearDown()[pri:0, instance:testCases.TC001_RegisterTest@23e84203]" started-at="2025-11-11T21:26:37 IST" name="tearDown" finished-at="2025-11-11T21:26:37 IST" duration-ms="229" status="PASS">
          <reporter-output>
          </reporter-output>
        </test-method> <!-- tearDown -->
      </class> <!-- testCases.TC001_RegisterTest -->
      <class name="testCases.TC003_OpenNewAccountTest">
        <test-method is-config="true" signature="setup(java.lang.String,java.lang.String)[pri:0, instance:testCases.TC003_OpenNewAccountTest@7ae0a9ec]" started-at="2025-11-11T21:26:49 IST" name="setup" finished-at="2025-11-11T21:26:50 IST" duration-ms="1389" status="PASS">
          <params>
            <param index="0">
              <value>
                <![CDATA[Windows]]>
              </value>
            </param>
            <param index="1">
              <value>
                <![CDATA[chrome]]>
              </value>
            </param>
          </params>
          <reporter-output>
          </reporter-output>
        </test-method> <!-- setup -->
        <test-method signature="OpenNewAccountTest()[pri:1, instance:testCases.TC003_OpenNewAccountTest@7ae0a9ec]" started-at="2025-11-11T21:26:50 IST" name="OpenNewAccountTest" finished-at="2025-11-11T21:26:58 IST" duration-ms="7361" status="PASS">
          <reporter-output>
          </reporter-output>
        </test-method> <!-- OpenNewAccountTest -->
        <test-method signature="OpenCheckingAccountTest()[pri:2, instance:testCases.TC003_OpenNewAccountTest@7ae0a9ec]" started-at="2025-11-11T21:26:58 IST" name="OpenCheckingAccountTest" finished-at="2025-11-11T21:27:06 IST" duration-ms="8681" status="PASS">
          <reporter-output>
          </reporter-output>
        </test-method> <!-- OpenCheckingAccountTest -->
        <test-method signature="VerifyAccountDetailsNavigationTest()[pri:3, instance:testCases.TC003_OpenNewAccountTest@7ae0a9ec]" started-at="2025-11-11T21:27:06 IST" name="VerifyAccountDetailsNavigationTest" finished-at="2025-11-11T21:27:15 IST" duration-ms="8952" status="PASS">
          <reporter-output>
          </reporter-output>
        </test-method> <!-- VerifyAccountDetailsNavigationTest -->
        <test-method signature="VerifyBackButtonAfterAccountCreationTest()[pri:4, instance:testCases.TC003_OpenNewAccountTest@7ae0a9ec]" started-at="2025-11-11T21:27:15 IST" name="VerifyBackButtonAfterAccountCreationTest" finished-at="2025-11-11T21:27:24 IST" duration-ms="8645" status="PASS">
          <reporter-output>
          </reporter-output>
        </test-method> <!-- VerifyBackButtonAfterAccountCreationTest -->
        <test-method is-config="true" signature="tearDown()[pri:0, instance:testCases.TC003_OpenNewAccountTest@7ae0a9ec]" started-at="2025-11-11T21:27:24 IST" name="tearDown" finished-at="2025-11-11T21:27:24 IST" duration-ms="217" status="PASS">
          <reporter-output>
          </reporter-output>
        </test-method> <!-- tearDown -->
      </class> <!-- testCases.TC003_OpenNewAccountTest -->
      <class name="testCases.TC008_HomePageTest">
        <test-method is-config="true" signature="setup(java.lang.String,java.lang.String)[pri:0, instance:testCases.TC008_HomePageTest@548a24a]" started-at="2025-11-11T21:30:59 IST" name="setup" finished-at="2025-11-11T21:31:01 IST" duration-ms="1270" status="PASS">
          <params>
            <param index="0">
              <value>
                <![CDATA[Windows]]>
              </value>
            </param>
            <param index="1">
              <value>
                <![CDATA[chrome]]>
              </value>
            </param>
          </params>
          <reporter-output>
          </reporter-output>
        </test-method> <!-- setup -->
        <test-method signature="VerifyHomePage()[pri:1, instance:testCases.TC008_HomePageTest@548a24a]" started-at="2025-11-11T21:31:01 IST" name="VerifyHomePage" finished-at="2025-11-11T21:31:20 IST" duration-ms="19365" status="PASS">
          <reporter-output>
          </reporter-output>
        </test-method> <!-- VerifyHomePage -->
        <test-method is-config="true" signature="tearDown()[pri:0, instance:testCases.TC008_HomePageTest@548a24a]" started-at="2025-11-11T21:31:20 IST" name="tearDown" finished-at="2025-11-11T21:31:20 IST" duration-ms="286" status="PASS">
          <reporter-output>
          </reporter-output>
        </test-method> <!-- tearDown -->
      </class> <!-- testCases.TC008_HomePageTest -->
      <class name="testCases.TC004_TransferFundsTest">
        <test-method is-config="true" signature="setup(java.lang.String,java.lang.String)[pri:0, instance:testCases.TC004_TransferFundsTest@35841320]" started-at="2025-11-11T21:27:24 IST" name="setup" finished-at="2025-11-11T21:27:26 IST" duration-ms="1199" status="PASS">
          <params>
            <param index="0">
              <value>
                <![CDATA[Windows]]>
              </value>
            </param>
            <param index="1">
              <value>
                <![CDATA[chrome]]>
              </value>
            </param>
          </params>
          <reporter-output>
          </reporter-output>
        </test-method> <!-- setup -->
        <test-method signature="TransferFundsWithAmountTest()[pri:1, instance:testCases.TC004_TransferFundsTest@35841320]" started-at="2025-11-11T21:27:26 IST" name="TransferFundsWithAmountTest" finished-at="2025-11-11T21:27:39 IST" duration-ms="13438" status="PASS">
          <reporter-output>
          </reporter-output>
        </test-method> <!-- TransferFundsWithAmountTest -->
        <test-method signature="TransferFundsWithoutAmountTest()[pri:2, instance:testCases.TC004_TransferFundsTest@35841320]" started-at="2025-11-11T21:27:39 IST" name="TransferFundsWithoutAmountTest" finished-at="2025-11-11T21:27:46 IST" duration-ms="6858" status="PASS">
          <reporter-output>
          </reporter-output>
        </test-method> <!-- TransferFundsWithoutAmountTest -->
        <test-method signature="TransferFundsWithInvalidAmountTest()[pri:3, instance:testCases.TC004_TransferFundsTest@35841320]" started-at="2025-11-11T21:27:46 IST" name="TransferFundsWithInvalidAmountTest" finished-at="2025-11-11T21:27:53 IST" duration-ms="6720" status="PASS">
          <reporter-output>
          </reporter-output>
        </test-method> <!-- TransferFundsWithInvalidAmountTest -->
        <test-method signature="TransferFundsWithDecimalAmountTest()[pri:4, instance:testCases.TC004_TransferFundsTest@35841320]" started-at="2025-11-11T21:27:53 IST" name="TransferFundsWithDecimalAmountTest" finished-at="2025-11-11T21:28:01 IST" duration-ms="8032" status="FAIL">
          <exception class="java.lang.AssertionError">
            <message>
              <![CDATA[Transfer failed or confirmation message not found. Actual message:  expected [true] but found [false]]]>
            </message>
            <full-stacktrace>
              <![CDATA[java.lang.AssertionError: Transfer failed or confirmation message not found. Actual message:  expected [true] but found [false]
at org.testng.Assert.fail(Assert.java:111)
at org.testng.Assert.failNotEquals(Assert.java:1590)
at org.testng.Assert.assertTrue(Assert.java:57)
at testCases.TC004_TransferFundsTest.TransferFundsWithDecimalAmountTest(TC004_TransferFundsTest.java:152)
at java.base/jdk.internal.reflect.NativeMethodAccessorImpl.invoke0(Native Method)
at java.base/jdk.internal.reflect.NativeMethodAccessorImpl.invoke(NativeMethodAccessorImpl.java:77)
at java.base/jdk.internal.reflect.DelegatingMethodAccessorImpl.invoke(DelegatingMethodAccessorImpl.java:43)
at java.base/java.lang.reflect.Method.invoke(Method.java:568)
at org.testng.internal.invokers.MethodInvocationHelper.invokeMethod(MethodInvocationHelper.java:141)
at org.testng.internal.invokers.TestInvoker.invokeMethod(TestInvoker.java:687)
at org.testng.internal.invokers.TestInvoker.invokeTestMethod(TestInvoker.java:230)
at org.testng.internal.invokers.MethodRunner.runInSequence(MethodRunner.java:63)
at org.testng.internal.invokers.TestInvoker$MethodInvocationAgent.invoke(TestInvoker.java:995)
at org.testng.internal.invokers.TestInvoker.invokeTestMethods(TestInvoker.java:203)
at org.testng.internal.invokers.TestMethodWorker.invokeTestMethods(TestMethodWorker.java:154)
at org.testng.internal.invokers.TestMethodWorker.run(TestMethodWorker.java:134)
at java.base/java.util.ArrayList.forEach(ArrayList.java:1511)
at org.testng.TestRunner.privateRun(TestRunner.java:741)
at org.testng.TestRunner.run(TestRunner.java:616)
at org.testng.SuiteRunner.runTest(SuiteRunner.java:421)
at org.testng.SuiteRunner.runSequentially(SuiteRunner.java:413)
at org.testng.SuiteRunner.privateRun(SuiteRunner.java:373)
at org.testng.SuiteRunner.run(SuiteRunner.java:312)
at org.testng.SuiteRunnerWorker.runSuite(SuiteRunnerWorker.java:52)
at org.testng.SuiteRunnerWorker.run(SuiteRunnerWorker.java:95)
at org.testng.TestNG.runSuitesSequentially(TestNG.java:1274)
at org.testng.TestNG.runSuitesLocally(TestNG.java:1208)
at org.testng.TestNG.runSuites(TestNG.java:1112)
at org.testng.TestNG.run(TestNG.java:1079)
at org.testng.remote.AbstractRemoteTestNG.run(AbstractRemoteTestNG.java:115)
at org.testng.remote.RemoteTestNG.initAndRun(RemoteTestNG.java:293)
at org.testng.remote.RemoteTestNG.main(RemoteTestNG.java:91)
]]>
            </full-stacktrace>
          </exception> <!-- java.lang.AssertionError -->
          <reporter-output>
          </reporter-output>
        </test-method> <!-- TransferFundsWithDecimalAmountTest -->
        <test-method signature="TransferFundsWithSpecialCharactersTest()[pri:5, instance:testCases.TC004_TransferFundsTest@35841320]" started-at="2025-11-11T21:28:01 IST" name="TransferFundsWithSpecialCharactersTest" finished-at="2025-11-11T21:28:11 IST" duration-ms="10031" status="FAIL">
          <exception class="java.lang.AssertionError">
            <message>
              <![CDATA[Exception occurred: no such element: Unable to locate element: {"method":"css selector","selector":"*[name='username']"}
  (Session info: chrome=142.0.7444.61)
For documentation on this error, please visit: https://www.selenium.dev/documentation/webdriver/troubleshooting/errors#no-such-element-exception
Build info: version: '4.35.0', revision: '1c58e5028b'
System info: os.name: 'Windows 10', os.arch: 'amd64', os.version: '10.0', java.version: '17.0.4'
Driver info: org.openqa.selenium.chrome.ChromeDriver
Command: [9c8f0d9ceadd0bdab72b3e433b9079fd, findElement {using=name, value=username}]
Capabilities {acceptInsecureCerts: false, browserName: chrome, browserVersion: 142.0.7444.61, chrome: {chromedriverVersion: 142.0.7444.61 (9884f628acbc..., userDataDir: C:\Users\ADMIN\AppData\Loca...}, fedcm:accounts: true, goog:chromeOptions: {debuggerAddress: localhost:55931}, goog:processID: 8520, networkConnectionEnabled: false, pageLoadStrategy: normal, platformName: windows, proxy: Proxy(), se:cdp: ws://localhost:55931/devtoo..., se:cdpVersion: 142.0.7444.61, setWindowRect: true, strictFileInteractability: false, timeouts: {implicit: 0, pageLoad: 300000, script: 30000}, unhandledPromptBehavior: dismiss and notify, webauthn:extension:credBlob: true, webauthn:extension:largeBlob: true, webauthn:extension:minPinLength: true, webauthn:extension:prf: true, webauthn:virtualAuthenticators: true}
Session ID: 9c8f0d9ceadd0bdab72b3e433b9079fd]]>
            </message>
            <full-stacktrace>
              <![CDATA[java.lang.AssertionError: Exception occurred: no such element: Unable to locate element: {"method":"css selector","selector":"*[name='username']"}
  (Session info: chrome=142.0.7444.61)
For documentation on this error, please visit: https://www.selenium.dev/documentation/webdriver/troubleshooting/errors#no-such-element-exception
Build info: version: '4.35.0', revision: '1c58e5028b'
System info: os.name: 'Windows 10', os.arch: 'amd64', os.version: '10.0', java.version: '17.0.4'
Driver info: org.openqa.selenium.chrome.ChromeDriver
Command: [9c8f0d9ceadd0bdab72b3e433b9079fd, findElement {using=name, value=username}]
Capabilities {acceptInsecureCerts: false, browserName: chrome, browserVersion: 142.0.7444.61, chrome: {chromedriverVersion: 142.0.7444.61 (9884f628acbc..., userDataDir: C:\Users\ADMIN\AppData\Loca...}, fedcm:accounts: true, goog:chromeOptions: {debuggerAddress: localhost:55931}, goog:processID: 8520, networkConnectionEnabled: false, pageLoadStrategy: normal, platformName: windows, proxy: Proxy(), se:cdp: ws://localhost:55931/devtoo..., se:cdpVersion: 142.0.7444.61, setWindowRect: true, strictFileInteractability: false, timeouts: {implicit: 0, pageLoad: 300000, script: 30000}, unhandledPromptBehavior: dismiss and notify, webauthn:extension:credBlob: true, webauthn:extension:largeBlob: true, webauthn:extension:minPinLength: true, webauthn:extension:prf: true, webauthn:virtualAuthenticators: true}
Session ID: 9c8f0d9ceadd0bdab72b3e433b9079fd
at org.testng.Assert.fail(Assert.java:111)
at testCases.TC004_TransferFundsTest.TransferFundsWithSpecialCharactersTest(TC004_TransferFundsTest.java:194)
at java.base/jdk.internal.reflect.NativeMethodAccessorImpl.invoke0(Native Method)
at java.base/jdk.internal.reflect.NativeMethodAccessorImpl.invoke(NativeMethodAccessorImpl.java:77)
at java.base/jdk.internal.reflect.DelegatingMethodAccessorImpl.invoke(DelegatingMethodAccessorImpl.java:43)
at java.base/java.lang.reflect.Method.invoke(Method.java:568)
at org.testng.internal.invokers.MethodInvocationHelper.invokeMethod(MethodInvocationHelper.java:141)
at org.testng.internal.invokers.TestInvoker.invokeMethod(TestInvoker.java:687)
at org.testng.internal.invokers.TestInvoker.invokeTestMethod(TestInvoker.java:230)
at org.testng.internal.invokers.MethodRunner.runInSequence(MethodRunner.java:63)
at org.testng.internal.invokers.TestInvoker$MethodInvocationAgent.invoke(TestInvoker.java:995)
at org.testng.internal.invokers.TestInvoker.invokeTestMethods(TestInvoker.java:203)
at org.testng.internal.invokers.TestMethodWorker.invokeTestMethods(TestMethodWorker.java:154)
at org.testng.internal.invokers.TestMethodWorker.run(TestMethodWorker.java:134)
at java.base/java.util.ArrayList.forEach(ArrayList.java:1511)
at org.testng.TestRunner.privateRun(TestRunner.java:741)
at org.testng.TestRunner.run(TestRunner.java:616)
at org.testng.SuiteRunner.runTest(SuiteRunner.java:421)
at org.testng.SuiteRunner.runSequentially(SuiteRunner.java:413)
at org.testng.SuiteRunner.privateRun(SuiteRunner.java:373)
at org.testng.SuiteRunner.run(SuiteRunner.java:312)
at org.testng.SuiteRunnerWorker.runSuite(SuiteRunnerWorker.java:52)
at org.testng.SuiteRunnerWorker.run(SuiteRunnerWorker.java:95)
at org.testng.TestNG.runSuitesSequentially(TestNG.java:1274)
at org.testng.TestNG.runSuitesLocally(TestNG.java:1208)
at org.testng.TestNG.runSuites(TestNG.java:1112)
at org.testng.TestNG.run(TestNG.java:1079)
at org.testng.remote.AbstractRemoteTestNG.run(AbstractRemoteTestNG.java:115)
at org.testng.remote.RemoteTestNG.initAndRun(RemoteTestNG.java:293)
at org.testng.remote.RemoteTestNG.main(RemoteTestNG.java:91)
]]>
            </full-stacktrace>
          </exception> <!-- java.lang.AssertionError -->
          <reporter-output>
          </reporter-output>
        </test-method> <!-- TransferFundsWithSpecialCharactersTest -->
        <test-method signature="TransferFundsWithExcessiveAmountTest()[pri:6, instance:testCases.TC004_TransferFundsTest@35841320]" started-at="2025-11-11T21:28:11 IST" name="TransferFundsWithExcessiveAmountTest" finished-at="2025-11-11T21:28:21 IST" duration-ms="10014" status="FAIL">
          <exception class="java.lang.AssertionError">
            <message>
              <![CDATA[Exception occurred: no such element: Unable to locate element: {"method":"css selector","selector":"*[name='username']"}
  (Session info: chrome=142.0.7444.61)
For documentation on this error, please visit: https://www.selenium.dev/documentation/webdriver/troubleshooting/errors#no-such-element-exception
Build info: version: '4.35.0', revision: '1c58e5028b'
System info: os.name: 'Windows 10', os.arch: 'amd64', os.version: '10.0', java.version: '17.0.4'
Driver info: org.openqa.selenium.chrome.ChromeDriver
Command: [9c8f0d9ceadd0bdab72b3e433b9079fd, findElement {using=name, value=username}]
Capabilities {acceptInsecureCerts: false, browserName: chrome, browserVersion: 142.0.7444.61, chrome: {chromedriverVersion: 142.0.7444.61 (9884f628acbc..., userDataDir: C:\Users\ADMIN\AppData\Loca...}, fedcm:accounts: true, goog:chromeOptions: {debuggerAddress: localhost:55931}, goog:processID: 8520, networkConnectionEnabled: false, pageLoadStrategy: normal, platformName: windows, proxy: Proxy(), se:cdp: ws://localhost:55931/devtoo..., se:cdpVersion: 142.0.7444.61, setWindowRect: true, strictFileInteractability: false, timeouts: {implicit: 0, pageLoad: 300000, script: 30000}, unhandledPromptBehavior: dismiss and notify, webauthn:extension:credBlob: true, webauthn:extension:largeBlob: true, webauthn:extension:minPinLength: true, webauthn:extension:prf: true, webauthn:virtualAuthenticators: true}
Session ID: 9c8f0d9ceadd0bdab72b3e433b9079fd]]>
            </message>
            <full-stacktrace>
              <![CDATA[java.lang.AssertionError: Exception occurred: no such element: Unable to locate element: {"method":"css selector","selector":"*[name='username']"}
  (Session info: chrome=142.0.7444.61)
For documentation on this error, please visit: https://www.selenium.dev/documentation/webdriver/troubleshooting/errors#no-such-element-exception
Build info: version: '4.35.0', revision: '1c58e5028b'
System info: os.name: 'Windows 10', os.arch: 'amd64', os.version: '10.0', java.version: '17.0.4'
Driver info: org.openqa.selenium.chrome.ChromeDriver
Command: [9c8f0d9ceadd0bdab72b3e433b9079fd, findElement {using=name, value=username}]
Capabilities {acceptInsecureCerts: false, browserName: chrome, browserVersion: 142.0.7444.61, chrome: {chromedriverVersion: 142.0.7444.61 (9884f628acbc..., userDataDir: C:\Users\ADMIN\AppData\Loca...}, fedcm:accounts: true, goog:chromeOptions: {debuggerAddress: localhost:55931}, goog:processID: 8520, networkConnectionEnabled: false, pageLoadStrategy: normal, platformName: windows, proxy: Proxy(), se:cdp: ws://localhost:55931/devtoo..., se:cdpVersion: 142.0.7444.61, setWindowRect: true, strictFileInteractability: false, timeouts: {implicit: 0, pageLoad: 300000, script: 30000}, unhandledPromptBehavior: dismiss and notify, webauthn:extension:credBlob: true, webauthn:extension:largeBlob: true, webauthn:extension:minPinLength: true, webauthn:extension:prf: true, webauthn:virtualAuthenticators: true}
Session ID: 9c8f0d9ceadd0bdab72b3e433b9079fd
at org.testng.Assert.fail(Assert.java:111)
at testCases.TC004_TransferFundsTest.TransferFundsWithExcessiveAmountTest(TC004_TransferFundsTest.java:230)
at java.base/jdk.internal.reflect.NativeMethodAccessorImpl.invoke0(Native Method)
at java.base/jdk.internal.reflect.NativeMethodAccessorImpl.invoke(NativeMethodAccessorImpl.java:77)
at java.base/jdk.internal.reflect.DelegatingMethodAccessorImpl.invoke(DelegatingMethodAccessorImpl.java:43)
at java.base/java.lang.reflect.Method.invoke(Method.java:568)
at org.testng.internal.invokers.MethodInvocationHelper.invokeMethod(MethodInvocationHelper.java:141)
at org.testng.internal.invokers.TestInvoker.invokeMethod(TestInvoker.java:687)
at org.testng.internal.invokers.TestInvoker.invokeTestMethod(TestInvoker.java:230)
at org.testng.internal.invokers.MethodRunner.runInSequence(MethodRunner.java:63)
at org.testng.internal.invokers.TestInvoker$MethodInvocationAgent.invoke(TestInvoker.java:995)
at org.testng.internal.invokers.TestInvoker.invokeTestMethods(TestInvoker.java:203)
at org.testng.internal.invokers.TestMethodWorker.invokeTestMethods(TestMethodWorker.java:154)
at org.testng.internal.invokers.TestMethodWorker.run(TestMethodWorker.java:134)
at java.base/java.util.ArrayList.forEach(ArrayList.java:1511)
at org.testng.TestRunner.privateRun(TestRunner.java:741)
at org.testng.TestRunner.run(TestRunner.java:616)
at org.testng.SuiteRunner.runTest(SuiteRunner.java:421)
at org.testng.SuiteRunner.runSequentially(SuiteRunner.java:413)
at org.testng.SuiteRunner.privateRun(SuiteRunner.java:373)
at org.testng.SuiteRunner.run(SuiteRunner.java:312)
at org.testng.SuiteRunnerWorker.runSuite(SuiteRunnerWorker.java:52)
at org.testng.SuiteRunnerWorker.run(SuiteRunnerWorker.java:95)
at org.testng.TestNG.runSuitesSequentially(TestNG.java:1274)
at org.testng.TestNG.runSuitesLocally(TestNG.java:1208)
at org.testng.TestNG.runSuites(TestNG.java:1112)
at org.testng.TestNG.run(TestNG.java:1079)
at org.testng.remote.AbstractRemoteTestNG.run(AbstractRemoteTestNG.java:115)
at org.testng.remote.RemoteTestNG.initAndRun(RemoteTestNG.java:293)
at org.testng.remote.RemoteTestNG.main(RemoteTestNG.java:91)
]]>
            </full-stacktrace>
          </exception> <!-- java.lang.AssertionError -->
          <reporter-output>
          </reporter-output>
        </test-method> <!-- TransferFundsWithExcessiveAmountTest -->
        <test-method is-config="true" signature="tearDown()[pri:0, instance:testCases.TC004_TransferFundsTest@35841320]" started-at="2025-11-11T21:28:21 IST" name="tearDown" finished-at="2025-11-11T21:28:21 IST" duration-ms="207" status="PASS">
          <reporter-output>
          </reporter-output>
        </test-method> <!-- tearDown -->
      </class> <!-- testCases.TC004_TransferFundsTest -->
      <class name="testCases.TC005_BillPayTest">
        <test-method is-config="true" signature="setup(java.lang.String,java.lang.String)[pri:0, instance:testCases.TC005_BillPayTest@61c4eee0]" started-at="2025-11-11T21:28:21 IST" name="setup" finished-at="2025-11-11T21:28:23 IST" duration-ms="1533" status="PASS">
          <params>
            <param index="0">
              <value>
                <![CDATA[Windows]]>
              </value>
            </param>
            <param index="1">
              <value>
                <![CDATA[chrome]]>
              </value>
            </param>
          </params>
          <reporter-output>
          </reporter-output>
        </test-method> <!-- setup -->
        <test-method signature="BillPayWithValidDetailsTest()[pri:1, instance:testCases.TC005_BillPayTest@61c4eee0]" started-at="2025-11-11T21:28:23 IST" name="BillPayWithValidDetailsTest" finished-at="2025-11-11T21:28:35 IST" duration-ms="11910" status="PASS">
          <reporter-output>
          </reporter-output>
        </test-method> <!-- BillPayWithValidDetailsTest -->
        <test-method signature="BillPayWithoutPayeeNameTest()[pri:2, instance:testCases.TC005_BillPayTest@61c4eee0]" started-at="2025-11-11T21:28:35 IST" name="BillPayWithoutPayeeNameTest" finished-at="2025-11-11T21:28:38 IST" duration-ms="3665" status="PASS">
          <reporter-output>
          </reporter-output>
        </test-method> <!-- BillPayWithoutPayeeNameTest -->
        <test-method signature="BillPayWithoutAddressTest()[pri:3, instance:testCases.TC005_BillPayTest@61c4eee0]" started-at="2025-11-11T21:28:38 IST" name="BillPayWithoutAddressTest" finished-at="2025-11-11T21:28:42 IST" duration-ms="3612" status="PASS">
          <reporter-output>
          </reporter-output>
        </test-method> <!-- BillPayWithoutAddressTest -->
        <test-method signature="BillPayWithoutCityTest()[pri:4, instance:testCases.TC005_BillPayTest@61c4eee0]" started-at="2025-11-11T21:28:42 IST" name="BillPayWithoutCityTest" finished-at="2025-11-11T21:28:46 IST" duration-ms="3752" status="PASS">
          <reporter-output>
          </reporter-output>
        </test-method> <!-- BillPayWithoutCityTest -->
        <test-method signature="BillPayWithoutStateTest()[pri:5, instance:testCases.TC005_BillPayTest@61c4eee0]" started-at="2025-11-11T21:28:46 IST" name="BillPayWithoutStateTest" finished-at="2025-11-11T21:28:49 IST" duration-ms="3474" status="PASS">
          <reporter-output>
          </reporter-output>
        </test-method> <!-- BillPayWithoutStateTest -->
        <test-method signature="BillPayWithoutPhoneTest()[pri:6, instance:testCases.TC005_BillPayTest@61c4eee0]" started-at="2025-11-11T21:28:49 IST" name="BillPayWithoutPhoneTest" finished-at="2025-11-11T21:28:53 IST" duration-ms="3572" status="PASS">
          <reporter-output>
          </reporter-output>
        </test-method> <!-- BillPayWithoutPhoneTest -->
        <test-method signature="BillPayWithoutAccountNumberTest()[pri:7, instance:testCases.TC005_BillPayTest@61c4eee0]" started-at="2025-11-11T21:28:53 IST" name="BillPayWithoutAccountNumberTest" finished-at="2025-11-11T21:28:56 IST" duration-ms="3500" status="PASS">
          <reporter-output>
          </reporter-output>
        </test-method> <!-- BillPayWithoutAccountNumberTest -->
        <test-method signature="BillPayWithoutVerifyAccountTest()[pri:8, instance:testCases.TC005_BillPayTest@61c4eee0]" started-at="2025-11-11T21:28:56 IST" name="BillPayWithoutVerifyAccountTest" finished-at="2025-11-11T21:29:00 IST" duration-ms="3547" status="PASS">
          <reporter-output>
          </reporter-output>
        </test-method> <!-- BillPayWithoutVerifyAccountTest -->
        <test-method signature="BillPayWithoutAmountTest()[pri:9, instance:testCases.TC005_BillPayTest@61c4eee0]" started-at="2025-11-11T21:29:00 IST" name="BillPayWithoutAmountTest" finished-at="2025-11-11T21:29:03 IST" duration-ms="3457" status="PASS">
          <reporter-output>
          </reporter-output>
        </test-method> <!-- BillPayWithoutAmountTest -->
        <test-method signature="BillPayWithMismatchedAccountNumbersTest()[pri:10, instance:testCases.TC005_BillPayTest@61c4eee0]" started-at="2025-11-11T21:29:03 IST" name="BillPayWithMismatchedAccountNumbersTest" finished-at="2025-11-11T21:29:07 IST" duration-ms="3589" status="PASS">
          <reporter-output>
          </reporter-output>
        </test-method> <!-- BillPayWithMismatchedAccountNumbersTest -->
        <test-method signature="BillPayWithNonNumericAccountNumberTest()[pri:11, instance:testCases.TC005_BillPayTest@61c4eee0]" started-at="2025-11-11T21:29:07 IST" name="BillPayWithNonNumericAccountNumberTest" finished-at="2025-11-11T21:29:10 IST" duration-ms="3502" status="PASS">
          <reporter-output>
          </reporter-output>
        </test-method> <!-- BillPayWithNonNumericAccountNumberTest -->
        <test-method signature="BillPayWithNonNumericAmountTest()[pri:12, instance:testCases.TC005_BillPayTest@61c4eee0]" started-at="2025-11-11T21:29:10 IST" name="BillPayWithNonNumericAmountTest" finished-at="2025-11-11T21:29:14 IST" duration-ms="3543" status="PASS">
          <reporter-output>
          </reporter-output>
        </test-method> <!-- BillPayWithNonNumericAmountTest -->
        <test-method signature="BillPayWithAllFieldsEmptyTest()[pri:13, instance:testCases.TC005_BillPayTest@61c4eee0]" started-at="2025-11-11T21:29:14 IST" name="BillPayWithAllFieldsEmptyTest" finished-at="2025-11-11T21:29:17 IST" duration-ms="3263" status="PASS">
          <reporter-output>
          </reporter-output>
        </test-method> <!-- BillPayWithAllFieldsEmptyTest -->
        <test-method signature="BillPayWithDecimalAmountTest()[pri:14, instance:testCases.TC005_BillPayTest@61c4eee0]" started-at="2025-11-11T21:29:17 IST" name="BillPayWithDecimalAmountTest" finished-at="2025-11-11T21:29:21 IST" duration-ms="3604" status="PASS">
          <reporter-output>
          </reporter-output>
        </test-method> <!-- BillPayWithDecimalAmountTest -->
        <test-method is-config="true" signature="tearDown()[pri:0, instance:testCases.TC005_BillPayTest@61c4eee0]" started-at="2025-11-11T21:29:21 IST" name="tearDown" finished-at="2025-11-11T21:29:21 IST" duration-ms="304" status="PASS">
          <reporter-output>
          </reporter-output>
        </test-method> <!-- tearDown -->
      </class> <!-- testCases.TC005_BillPayTest -->
      <class name="testCases.TC010_AccountOverview">
        <test-method is-config="true" signature="setup(java.lang.String,java.lang.String)[pri:0, instance:testCases.TC010_AccountOverview@2a693f59]" started-at="2025-11-11T21:31:36 IST" name="setup" finished-at="2025-11-11T21:31:37 IST" duration-ms="1400" status="PASS">
          <params>
            <param index="0">
              <value>
                <![CDATA[Windows]]>
              </value>
            </param>
            <param index="1">
              <value>
                <![CDATA[chrome]]>
              </value>
            </param>
          </params>
          <reporter-output>
          </reporter-output>
        </test-method> <!-- setup -->
        <test-method signature="verifyAccountOverview()[pri:1, instance:testCases.TC010_AccountOverview@2a693f59]" started-at="2025-11-11T21:31:37 IST" name="verifyAccountOverview" finished-at="2025-11-11T21:31:47 IST" duration-ms="10129" status="PASS">
          <reporter-output>
          </reporter-output>
        </test-method> <!-- verifyAccountOverview -->
        <test-method is-config="true" signature="tearDown()[pri:0, instance:testCases.TC010_AccountOverview@2a693f59]" started-at="2025-11-11T21:31:47 IST" name="tearDown" finished-at="2025-11-11T21:31:48 IST" duration-ms="234" status="PASS">
          <reporter-output>
          </reporter-output>
        </test-method> <!-- tearDown -->
      </class> <!-- testCases.TC010_AccountOverview -->
    </test> <!-- ParaBanking Test -->
  </suite> <!-- ParaBankingSuite -->
</testng-results>
