<?xml version="1.0" encoding="UTF-8"?>
<testng-results ignored="0" total="24" passed="24" failed="0" skipped="0">
  <reporter-output>
  </reporter-output>
  <suite started-at="2025-11-03T21:44:19 IST" name="Suite" finished-at="2025-11-03T21:44:52 IST" duration-ms="33950">
    <groups>
      <group name="Master">
        <method signature="TC002_LoginTest.loginTest()[pri:1, instance:testCases.TC002_LoginTest@645aa696]" name="loginTest" class="testCases.TC002_LoginTest"/>
        <method signature="TC002_LoginTest.loginTest()[pri:1, instance:testCases.TC002_LoginTest@70cf32e3]" name="loginTest" class="testCases.TC002_LoginTest"/>
      </group> <!-- Master -->
      <group name="Sanity">
        <method signature="TC002_LoginTest.loginTest()[pri:1, instance:testCases.TC002_LoginTest@645aa696]" name="loginTest" class="testCases.TC002_LoginTest"/>
        <method signature="TC002_LoginTest.loginTest()[pri:1, instance:testCases.TC002_LoginTest@70cf32e3]" name="loginTest" class="testCases.TC002_LoginTest"/>
      </group> <!-- Sanity -->
      <group name="Negative">
        <method signature="TC002_LoginTest.loginWithInvalidPassword()[pri:2, instance:testCases.TC002_LoginTest@645aa696]" name="loginWithInvalidPassword" class="testCases.TC002_LoginTest"/>
        <method signature="TC002_LoginTest.loginWithBothInvalidCredentials()[pri:3, instance:testCases.TC002_LoginTest@645aa696]" name="loginWithBothInvalidCredentials" class="testCases.TC002_LoginTest"/>
        <method signature="TC002_LoginTest.loginWithEmptyUsername()[pri:4, instance:testCases.TC002_LoginTest@645aa696]" name="loginWithEmptyUsername" class="testCases.TC002_LoginTest"/>
        <method signature="TC002_LoginTest.loginWithEmptyPassword()[pri:5, instance:testCases.TC002_LoginTest@645aa696]" name="loginWithEmptyPassword" class="testCases.TC002_LoginTest"/>
        <method signature="TC002_LoginTest.loginWithBothFieldsEmpty()[pri:6, instance:testCases.TC002_LoginTest@645aa696]" name="loginWithBothFieldsEmpty" class="testCases.TC002_LoginTest"/>
        <method signature="TC002_LoginTest.loginWithSQLInjection()[pri:7, instance:testCases.TC002_LoginTest@645aa696]" name="loginWithSQLInjection" class="testCases.TC002_LoginTest"/>
        <method signature="TC002_LoginTest.loginWithSpecialCharacters()[pri:8, instance:testCases.TC002_LoginTest@645aa696]" name="loginWithSpecialCharacters" class="testCases.TC002_LoginTest"/>
        <method signature="TC002_LoginTest.loginWithSpacesInCredentials()[pri:9, instance:testCases.TC002_LoginTest@645aa696]" name="loginWithSpacesInCredentials" class="testCases.TC002_LoginTest"/>
        <method signature="TC002_LoginTest.loginWithCaseSensitiveUsername()[pri:10, instance:testCases.TC002_LoginTest@645aa696]" name="loginWithCaseSensitiveUsername" class="testCases.TC002_LoginTest"/>
        <method signature="TC002_LoginTest.loginWithInvalidPassword()[pri:2, instance:testCases.TC002_LoginTest@70cf32e3]" name="loginWithInvalidPassword" class="testCases.TC002_LoginTest"/>
        <method signature="TC002_LoginTest.loginWithBothInvalidCredentials()[pri:3, instance:testCases.TC002_LoginTest@70cf32e3]" name="loginWithBothInvalidCredentials" class="testCases.TC002_LoginTest"/>
        <method signature="TC002_LoginTest.loginWithEmptyUsername()[pri:4, instance:testCases.TC002_LoginTest@70cf32e3]" name="loginWithEmptyUsername" class="testCases.TC002_LoginTest"/>
        <method signature="TC002_LoginTest.loginWithEmptyPassword()[pri:5, instance:testCases.TC002_LoginTest@70cf32e3]" name="loginWithEmptyPassword" class="testCases.TC002_LoginTest"/>
        <method signature="TC002_LoginTest.loginWithBothFieldsEmpty()[pri:6, instance:testCases.TC002_LoginTest@70cf32e3]" name="loginWithBothFieldsEmpty" class="testCases.TC002_LoginTest"/>
        <method signature="TC002_LoginTest.loginWithSQLInjection()[pri:7, instance:testCases.TC002_LoginTest@70cf32e3]" name="loginWithSQLInjection" class="testCases.TC002_LoginTest"/>
        <method signature="TC002_LoginTest.loginWithSpecialCharacters()[pri:8, instance:testCases.TC002_LoginTest@70cf32e3]" name="loginWithSpecialCharacters" class="testCases.TC002_LoginTest"/>
        <method signature="TC002_LoginTest.loginWithSpacesInCredentials()[pri:9, instance:testCases.TC002_LoginTest@70cf32e3]" name="loginWithSpacesInCredentials" class="testCases.TC002_LoginTest"/>
        <method signature="TC002_LoginTest.loginWithCaseSensitiveUsername()[pri:10, instance:testCases.TC002_LoginTest@70cf32e3]" name="loginWithCaseSensitiveUsername" class="testCases.TC002_LoginTest"/>
      </group> <!-- Negative -->
      <group name="Regression">
        <method signature="TC002_LoginTest.loginWithInvalidPassword()[pri:2, instance:testCases.TC002_LoginTest@645aa696]" name="loginWithInvalidPassword" class="testCases.TC002_LoginTest"/>
        <method signature="TC002_LoginTest.loginWithBothInvalidCredentials()[pri:3, instance:testCases.TC002_LoginTest@645aa696]" name="loginWithBothInvalidCredentials" class="testCases.TC002_LoginTest"/>
        <method signature="TC002_LoginTest.loginWithEmptyUsername()[pri:4, instance:testCases.TC002_LoginTest@645aa696]" name="loginWithEmptyUsername" class="testCases.TC002_LoginTest"/>
        <method signature="TC002_LoginTest.loginWithEmptyPassword()[pri:5, instance:testCases.TC002_LoginTest@645aa696]" name="loginWithEmptyPassword" class="testCases.TC002_LoginTest"/>
        <method signature="TC002_LoginTest.loginWithBothFieldsEmpty()[pri:6, instance:testCases.TC002_LoginTest@645aa696]" name="loginWithBothFieldsEmpty" class="testCases.TC002_LoginTest"/>
        <method signature="TC002_LoginTest.loginWithSQLInjection()[pri:7, instance:testCases.TC002_LoginTest@645aa696]" name="loginWithSQLInjection" class="testCases.TC002_LoginTest"/>
        <method signature="TC002_LoginTest.loginWithSpecialCharacters()[pri:8, instance:testCases.TC002_LoginTest@645aa696]" name="loginWithSpecialCharacters" class="testCases.TC002_LoginTest"/>
        <method signature="TC002_LoginTest.loginWithSpacesInCredentials()[pri:9, instance:testCases.TC002_LoginTest@645aa696]" name="loginWithSpacesInCredentials" class="testCases.TC002_LoginTest"/>
        <method signature="TC002_LoginTest.loginWithCaseSensitiveUsername()[pri:10, instance:testCases.TC002_LoginTest@645aa696]" name="loginWithCaseSensitiveUsername" class="testCases.TC002_LoginTest"/>
        <method signature="TC002_LoginTest.loginWithExcessivelyLongUsername()[pri:11, instance:testCases.TC002_LoginTest@645aa696]" name="loginWithExcessivelyLongUsername" class="testCases.TC002_LoginTest"/>
        <method signature="TC002_LoginTest.loginWithScriptTags()[pri:12, instance:testCases.TC002_LoginTest@645aa696]" name="loginWithScriptTags" class="testCases.TC002_LoginTest"/>
        <method signature="TC002_LoginTest.loginWithInvalidPassword()[pri:2, instance:testCases.TC002_LoginTest@70cf32e3]" name="loginWithInvalidPassword" class="testCases.TC002_LoginTest"/>
        <method signature="TC002_LoginTest.loginWithBothInvalidCredentials()[pri:3, instance:testCases.TC002_LoginTest@70cf32e3]" name="loginWithBothInvalidCredentials" class="testCases.TC002_LoginTest"/>
        <method signature="TC002_LoginTest.loginWithEmptyUsername()[pri:4, instance:testCases.TC002_LoginTest@70cf32e3]" name="loginWithEmptyUsername" class="testCases.TC002_LoginTest"/>
        <method signature="TC002_LoginTest.loginWithEmptyPassword()[pri:5, instance:testCases.TC002_LoginTest@70cf32e3]" name="loginWithEmptyPassword" class="testCases.TC002_LoginTest"/>
        <method signature="TC002_LoginTest.loginWithBothFieldsEmpty()[pri:6, instance:testCases.TC002_LoginTest@70cf32e3]" name="loginWithBothFieldsEmpty" class="testCases.TC002_LoginTest"/>
        <method signature="TC002_LoginTest.loginWithSQLInjection()[pri:7, instance:testCases.TC002_LoginTest@70cf32e3]" name="loginWithSQLInjection" class="testCases.TC002_LoginTest"/>
        <method signature="TC002_LoginTest.loginWithSpecialCharacters()[pri:8, instance:testCases.TC002_LoginTest@70cf32e3]" name="loginWithSpecialCharacters" class="testCases.TC002_LoginTest"/>
        <method signature="TC002_LoginTest.loginWithSpacesInCredentials()[pri:9, instance:testCases.TC002_LoginTest@70cf32e3]" name="loginWithSpacesInCredentials" class="testCases.TC002_LoginTest"/>
        <method signature="TC002_LoginTest.loginWithCaseSensitiveUsername()[pri:10, instance:testCases.TC002_LoginTest@70cf32e3]" name="loginWithCaseSensitiveUsername" class="testCases.TC002_LoginTest"/>
        <method signature="TC002_LoginTest.loginWithExcessivelyLongUsername()[pri:11, instance:testCases.TC002_LoginTest@70cf32e3]" name="loginWithExcessivelyLongUsername" class="testCases.TC002_LoginTest"/>
        <method signature="TC002_LoginTest.loginWithScriptTags()[pri:12, instance:testCases.TC002_LoginTest@70cf32e3]" name="loginWithScriptTags" class="testCases.TC002_LoginTest"/>
      </group> <!-- Regression -->
    </groups>
    <test started-at="2025-11-03T21:44:19 IST" name="Windows-Chrome" finished-at="2025-11-03T21:44:38 IST" duration-ms="19069">
      <class name="testCases.TC002_LoginTest">
        <test-method is-config="true" signature="setup(java.lang.String,java.lang.String)[pri:0, instance:testCases.TC002_LoginTest@645aa696]" started-at="2025-11-03T21:44:19 IST" name="setup" finished-at="2025-11-03T21:44:26 IST" duration-ms="6700" status="PASS">
          <params>
            <param index="0">
              <value>
                <![CDATA[Windows]]>
              </value>
            </param>
            <param index="1">
              <value>
                <![CDATA[chrome]]>
              </value>
            </param>
          </params>
          <reporter-output>
          </reporter-output>
        </test-method> <!-- setup -->
        <test-method signature="loginTest()[pri:1, instance:testCases.TC002_LoginTest@645aa696]" started-at="2025-11-03T21:44:26 IST" name="loginTest" finished-at="2025-11-03T21:44:31 IST" duration-ms="5099" status="PASS">
          <reporter-output>
          </reporter-output>
        </test-method> <!-- loginTest -->
        <test-method signature="loginWithInvalidPassword()[pri:2, instance:testCases.TC002_LoginTest@645aa696]" started-at="2025-11-03T21:44:31 IST" name="loginWithInvalidPassword" finished-at="2025-11-03T21:44:31 IST" duration-ms="509" status="PASS">
          <reporter-output>
          </reporter-output>
        </test-method> <!-- loginWithInvalidPassword -->
        <test-method signature="loginWithBothInvalidCredentials()[pri:3, instance:testCases.TC002_LoginTest@645aa696]" started-at="2025-11-03T21:44:31 IST" name="loginWithBothInvalidCredentials" finished-at="2025-11-03T21:44:32 IST" duration-ms="512" status="PASS">
          <reporter-output>
          </reporter-output>
        </test-method> <!-- loginWithBothInvalidCredentials -->
        <test-method signature="loginWithEmptyUsername()[pri:4, instance:testCases.TC002_LoginTest@645aa696]" started-at="2025-11-03T21:44:32 IST" name="loginWithEmptyUsername" finished-at="2025-11-03T21:44:32 IST" duration-ms="298" status="PASS">
          <reporter-output>
          </reporter-output>
        </test-method> <!-- loginWithEmptyUsername -->
        <test-method signature="loginWithEmptyPassword()[pri:5, instance:testCases.TC002_LoginTest@645aa696]" started-at="2025-11-03T21:44:32 IST" name="loginWithEmptyPassword" finished-at="2025-11-03T21:44:32 IST" duration-ms="336" status="PASS">
          <reporter-output>
          </reporter-output>
        </test-method> <!-- loginWithEmptyPassword -->
        <test-method signature="loginWithBothFieldsEmpty()[pri:6, instance:testCases.TC002_LoginTest@645aa696]" started-at="2025-11-03T21:44:32 IST" name="loginWithBothFieldsEmpty" finished-at="2025-11-03T21:44:33 IST" duration-ms="293" status="PASS">
          <reporter-output>
          </reporter-output>
        </test-method> <!-- loginWithBothFieldsEmpty -->
        <test-method signature="loginWithSQLInjection()[pri:7, instance:testCases.TC002_LoginTest@645aa696]" started-at="2025-11-03T21:44:33 IST" name="loginWithSQLInjection" finished-at="2025-11-03T21:44:33 IST" duration-ms="349" status="PASS">
          <reporter-output>
          </reporter-output>
        </test-method> <!-- loginWithSQLInjection -->
        <test-method signature="loginWithSpecialCharacters()[pri:8, instance:testCases.TC002_LoginTest@645aa696]" started-at="2025-11-03T21:44:33 IST" name="loginWithSpecialCharacters" finished-at="2025-11-03T21:44:33 IST" duration-ms="371" status="PASS">
          <reporter-output>
          </reporter-output>
        </test-method> <!-- loginWithSpecialCharacters -->
        <test-method signature="loginWithSpacesInCredentials()[pri:9, instance:testCases.TC002_LoginTest@645aa696]" started-at="2025-11-03T21:44:33 IST" name="loginWithSpacesInCredentials" finished-at="2025-11-03T21:44:34 IST" duration-ms="482" status="PASS">
          <reporter-output>
          </reporter-output>
        </test-method> <!-- loginWithSpacesInCredentials -->
        <test-method signature="loginWithCaseSensitiveUsername()[pri:10, instance:testCases.TC002_LoginTest@645aa696]" started-at="2025-11-03T21:44:34 IST" name="loginWithCaseSensitiveUsername" finished-at="2025-11-03T21:44:34 IST" duration-ms="504" status="PASS">
          <reporter-output>
          </reporter-output>
        </test-method> <!-- loginWithCaseSensitiveUsername -->
        <test-method signature="loginWithExcessivelyLongUsername()[pri:11, instance:testCases.TC002_LoginTest@645aa696]" started-at="2025-11-03T21:44:34 IST" name="loginWithExcessivelyLongUsername" finished-at="2025-11-03T21:44:35 IST" duration-ms="753" status="PASS">
          <reporter-output>
          </reporter-output>
        </test-method> <!-- loginWithExcessivelyLongUsername -->
        <test-method signature="loginWithScriptTags()[pri:12, instance:testCases.TC002_LoginTest@645aa696]" started-at="2025-11-03T21:44:35 IST" name="loginWithScriptTags" finished-at="2025-11-03T21:44:36 IST" duration-ms="563" status="PASS">
          <reporter-output>
          </reporter-output>
        </test-method> <!-- loginWithScriptTags -->
        <test-method is-config="true" signature="tearDown()[pri:0, instance:testCases.TC002_LoginTest@645aa696]" started-at="2025-11-03T21:44:36 IST" name="tearDown" finished-at="2025-11-03T21:44:38 IST" duration-ms="1861" status="PASS">
          <reporter-output>
          </reporter-output>
        </test-method> <!-- tearDown -->
      </class> <!-- testCases.TC002_LoginTest -->
    </test> <!-- Windows-Chrome -->
    <test started-at="2025-11-03T21:44:39 IST" name="Windows-Edge" finished-at="2025-11-03T21:44:52 IST" duration-ms="13751">
      <class name="testCases.TC002_LoginTest">
        <test-method is-config="true" signature="setup(java.lang.String,java.lang.String)[pri:0, instance:testCases.TC002_LoginTest@70cf32e3]" started-at="2025-11-03T21:44:39 IST" name="setup" finished-at="2025-11-03T21:44:42 IST" duration-ms="3635" status="PASS">
          <params>
            <param index="0">
              <value>
                <![CDATA[Windows]]>
              </value>
            </param>
            <param index="1">
              <value>
                <![CDATA[edge]]>
              </value>
            </param>
          </params>
          <reporter-output>
          </reporter-output>
        </test-method> <!-- setup -->
        <test-method signature="loginTest()[pri:1, instance:testCases.TC002_LoginTest@70cf32e3]" started-at="2025-11-03T21:44:42 IST" name="loginTest" finished-at="2025-11-03T21:44:47 IST" duration-ms="4918" status="PASS">
          <reporter-output>
          </reporter-output>
        </test-method> <!-- loginTest -->
        <test-method signature="loginWithInvalidPassword()[pri:2, instance:testCases.TC002_LoginTest@70cf32e3]" started-at="2025-11-03T21:44:47 IST" name="loginWithInvalidPassword" finished-at="2025-11-03T21:44:48 IST" duration-ms="423" status="PASS">
          <reporter-output>
          </reporter-output>
        </test-method> <!-- loginWithInvalidPassword -->
        <test-method signature="loginWithBothInvalidCredentials()[pri:3, instance:testCases.TC002_LoginTest@70cf32e3]" started-at="2025-11-03T21:44:48 IST" name="loginWithBothInvalidCredentials" finished-at="2025-11-03T21:44:48 IST" duration-ms="369" status="PASS">
          <reporter-output>
          </reporter-output>
        </test-method> <!-- loginWithBothInvalidCredentials -->
        <test-method signature="loginWithEmptyUsername()[pri:4, instance:testCases.TC002_LoginTest@70cf32e3]" started-at="2025-11-03T21:44:48 IST" name="loginWithEmptyUsername" finished-at="2025-11-03T21:44:48 IST" duration-ms="300" status="PASS">
          <reporter-output>
          </reporter-output>
        </test-method> <!-- loginWithEmptyUsername -->
        <test-method signature="loginWithEmptyPassword()[pri:5, instance:testCases.TC002_LoginTest@70cf32e3]" started-at="2025-11-03T21:44:48 IST" name="loginWithEmptyPassword" finished-at="2025-11-03T21:44:49 IST" duration-ms="347" status="PASS">
          <reporter-output>
          </reporter-output>
        </test-method> <!-- loginWithEmptyPassword -->
        <test-method signature="loginWithBothFieldsEmpty()[pri:6, instance:testCases.TC002_LoginTest@70cf32e3]" started-at="2025-11-03T21:44:49 IST" name="loginWithBothFieldsEmpty" finished-at="2025-11-03T21:44:49 IST" duration-ms="330" status="PASS">
          <reporter-output>
          </reporter-output>
        </test-method> <!-- loginWithBothFieldsEmpty -->
        <test-method signature="loginWithSQLInjection()[pri:7, instance:testCases.TC002_LoginTest@70cf32e3]" started-at="2025-11-03T21:44:49 IST" name="loginWithSQLInjection" finished-at="2025-11-03T21:44:49 IST" duration-ms="313" status="PASS">
          <reporter-output>
          </reporter-output>
        </test-method> <!-- loginWithSQLInjection -->
        <test-method signature="loginWithSpecialCharacters()[pri:8, instance:testCases.TC002_LoginTest@70cf32e3]" started-at="2025-11-03T21:44:49 IST" name="loginWithSpecialCharacters" finished-at="2025-11-03T21:44:50 IST" duration-ms="332" status="PASS">
          <reporter-output>
          </reporter-output>
        </test-method> <!-- loginWithSpecialCharacters -->
        <test-method signature="loginWithSpacesInCredentials()[pri:9, instance:testCases.TC002_LoginTest@70cf32e3]" started-at="2025-11-03T21:44:50 IST" name="loginWithSpacesInCredentials" finished-at="2025-11-03T21:44:51 IST" duration-ms="979" status="PASS">
          <reporter-output>
          </reporter-output>
        </test-method> <!-- loginWithSpacesInCredentials -->
        <test-method signature="loginWithCaseSensitiveUsername()[pri:10, instance:testCases.TC002_LoginTest@70cf32e3]" started-at="2025-11-03T21:44:51 IST" name="loginWithCaseSensitiveUsername" finished-at="2025-11-03T21:44:51 IST" duration-ms="400" status="PASS">
          <reporter-output>
          </reporter-output>
        </test-method> <!-- loginWithCaseSensitiveUsername -->
        <test-method signature="loginWithExcessivelyLongUsername()[pri:11, instance:testCases.TC002_LoginTest@70cf32e3]" started-at="2025-11-03T21:44:51 IST" name="loginWithExcessivelyLongUsername" finished-at="2025-11-03T21:44:52 IST" duration-ms="606" status="PASS">
          <reporter-output>
          </reporter-output>
        </test-method> <!-- loginWithExcessivelyLongUsername -->
        <test-method signature="loginWithScriptTags()[pri:12, instance:testCases.TC002_LoginTest@70cf32e3]" started-at="2025-11-03T21:44:52 IST" name="loginWithScriptTags" finished-at="2025-11-03T21:44:52 IST" duration-ms="413" status="PASS">
          <reporter-output>
          </reporter-output>
        </test-method> <!-- loginWithScriptTags -->
        <test-method is-config="true" signature="tearDown()[pri:0, instance:testCases.TC002_LoginTest@70cf32e3]" started-at="2025-11-03T21:44:52 IST" name="tearDown" finished-at="2025-11-03T21:44:52 IST" duration-ms="353" status="PASS">
          <reporter-output>
          </reporter-output>
        </test-method> <!-- tearDown -->
      </class> <!-- testCases.TC002_LoginTest -->
    </test> <!-- Windows-Edge -->
  </suite> <!-- Suite -->
</testng-results>
