<?xml version="1.0" encoding="UTF-8"?>
<testng-results ignored="0" total="4" passed="4" failed="0" skipped="0">
  <reporter-output>
  </reporter-output>
  <suite started-at="2025-10-30T18:45:04 IST" name="ParaBankingSuite" finished-at="2025-10-30T18:45:40 IST" duration-ms="36735">
    <groups>
      <group name="Master">
        <method signature="TC003_OpenNewAccountTest.OpenNewAccountTest()[pri:1, instance:testCases.TC003_OpenNewAccountTest@18271936]" name="OpenNewAccountTest" class="testCases.TC003_OpenNewAccountTest"/>
      </group> <!-- Master -->
      <group name="Functional">
        <method signature="TC003_OpenNewAccountTest.OpenNewAccountTest()[pri:1, instance:testCases.TC003_OpenNewAccountTest@18271936]" name="OpenNewAccountTest" class="testCases.TC003_OpenNewAccountTest"/>
        <method signature="TC003_OpenNewAccountTest.OpenCheckingAccountTest()[pri:2, instance:testCases.TC003_OpenNewAccountTest@18271936]" name="OpenCheckingAccountTest" class="testCases.TC003_OpenNewAccountTest"/>
        <method signature="TC003_OpenNewAccountTest.VerifyAccountDetailsNavigationTest()[pri:3, instance:testCases.TC003_OpenNewAccountTest@18271936]" name="VerifyAccountDetailsNavigationTest" class="testCases.TC003_OpenNewAccountTest"/>
        <method signature="TC003_OpenNewAccountTest.VerifyBackButtonAfterAccountCreationTest()[pri:4, instance:testCases.TC003_OpenNewAccountTest@18271936]" name="VerifyBackButtonAfterAccountCreationTest" class="testCases.TC003_OpenNewAccountTest"/>
      </group> <!-- Functional -->
      <group name="Sanity">
        <method signature="TC003_OpenNewAccountTest.OpenCheckingAccountTest()[pri:2, instance:testCases.TC003_OpenNewAccountTest@18271936]" name="OpenCheckingAccountTest" class="testCases.TC003_OpenNewAccountTest"/>
      </group> <!-- Sanity -->
      <group name="Regression">
        <method signature="TC003_OpenNewAccountTest.VerifyAccountDetailsNavigationTest()[pri:3, instance:testCases.TC003_OpenNewAccountTest@18271936]" name="VerifyAccountDetailsNavigationTest" class="testCases.TC003_OpenNewAccountTest"/>
        <method signature="TC003_OpenNewAccountTest.VerifyBackButtonAfterAccountCreationTest()[pri:4, instance:testCases.TC003_OpenNewAccountTest@18271936]" name="VerifyBackButtonAfterAccountCreationTest" class="testCases.TC003_OpenNewAccountTest"/>
      </group> <!-- Regression -->
    </groups>
    <test started-at="2025-10-30T18:45:04 IST" name="ParaBanking Test" finished-at="2025-10-30T18:45:40 IST" duration-ms="36735">
      <class name="testCases.TC003_OpenNewAccountTest">
        <test-method is-config="true" signature="setup(java.lang.String,java.lang.String)[pri:0, instance:testCases.TC003_OpenNewAccountTest@18271936]" started-at="2025-10-30T18:45:04 IST" name="setup" finished-at="2025-10-30T18:45:08 IST" duration-ms="3575" status="PASS">
          <params>
            <param index="0">
              <value>
                <![CDATA[Windows]]>
              </value>
            </param>
            <param index="1">
              <value>
                <![CDATA[chrome]]>
              </value>
            </param>
          </params>
          <reporter-output>
          </reporter-output>
        </test-method> <!-- setup -->
        <test-method signature="OpenNewAccountTest()[pri:1, instance:testCases.TC003_OpenNewAccountTest@18271936]" started-at="2025-10-30T18:45:08 IST" name="OpenNewAccountTest" finished-at="2025-10-30T18:45:14 IST" duration-ms="6272" status="PASS">
          <reporter-output>
          </reporter-output>
        </test-method> <!-- OpenNewAccountTest -->
        <test-method signature="OpenCheckingAccountTest()[pri:2, instance:testCases.TC003_OpenNewAccountTest@18271936]" started-at="2025-10-30T18:45:14 IST" name="OpenCheckingAccountTest" finished-at="2025-10-30T18:45:23 IST" duration-ms="8665" status="PASS">
          <reporter-output>
          </reporter-output>
        </test-method> <!-- OpenCheckingAccountTest -->
        <test-method signature="VerifyAccountDetailsNavigationTest()[pri:3, instance:testCases.TC003_OpenNewAccountTest@18271936]" started-at="2025-10-30T18:45:23 IST" name="VerifyAccountDetailsNavigationTest" finished-at="2025-10-30T18:45:32 IST" duration-ms="8964" status="PASS">
          <reporter-output>
          </reporter-output>
        </test-method> <!-- VerifyAccountDetailsNavigationTest -->
        <test-method signature="VerifyBackButtonAfterAccountCreationTest()[pri:4, instance:testCases.TC003_OpenNewAccountTest@18271936]" started-at="2025-10-30T18:45:32 IST" name="VerifyBackButtonAfterAccountCreationTest" finished-at="2025-10-30T18:45:40 IST" duration-ms="8589" status="PASS">
          <reporter-output>
          </reporter-output>
        </test-method> <!-- VerifyBackButtonAfterAccountCreationTest -->
        <test-method is-config="true" signature="tearDown()[pri:0, instance:testCases.TC003_OpenNewAccountTest@18271936]" started-at="2025-10-30T18:45:40 IST" name="tearDown" finished-at="2025-10-30T18:45:40 IST" duration-ms="218" status="PASS">
          <reporter-output>
          </reporter-output>
        </test-method> <!-- tearDown -->
      </class> <!-- testCases.TC003_OpenNewAccountTest -->
    </test> <!-- ParaBanking Test -->
  </suite> <!-- ParaBankingSuite -->
</testng-results>
