<?xml version="1.0" encoding="UTF-8"?>
<testng-results ignored="0" total="70" passed="70" failed="0" skipped="0">
  <reporter-output>
  </reporter-output>
  <suite started-at="2025-11-03T19:53:15 IST" name="ParaBankingSuite" finished-at="2025-11-03T19:58:26 IST" duration-ms="310348">
    <groups>
      <group name="Functional">
        <method signature="TC003_OpenNewAccountTest.OpenNewAccountTest()[pri:1, instance:testCases.TC003_OpenNewAccountTest@7ae0a9ec]" name="OpenNewAccountTest" class="testCases.TC003_OpenNewAccountTest"/>
        <method signature="TC003_OpenNewAccountTest.OpenCheckingAccountTest()[pri:2, instance:testCases.TC003_OpenNewAccountTest@7ae0a9ec]" name="OpenCheckingAccountTest" class="testCases.TC003_OpenNewAccountTest"/>
        <method signature="TC003_OpenNewAccountTest.VerifyAccountDetailsNavigationTest()[pri:3, instance:testCases.TC003_OpenNewAccountTest@7ae0a9ec]" name="VerifyAccountDetailsNavigationTest" class="testCases.TC003_OpenNewAccountTest"/>
        <method signature="TC003_OpenNewAccountTest.VerifyBackButtonAfterAccountCreationTest()[pri:4, instance:testCases.TC003_OpenNewAccountTest@7ae0a9ec]" name="VerifyBackButtonAfterAccountCreationTest" class="testCases.TC003_OpenNewAccountTest"/>
        <method signature="TC004_TransferFundsTest.TransferFundsWithDecimalAmountTest()[pri:4, instance:testCases.TC004_TransferFundsTest@35841320]" name="TransferFundsWithDecimalAmountTest" class="testCases.TC004_TransferFundsTest"/>
      </group> <!-- Functional -->
      <group name="Master">
        <method signature="TC001_RegisterTest.RegisterTest()[pri:1, instance:testCases.TC001_RegisterTest@23e84203]" name="RegisterTest" class="testCases.TC001_RegisterTest"/>
        <method signature="TC002_LoginTest.loginTest()[pri:1, instance:testCases.TC002_LoginTest@1972e513]" name="loginTest" class="testCases.TC002_LoginTest"/>
        <method signature="TC003_OpenNewAccountTest.OpenNewAccountTest()[pri:1, instance:testCases.TC003_OpenNewAccountTest@7ae0a9ec]" name="OpenNewAccountTest" class="testCases.TC003_OpenNewAccountTest"/>
        <method signature="TC004_TransferFundsTest.TransferFundsWithAmountTest()[pri:1, instance:testCases.TC004_TransferFundsTest@35841320]" name="TransferFundsWithAmountTest" class="testCases.TC004_TransferFundsTest"/>
        <method signature="TC005_BillPayTest.BillPayWithValidDetailsTest()[pri:1, instance:testCases.TC005_BillPayTest@61c4eee0]" name="BillPayWithValidDetailsTest" class="testCases.TC005_BillPayTest"/>
        <method signature="TC006_ApplyLoanTest.VerifyApplyLoan()[pri:1, instance:testCases.TC006_ApplyLoanTest@6f10d5b6]" name="VerifyApplyLoan" class="testCases.TC006_ApplyLoanTest"/>
        <method signature="TC008_HomePageTest.VerifyHomePage()[pri:1, instance:testCases.TC008_HomePageTest@548a24a]" name="VerifyHomePage" class="testCases.TC008_HomePageTest"/>
        <method signature="TC009_FooterTest.VerifyFooterSection()[pri:1, instance:testCases.TC009_FooterTest@433defed]" name="VerifyFooterSection" class="testCases.TC009_FooterTest"/>
        <method signature="TC010_AccountOverview.verifyAccountOverview()[pri:1, instance:testCases.TC010_AccountOverview@2a693f59]" name="verifyAccountOverview" class="testCases.TC010_AccountOverview"/>
        <method signature="TC006_ApplyLoanTest.VerifyApplyLoanWithDecimalAmountTest()[pri:14, instance:testCases.TC006_ApplyLoanTest@6f10d5b6]" name="VerifyApplyLoanWithDecimalAmountTest" class="testCases.TC006_ApplyLoanTest"/>
      </group> <!-- Master -->
      <group name="Sanity">
        <method signature="TC002_LoginTest.loginTest()[pri:1, instance:testCases.TC002_LoginTest@1972e513]" name="loginTest" class="testCases.TC002_LoginTest"/>
        <method signature="TC004_TransferFundsTest.TransferFundsWithAmountTest()[pri:1, instance:testCases.TC004_TransferFundsTest@35841320]" name="TransferFundsWithAmountTest" class="testCases.TC004_TransferFundsTest"/>
        <method signature="TC005_BillPayTest.BillPayWithValidDetailsTest()[pri:1, instance:testCases.TC005_BillPayTest@61c4eee0]" name="BillPayWithValidDetailsTest" class="testCases.TC005_BillPayTest"/>
        <method signature="TC006_ApplyLoanTest.VerifyApplyLoan()[pri:1, instance:testCases.TC006_ApplyLoanTest@6f10d5b6]" name="VerifyApplyLoan" class="testCases.TC006_ApplyLoanTest"/>
        <method signature="TC008_HomePageTest.VerifyHomePage()[pri:1, instance:testCases.TC008_HomePageTest@548a24a]" name="VerifyHomePage" class="testCases.TC008_HomePageTest"/>
        <method signature="TC009_FooterTest.VerifyFooterSection()[pri:1, instance:testCases.TC009_FooterTest@433defed]" name="VerifyFooterSection" class="testCases.TC009_FooterTest"/>
        <method signature="TC010_AccountOverview.verifyAccountOverview()[pri:1, instance:testCases.TC010_AccountOverview@2a693f59]" name="verifyAccountOverview" class="testCases.TC010_AccountOverview"/>
        <method signature="TC003_OpenNewAccountTest.OpenCheckingAccountTest()[pri:2, instance:testCases.TC003_OpenNewAccountTest@7ae0a9ec]" name="OpenCheckingAccountTest" class="testCases.TC003_OpenNewAccountTest"/>
        <method signature="TC004_TransferFundsTest.TransferFundsWithDecimalAmountTest()[pri:4, instance:testCases.TC004_TransferFundsTest@35841320]" name="TransferFundsWithDecimalAmountTest" class="testCases.TC004_TransferFundsTest"/>
        <method signature="TC006_ApplyLoanTest.VerifyApplyLoanWithDecimalAmountTest()[pri:14, instance:testCases.TC006_ApplyLoanTest@6f10d5b6]" name="VerifyApplyLoanWithDecimalAmountTest" class="testCases.TC006_ApplyLoanTest"/>
      </group> <!-- Sanity -->
      <group name="Negative">
        <method signature="TC001_RegisterTest.RegisterWithMissingFirstName()[pri:2, instance:testCases.TC001_RegisterTest@23e84203]" name="RegisterWithMissingFirstName" class="testCases.TC001_RegisterTest"/>
        <method signature="TC002_LoginTest.loginWithInvalidPassword()[pri:2, instance:testCases.TC002_LoginTest@1972e513]" name="loginWithInvalidPassword" class="testCases.TC002_LoginTest"/>
        <method signature="TC004_TransferFundsTest.TransferFundsWithoutAmountTest()[pri:2, instance:testCases.TC004_TransferFundsTest@35841320]" name="TransferFundsWithoutAmountTest" class="testCases.TC004_TransferFundsTest"/>
        <method signature="TC005_BillPayTest.BillPayWithoutPayeeNameTest()[pri:2, instance:testCases.TC005_BillPayTest@61c4eee0]" name="BillPayWithoutPayeeNameTest" class="testCases.TC005_BillPayTest"/>
        <method signature="TC006_ApplyLoanTest.ApplyLoanWithoutAmountTest()[pri:2, instance:testCases.TC006_ApplyLoanTest@6f10d5b6]" name="ApplyLoanWithoutAmountTest" class="testCases.TC006_ApplyLoanTest"/>
        <method signature="TC001_RegisterTest.RegisterWithMissingLastName()[pri:3, instance:testCases.TC001_RegisterTest@23e84203]" name="RegisterWithMissingLastName" class="testCases.TC001_RegisterTest"/>
        <method signature="TC002_LoginTest.loginWithBothInvalidCredentials()[pri:3, instance:testCases.TC002_LoginTest@1972e513]" name="loginWithBothInvalidCredentials" class="testCases.TC002_LoginTest"/>
        <method signature="TC004_TransferFundsTest.TransferFundsWithInvalidAmountTest()[pri:3, instance:testCases.TC004_TransferFundsTest@35841320]" name="TransferFundsWithInvalidAmountTest" class="testCases.TC004_TransferFundsTest"/>
        <method signature="TC005_BillPayTest.BillPayWithoutAddressTest()[pri:3, instance:testCases.TC005_BillPayTest@61c4eee0]" name="BillPayWithoutAddressTest" class="testCases.TC005_BillPayTest"/>
        <method signature="TC006_ApplyLoanTest.ApplyLoanWithoutDownPaymentTest()[pri:3, instance:testCases.TC006_ApplyLoanTest@6f10d5b6]" name="ApplyLoanWithoutDownPaymentTest" class="testCases.TC006_ApplyLoanTest"/>
        <method signature="TC001_RegisterTest.RegisterWithMissingAddress()[pri:4, instance:testCases.TC001_RegisterTest@23e84203]" name="RegisterWithMissingAddress" class="testCases.TC001_RegisterTest"/>
        <method signature="TC002_LoginTest.loginWithEmptyUsername()[pri:4, instance:testCases.TC002_LoginTest@1972e513]" name="loginWithEmptyUsername" class="testCases.TC002_LoginTest"/>
        <method signature="TC005_BillPayTest.BillPayWithoutCityTest()[pri:4, instance:testCases.TC005_BillPayTest@61c4eee0]" name="BillPayWithoutCityTest" class="testCases.TC005_BillPayTest"/>
        <method signature="TC006_ApplyLoanTest.ApplyLoanWithNonNumericAmountTest()[pri:4, instance:testCases.TC006_ApplyLoanTest@6f10d5b6]" name="ApplyLoanWithNonNumericAmountTest" class="testCases.TC006_ApplyLoanTest"/>
        <method signature="TC001_RegisterTest.RegisterWithMissingCity()[pri:5, instance:testCases.TC001_RegisterTest@23e84203]" name="RegisterWithMissingCity" class="testCases.TC001_RegisterTest"/>
        <method signature="TC002_LoginTest.loginWithEmptyPassword()[pri:5, instance:testCases.TC002_LoginTest@1972e513]" name="loginWithEmptyPassword" class="testCases.TC002_LoginTest"/>
        <method signature="TC004_TransferFundsTest.TransferFundsWithSpecialCharactersTest()[pri:5, instance:testCases.TC004_TransferFundsTest@35841320]" name="TransferFundsWithSpecialCharactersTest" class="testCases.TC004_TransferFundsTest"/>
        <method signature="TC005_BillPayTest.BillPayWithoutStateTest()[pri:5, instance:testCases.TC005_BillPayTest@61c4eee0]" name="BillPayWithoutStateTest" class="testCases.TC005_BillPayTest"/>
        <method signature="TC006_ApplyLoanTest.ApplyLoanWithNonNumericDownPaymentTest()[pri:5, instance:testCases.TC006_ApplyLoanTest@6f10d5b6]" name="ApplyLoanWithNonNumericDownPaymentTest" class="testCases.TC006_ApplyLoanTest"/>
        <method signature="TC001_RegisterTest.RegisterWithMissingState()[pri:6, instance:testCases.TC001_RegisterTest@23e84203]" name="RegisterWithMissingState" class="testCases.TC001_RegisterTest"/>
        <method signature="TC002_LoginTest.loginWithBothFieldsEmpty()[pri:6, instance:testCases.TC002_LoginTest@1972e513]" name="loginWithBothFieldsEmpty" class="testCases.TC002_LoginTest"/>
        <method signature="TC004_TransferFundsTest.TransferFundsWithExcessiveAmountTest()[pri:6, instance:testCases.TC004_TransferFundsTest@35841320]" name="TransferFundsWithExcessiveAmountTest" class="testCases.TC004_TransferFundsTest"/>
        <method signature="TC005_BillPayTest.BillPayWithoutPhoneTest()[pri:6, instance:testCases.TC005_BillPayTest@61c4eee0]" name="BillPayWithoutPhoneTest" class="testCases.TC005_BillPayTest"/>
        <method signature="TC006_ApplyLoanTest.ApplyLoanWithExcessiveAmountTest()[pri:6, instance:testCases.TC006_ApplyLoanTest@6f10d5b6]" name="ApplyLoanWithExcessiveAmountTest" class="testCases.TC006_ApplyLoanTest"/>
        <method signature="TC001_RegisterTest.RegisterWithMissingZipCode()[pri:7, instance:testCases.TC001_RegisterTest@23e84203]" name="RegisterWithMissingZipCode" class="testCases.TC001_RegisterTest"/>
        <method signature="TC002_LoginTest.loginWithSQLInjection()[pri:7, instance:testCases.TC002_LoginTest@1972e513]" name="loginWithSQLInjection" class="testCases.TC002_LoginTest"/>
        <method signature="TC005_BillPayTest.BillPayWithoutAccountNumberTest()[pri:7, instance:testCases.TC005_BillPayTest@61c4eee0]" name="BillPayWithoutAccountNumberTest" class="testCases.TC005_BillPayTest"/>
        <method signature="TC006_ApplyLoanTest.ApplyLoanWithSpecialCharactersInAmountTest()[pri:7, instance:testCases.TC006_ApplyLoanTest@6f10d5b6]" name="ApplyLoanWithSpecialCharactersInAmountTest" class="testCases.TC006_ApplyLoanTest"/>
        <method signature="TC001_RegisterTest.RegisterWithMissingSSN()[pri:8, instance:testCases.TC001_RegisterTest@23e84203]" name="RegisterWithMissingSSN" class="testCases.TC001_RegisterTest"/>
        <method signature="TC002_LoginTest.loginWithSpecialCharacters()[pri:8, instance:testCases.TC002_LoginTest@1972e513]" name="loginWithSpecialCharacters" class="testCases.TC002_LoginTest"/>
        <method signature="TC005_BillPayTest.BillPayWithoutVerifyAccountTest()[pri:8, instance:testCases.TC005_BillPayTest@61c4eee0]" name="BillPayWithoutVerifyAccountTest" class="testCases.TC005_BillPayTest"/>
        <method signature="TC006_ApplyLoanTest.ApplyLoanWithEmptySubmissionTest()[pri:8, instance:testCases.TC006_ApplyLoanTest@6f10d5b6]" name="ApplyLoanWithEmptySubmissionTest" class="testCases.TC006_ApplyLoanTest"/>
        <method signature="TC001_RegisterTest.RegisterWithMissingUsername()[pri:9, instance:testCases.TC001_RegisterTest@23e84203]" name="RegisterWithMissingUsername" class="testCases.TC001_RegisterTest"/>
        <method signature="TC002_LoginTest.loginWithSpacesInCredentials()[pri:9, instance:testCases.TC002_LoginTest@1972e513]" name="loginWithSpacesInCredentials" class="testCases.TC002_LoginTest"/>
        <method signature="TC005_BillPayTest.BillPayWithoutAmountTest()[pri:9, instance:testCases.TC005_BillPayTest@61c4eee0]" name="BillPayWithoutAmountTest" class="testCases.TC005_BillPayTest"/>
        <method signature="TC006_ApplyLoanTest.ApplyLoanWithAmountLessThanDownPaymentTest()[pri:9, instance:testCases.TC006_ApplyLoanTest@6f10d5b6]" name="ApplyLoanWithAmountLessThanDownPaymentTest" class="testCases.TC006_ApplyLoanTest"/>
        <method signature="TC001_RegisterTest.RegisterWithMissingPassword()[pri:10, instance:testCases.TC001_RegisterTest@23e84203]" name="RegisterWithMissingPassword" class="testCases.TC001_RegisterTest"/>
        <method signature="TC002_LoginTest.loginWithCaseSensitiveUsername()[pri:10, instance:testCases.TC002_LoginTest@1972e513]" name="loginWithCaseSensitiveUsername" class="testCases.TC002_LoginTest"/>
        <method signature="TC005_BillPayTest.BillPayWithMismatchedAccountNumbersTest()[pri:10, instance:testCases.TC005_BillPayTest@61c4eee0]" name="BillPayWithMismatchedAccountNumbersTest" class="testCases.TC005_BillPayTest"/>
        <method signature="TC006_ApplyLoanTest.ApplyLoanWithZeroAmountTest()[pri:10, instance:testCases.TC006_ApplyLoanTest@6f10d5b6]" name="ApplyLoanWithZeroAmountTest" class="testCases.TC006_ApplyLoanTest"/>
        <method signature="TC001_RegisterTest.RegisterWithMismatchedPasswords()[pri:11, instance:testCases.TC001_RegisterTest@23e84203]" name="RegisterWithMismatchedPasswords" class="testCases.TC001_RegisterTest"/>
        <method signature="TC005_BillPayTest.BillPayWithNonNumericAccountNumberTest()[pri:11, instance:testCases.TC005_BillPayTest@61c4eee0]" name="BillPayWithNonNumericAccountNumberTest" class="testCases.TC005_BillPayTest"/>
        <method signature="TC006_ApplyLoanTest.ApplyLoanWithNegativeAmountTest()[pri:11, instance:testCases.TC006_ApplyLoanTest@6f10d5b6]" name="ApplyLoanWithNegativeAmountTest" class="testCases.TC006_ApplyLoanTest"/>
        <method signature="TC001_RegisterTest.RegisterWithExistingUsername()[pri:12, instance:testCases.TC001_RegisterTest@23e84203]" name="RegisterWithExistingUsername" class="testCases.TC001_RegisterTest"/>
        <method signature="TC005_BillPayTest.BillPayWithNonNumericAmountTest()[pri:12, instance:testCases.TC005_BillPayTest@61c4eee0]" name="BillPayWithNonNumericAmountTest" class="testCases.TC005_BillPayTest"/>
        <method signature="TC006_ApplyLoanTest.ApplyLoanWithUnrealisticCombinationTest()[pri:12, instance:testCases.TC006_ApplyLoanTest@6f10d5b6]" name="ApplyLoanWithUnrealisticCombinationTest" class="testCases.TC006_ApplyLoanTest"/>
        <method signature="TC005_BillPayTest.BillPayWithAllFieldsEmptyTest()[pri:13, instance:testCases.TC005_BillPayTest@61c4eee0]" name="BillPayWithAllFieldsEmptyTest" class="testCases.TC005_BillPayTest"/>
        <method signature="TC006_ApplyLoanTest.ApplyLoanWithInsufficientBalanceTest()[pri:13, instance:testCases.TC006_ApplyLoanTest@6f10d5b6]" name="ApplyLoanWithInsufficientBalanceTest" class="testCases.TC006_ApplyLoanTest"/>
      </group> <!-- Negative -->
      <group name="Positive">
        <method signature="TC005_BillPayTest.BillPayWithDecimalAmountTest()[pri:14, instance:testCases.TC005_BillPayTest@61c4eee0]" name="BillPayWithDecimalAmountTest" class="testCases.TC005_BillPayTest"/>
      </group> <!-- Positive -->
      <group name="Regression">
        <method signature="TC001_RegisterTest.RegisterTest()[pri:1, instance:testCases.TC001_RegisterTest@23e84203]" name="RegisterTest" class="testCases.TC001_RegisterTest"/>
        <method signature="TC002_LoginTest.loginWithInvalidPassword()[pri:2, instance:testCases.TC002_LoginTest@1972e513]" name="loginWithInvalidPassword" class="testCases.TC002_LoginTest"/>
        <method signature="TC002_LoginTest.loginWithBothInvalidCredentials()[pri:3, instance:testCases.TC002_LoginTest@1972e513]" name="loginWithBothInvalidCredentials" class="testCases.TC002_LoginTest"/>
        <method signature="TC003_OpenNewAccountTest.VerifyAccountDetailsNavigationTest()[pri:3, instance:testCases.TC003_OpenNewAccountTest@7ae0a9ec]" name="VerifyAccountDetailsNavigationTest" class="testCases.TC003_OpenNewAccountTest"/>
        <method signature="TC002_LoginTest.loginWithEmptyUsername()[pri:4, instance:testCases.TC002_LoginTest@1972e513]" name="loginWithEmptyUsername" class="testCases.TC002_LoginTest"/>
        <method signature="TC003_OpenNewAccountTest.VerifyBackButtonAfterAccountCreationTest()[pri:4, instance:testCases.TC003_OpenNewAccountTest@7ae0a9ec]" name="VerifyBackButtonAfterAccountCreationTest" class="testCases.TC003_OpenNewAccountTest"/>
        <method signature="TC002_LoginTest.loginWithEmptyPassword()[pri:5, instance:testCases.TC002_LoginTest@1972e513]" name="loginWithEmptyPassword" class="testCases.TC002_LoginTest"/>
        <method signature="TC002_LoginTest.loginWithBothFieldsEmpty()[pri:6, instance:testCases.TC002_LoginTest@1972e513]" name="loginWithBothFieldsEmpty" class="testCases.TC002_LoginTest"/>
        <method signature="TC002_LoginTest.loginWithSQLInjection()[pri:7, instance:testCases.TC002_LoginTest@1972e513]" name="loginWithSQLInjection" class="testCases.TC002_LoginTest"/>
        <method signature="TC002_LoginTest.loginWithSpecialCharacters()[pri:8, instance:testCases.TC002_LoginTest@1972e513]" name="loginWithSpecialCharacters" class="testCases.TC002_LoginTest"/>
        <method signature="TC002_LoginTest.loginWithSpacesInCredentials()[pri:9, instance:testCases.TC002_LoginTest@1972e513]" name="loginWithSpacesInCredentials" class="testCases.TC002_LoginTest"/>
        <method signature="TC002_LoginTest.loginWithCaseSensitiveUsername()[pri:10, instance:testCases.TC002_LoginTest@1972e513]" name="loginWithCaseSensitiveUsername" class="testCases.TC002_LoginTest"/>
        <method signature="TC002_LoginTest.loginWithExcessivelyLongUsername()[pri:11, instance:testCases.TC002_LoginTest@1972e513]" name="loginWithExcessivelyLongUsername" class="testCases.TC002_LoginTest"/>
        <method signature="TC002_LoginTest.loginWithScriptTags()[pri:12, instance:testCases.TC002_LoginTest@1972e513]" name="loginWithScriptTags" class="testCases.TC002_LoginTest"/>
      </group> <!-- Regression -->
      <group name="Datadriven">
        <method signature="TC007_LoginDDT.verify_Loginddt(java.lang.String,java.lang.String,java.lang.String)[pri:0, instance:testCases.TC007_LoginDDT@1040be71]" name="verify_Loginddt" class="testCases.TC007_LoginDDT"/>
      </group> <!-- Datadriven -->
    </groups>
    <test started-at="2025-11-03T19:53:15 IST" name="ParaBanking Test" finished-at="2025-11-03T19:58:26 IST" duration-ms="310348">
      <class name="testCases.TC009_FooterTest">
        <test-method is-config="true" signature="setup(java.lang.String,java.lang.String)[pri:0, instance:testCases.TC009_FooterTest@433defed]" started-at="2025-11-03T19:57:55 IST" name="setup" finished-at="2025-11-03T19:57:56 IST" duration-ms="1357" status="PASS">
          <params>
            <param index="0">
              <value>
                <![CDATA[Windows]]>
              </value>
            </param>
            <param index="1">
              <value>
                <![CDATA[chrome]]>
              </value>
            </param>
          </params>
          <reporter-output>
          </reporter-output>
        </test-method> <!-- setup -->
        <test-method signature="VerifyFooterSection()[pri:1, instance:testCases.TC009_FooterTest@433defed]" started-at="2025-11-03T19:57:56 IST" name="VerifyFooterSection" finished-at="2025-11-03T19:58:11 IST" duration-ms="14931" status="PASS">
          <reporter-output>
          </reporter-output>
        </test-method> <!-- VerifyFooterSection -->
        <test-method is-config="true" signature="tearDown()[pri:0, instance:testCases.TC009_FooterTest@433defed]" started-at="2025-11-03T19:58:11 IST" name="tearDown" finished-at="2025-11-03T19:58:12 IST" duration-ms="223" status="PASS">
          <reporter-output>
          </reporter-output>
        </test-method> <!-- tearDown -->
      </class> <!-- testCases.TC009_FooterTest -->
      <class name="testCases.TC007_LoginDDT">
        <test-method is-config="true" signature="setup(java.lang.String,java.lang.String)[pri:0, instance:testCases.TC007_LoginDDT@1040be71]" started-at="2025-11-03T19:56:50 IST" name="setup" finished-at="2025-11-03T19:56:51 IST" duration-ms="1480" status="PASS">
          <params>
            <param index="0">
              <value>
                <![CDATA[Windows]]>
              </value>
            </param>
            <param index="1">
              <value>
                <![CDATA[chrome]]>
              </value>
            </param>
          </params>
          <reporter-output>
          </reporter-output>
        </test-method> <!-- setup -->
        <test-method signature="verify_Loginddt(java.lang.String,java.lang.String,java.lang.String)[pri:0, instance:testCases.TC007_LoginDDT@1040be71]" started-at="2025-11-03T19:56:52 IST" name="verify_Loginddt" data-provider="LoginData" finished-at="2025-11-03T19:56:56 IST" duration-ms="3079" status="PASS">
          <params>
            <param index="0">
              <value>
                <![CDATA[mikasa@06]]>
              </value>
            </param>
            <param index="1">
              <value>
                <![CDATA[eren]]>
              </value>
            </param>
            <param index="2">
              <value>
                <![CDATA[valid]]>
              </value>
            </param>
          </params>
          <reporter-output>
          </reporter-output>
        </test-method> <!-- verify_Loginddt -->
        <test-method signature="verify_Loginddt(java.lang.String,java.lang.String,java.lang.String)[pri:0, instance:testCases.TC007_LoginDDT@1040be71]" started-at="2025-11-03T19:56:56 IST" name="verify_Loginddt" data-provider="LoginData" finished-at="2025-11-03T19:57:08 IST" duration-ms="12272" status="PASS">
          <params>
            <param index="0">
              <value>
                <![CDATA[gabi]]>
              </value>
            </param>
            <param index="1">
              <value>
                <![CDATA[falco]]>
              </value>
            </param>
            <param index="2">
              <value>
                <![CDATA[Invalid]]>
              </value>
            </param>
          </params>
          <reporter-output>
          </reporter-output>
        </test-method> <!-- verify_Loginddt -->
        <test-method signature="verify_Loginddt(java.lang.String,java.lang.String,java.lang.String)[pri:0, instance:testCases.TC007_LoginDDT@1040be71]" started-at="2025-11-03T19:57:08 IST" name="verify_Loginddt" data-provider="LoginData" finished-at="2025-11-03T19:57:20 IST" duration-ms="12364" status="PASS">
          <params>
            <param index="0">
              <value>
                <![CDATA[jiraya]]>
              </value>
            </param>
            <param index="1">
              <value>
                <![CDATA[leaf]]>
              </value>
            </param>
            <param index="2">
              <value>
                <![CDATA[Invalid]]>
              </value>
            </param>
          </params>
          <reporter-output>
          </reporter-output>
        </test-method> <!-- verify_Loginddt -->
        <test-method signature="verify_Loginddt(java.lang.String,java.lang.String,java.lang.String)[pri:0, instance:testCases.TC007_LoginDDT@1040be71]" started-at="2025-11-03T19:57:20 IST" name="verify_Loginddt" data-provider="LoginData" finished-at="2025-11-03T19:57:23 IST" duration-ms="2549" status="PASS">
          <params>
            <param index="0">
              <value>
                <![CDATA[naruto]]>
              </value>
            </param>
            <param index="1">
              <value>
                <![CDATA[hinata]]>
              </value>
            </param>
            <param index="2">
              <value>
                <![CDATA[valid]]>
              </value>
            </param>
          </params>
          <reporter-output>
          </reporter-output>
        </test-method> <!-- verify_Loginddt -->
        <test-method signature="verify_Loginddt(java.lang.String,java.lang.String,java.lang.String)[pri:0, instance:testCases.TC007_LoginDDT@1040be71]" started-at="2025-11-03T19:57:23 IST" name="verify_Loginddt" data-provider="LoginData" finished-at="2025-11-03T19:57:35 IST" duration-ms="12264" status="PASS">
          <params>
            <param index="0">
              <value>
                <![CDATA[levi]]>
              </value>
            </param>
            <param index="1">
              <value>
                <![CDATA[hange]]>
              </value>
            </param>
            <param index="2">
              <value>
                <![CDATA[Invalid]]>
              </value>
            </param>
          </params>
          <reporter-output>
          </reporter-output>
        </test-method> <!-- verify_Loginddt -->
        <test-method is-config="true" signature="tearDown()[pri:0, instance:testCases.TC007_LoginDDT@1040be71]" started-at="2025-11-03T19:57:35 IST" name="tearDown" finished-at="2025-11-03T19:57:35 IST" duration-ms="206" status="PASS">
          <reporter-output>
          </reporter-output>
        </test-method> <!-- tearDown -->
      </class> <!-- testCases.TC007_LoginDDT -->
      <class name="testCases.TC006_ApplyLoanTest">
        <test-method is-config="true" signature="setup(java.lang.String,java.lang.String)[pri:0, instance:testCases.TC006_ApplyLoanTest@6f10d5b6]" started-at="2025-11-03T19:56:00 IST" name="setup" finished-at="2025-11-03T19:56:01 IST" duration-ms="1151" status="PASS">
          <params>
            <param index="0">
              <value>
                <![CDATA[Windows]]>
              </value>
            </param>
            <param index="1">
              <value>
                <![CDATA[chrome]]>
              </value>
            </param>
          </params>
          <reporter-output>
          </reporter-output>
        </test-method> <!-- setup -->
        <test-method signature="VerifyApplyLoan()[pri:1, instance:testCases.TC006_ApplyLoanTest@6f10d5b6]" started-at="2025-11-03T19:56:01 IST" name="VerifyApplyLoan" finished-at="2025-11-03T19:56:07 IST" duration-ms="6221" status="PASS">
          <reporter-output>
          </reporter-output>
        </test-method> <!-- VerifyApplyLoan -->
        <test-method signature="ApplyLoanWithoutAmountTest()[pri:2, instance:testCases.TC006_ApplyLoanTest@6f10d5b6]" started-at="2025-11-03T19:56:07 IST" name="ApplyLoanWithoutAmountTest" finished-at="2025-11-03T19:56:10 IST" duration-ms="2894" status="PASS">
          <reporter-output>
          </reporter-output>
        </test-method> <!-- ApplyLoanWithoutAmountTest -->
        <test-method signature="ApplyLoanWithoutDownPaymentTest()[pri:3, instance:testCases.TC006_ApplyLoanTest@6f10d5b6]" started-at="2025-11-03T19:56:10 IST" name="ApplyLoanWithoutDownPaymentTest" finished-at="2025-11-03T19:56:13 IST" duration-ms="2983" status="PASS">
          <reporter-output>
          </reporter-output>
        </test-method> <!-- ApplyLoanWithoutDownPaymentTest -->
        <test-method signature="ApplyLoanWithNonNumericAmountTest()[pri:4, instance:testCases.TC006_ApplyLoanTest@6f10d5b6]" started-at="2025-11-03T19:56:13 IST" name="ApplyLoanWithNonNumericAmountTest" finished-at="2025-11-03T19:56:16 IST" duration-ms="2890" status="PASS">
          <reporter-output>
          </reporter-output>
        </test-method> <!-- ApplyLoanWithNonNumericAmountTest -->
        <test-method signature="ApplyLoanWithNonNumericDownPaymentTest()[pri:5, instance:testCases.TC006_ApplyLoanTest@6f10d5b6]" started-at="2025-11-03T19:56:16 IST" name="ApplyLoanWithNonNumericDownPaymentTest" finished-at="2025-11-03T19:56:19 IST" duration-ms="2926" status="PASS">
          <reporter-output>
          </reporter-output>
        </test-method> <!-- ApplyLoanWithNonNumericDownPaymentTest -->
        <test-method signature="ApplyLoanWithExcessiveAmountTest()[pri:6, instance:testCases.TC006_ApplyLoanTest@6f10d5b6]" started-at="2025-11-03T19:56:19 IST" name="ApplyLoanWithExcessiveAmountTest" finished-at="2025-11-03T19:56:22 IST" duration-ms="3052" status="PASS">
          <reporter-output>
          </reporter-output>
        </test-method> <!-- ApplyLoanWithExcessiveAmountTest -->
        <test-method signature="ApplyLoanWithSpecialCharactersInAmountTest()[pri:7, instance:testCases.TC006_ApplyLoanTest@6f10d5b6]" started-at="2025-11-03T19:56:22 IST" name="ApplyLoanWithSpecialCharactersInAmountTest" finished-at="2025-11-03T19:56:25 IST" duration-ms="2915" status="PASS">
          <reporter-output>
          </reporter-output>
        </test-method> <!-- ApplyLoanWithSpecialCharactersInAmountTest -->
        <test-method signature="ApplyLoanWithEmptySubmissionTest()[pri:8, instance:testCases.TC006_ApplyLoanTest@6f10d5b6]" started-at="2025-11-03T19:56:25 IST" name="ApplyLoanWithEmptySubmissionTest" finished-at="2025-11-03T19:56:28 IST" duration-ms="2800" status="PASS">
          <reporter-output>
          </reporter-output>
        </test-method> <!-- ApplyLoanWithEmptySubmissionTest -->
        <test-method signature="ApplyLoanWithAmountLessThanDownPaymentTest()[pri:9, instance:testCases.TC006_ApplyLoanTest@6f10d5b6]" started-at="2025-11-03T19:56:28 IST" name="ApplyLoanWithAmountLessThanDownPaymentTest" finished-at="2025-11-03T19:56:31 IST" duration-ms="3041" status="PASS">
          <reporter-output>
          </reporter-output>
        </test-method> <!-- ApplyLoanWithAmountLessThanDownPaymentTest -->
        <test-method signature="ApplyLoanWithZeroAmountTest()[pri:10, instance:testCases.TC006_ApplyLoanTest@6f10d5b6]" started-at="2025-11-03T19:56:31 IST" name="ApplyLoanWithZeroAmountTest" finished-at="2025-11-03T19:56:34 IST" duration-ms="3483" status="PASS">
          <reporter-output>
          </reporter-output>
        </test-method> <!-- ApplyLoanWithZeroAmountTest -->
        <test-method signature="ApplyLoanWithNegativeAmountTest()[pri:11, instance:testCases.TC006_ApplyLoanTest@6f10d5b6]" started-at="2025-11-03T19:56:34 IST" name="ApplyLoanWithNegativeAmountTest" finished-at="2025-11-03T19:56:37 IST" duration-ms="3022" status="PASS">
          <reporter-output>
          </reporter-output>
        </test-method> <!-- ApplyLoanWithNegativeAmountTest -->
        <test-method signature="ApplyLoanWithUnrealisticCombinationTest()[pri:12, instance:testCases.TC006_ApplyLoanTest@6f10d5b6]" started-at="2025-11-03T19:56:37 IST" name="ApplyLoanWithUnrealisticCombinationTest" finished-at="2025-11-03T19:56:40 IST" duration-ms="3029" status="PASS">
          <reporter-output>
          </reporter-output>
        </test-method> <!-- ApplyLoanWithUnrealisticCombinationTest -->
        <test-method signature="ApplyLoanWithInsufficientBalanceTest()[pri:13, instance:testCases.TC006_ApplyLoanTest@6f10d5b6]" started-at="2025-11-03T19:56:40 IST" name="ApplyLoanWithInsufficientBalanceTest" finished-at="2025-11-03T19:56:43 IST" duration-ms="2984" status="PASS">
          <reporter-output>
          </reporter-output>
        </test-method> <!-- ApplyLoanWithInsufficientBalanceTest -->
        <test-method signature="VerifyApplyLoanWithDecimalAmountTest()[pri:14, instance:testCases.TC006_ApplyLoanTest@6f10d5b6]" started-at="2025-11-03T19:56:43 IST" name="VerifyApplyLoanWithDecimalAmountTest" finished-at="2025-11-03T19:56:49 IST" duration-ms="5990" status="PASS">
          <reporter-output>
          </reporter-output>
        </test-method> <!-- VerifyApplyLoanWithDecimalAmountTest -->
        <test-method is-config="true" signature="tearDown()[pri:0, instance:testCases.TC006_ApplyLoanTest@6f10d5b6]" started-at="2025-11-03T19:56:49 IST" name="tearDown" finished-at="2025-11-03T19:56:50 IST" duration-ms="240" status="PASS">
          <reporter-output>
          </reporter-output>
        </test-method> <!-- tearDown -->
      </class> <!-- testCases.TC006_ApplyLoanTest -->
      <class name="testCases.TC002_LoginTest">
        <test-method is-config="true" signature="setup(java.lang.String,java.lang.String)[pri:0, instance:testCases.TC002_LoginTest@1972e513]" started-at="2025-11-03T19:53:33 IST" name="setup" finished-at="2025-11-03T19:53:34 IST" duration-ms="1382" status="PASS">
          <params>
            <param index="0">
              <value>
                <![CDATA[Windows]]>
              </value>
            </param>
            <param index="1">
              <value>
                <![CDATA[chrome]]>
              </value>
            </param>
          </params>
          <reporter-output>
          </reporter-output>
        </test-method> <!-- setup -->
        <test-method signature="loginTest()[pri:1, instance:testCases.TC002_LoginTest@1972e513]" started-at="2025-11-03T19:53:34 IST" name="loginTest" finished-at="2025-11-03T19:53:39 IST" duration-ms="4738" status="PASS">
          <reporter-output>
          </reporter-output>
        </test-method> <!-- loginTest -->
        <test-method signature="loginWithInvalidPassword()[pri:2, instance:testCases.TC002_LoginTest@1972e513]" started-at="2025-11-03T19:53:39 IST" name="loginWithInvalidPassword" finished-at="2025-11-03T19:53:39 IST" duration-ms="370" status="PASS">
          <reporter-output>
          </reporter-output>
        </test-method> <!-- loginWithInvalidPassword -->
        <test-method signature="loginWithBothInvalidCredentials()[pri:3, instance:testCases.TC002_LoginTest@1972e513]" started-at="2025-11-03T19:53:39 IST" name="loginWithBothInvalidCredentials" finished-at="2025-11-03T19:53:40 IST" duration-ms="319" status="PASS">
          <reporter-output>
          </reporter-output>
        </test-method> <!-- loginWithBothInvalidCredentials -->
        <test-method signature="loginWithEmptyUsername()[pri:4, instance:testCases.TC002_LoginTest@1972e513]" started-at="2025-11-03T19:53:40 IST" name="loginWithEmptyUsername" finished-at="2025-11-03T19:53:41 IST" duration-ms="781" status="PASS">
          <reporter-output>
          </reporter-output>
        </test-method> <!-- loginWithEmptyUsername -->
        <test-method signature="loginWithEmptyPassword()[pri:5, instance:testCases.TC002_LoginTest@1972e513]" started-at="2025-11-03T19:53:41 IST" name="loginWithEmptyPassword" finished-at="2025-11-03T19:53:41 IST" duration-ms="306" status="PASS">
          <reporter-output>
          </reporter-output>
        </test-method> <!-- loginWithEmptyPassword -->
        <test-method signature="loginWithBothFieldsEmpty()[pri:6, instance:testCases.TC002_LoginTest@1972e513]" started-at="2025-11-03T19:53:41 IST" name="loginWithBothFieldsEmpty" finished-at="2025-11-03T19:53:41 IST" duration-ms="244" status="PASS">
          <reporter-output>
          </reporter-output>
        </test-method> <!-- loginWithBothFieldsEmpty -->
        <test-method signature="loginWithSQLInjection()[pri:7, instance:testCases.TC002_LoginTest@1972e513]" started-at="2025-11-03T19:53:41 IST" name="loginWithSQLInjection" finished-at="2025-11-03T19:53:41 IST" duration-ms="282" status="PASS">
          <reporter-output>
          </reporter-output>
        </test-method> <!-- loginWithSQLInjection -->
        <test-method signature="loginWithSpecialCharacters()[pri:8, instance:testCases.TC002_LoginTest@1972e513]" started-at="2025-11-03T19:53:41 IST" name="loginWithSpecialCharacters" finished-at="2025-11-03T19:53:42 IST" duration-ms="263" status="PASS">
          <reporter-output>
          </reporter-output>
        </test-method> <!-- loginWithSpecialCharacters -->
        <test-method signature="loginWithSpacesInCredentials()[pri:9, instance:testCases.TC002_LoginTest@1972e513]" started-at="2025-11-03T19:53:42 IST" name="loginWithSpacesInCredentials" finished-at="2025-11-03T19:53:42 IST" duration-ms="292" status="PASS">
          <reporter-output>
          </reporter-output>
        </test-method> <!-- loginWithSpacesInCredentials -->
        <test-method signature="loginWithCaseSensitiveUsername()[pri:10, instance:testCases.TC002_LoginTest@1972e513]" started-at="2025-11-03T19:53:42 IST" name="loginWithCaseSensitiveUsername" finished-at="2025-11-03T19:53:43 IST" duration-ms="711" status="PASS">
          <reporter-output>
          </reporter-output>
        </test-method> <!-- loginWithCaseSensitiveUsername -->
        <test-method signature="loginWithExcessivelyLongUsername()[pri:11, instance:testCases.TC002_LoginTest@1972e513]" started-at="2025-11-03T19:53:43 IST" name="loginWithExcessivelyLongUsername" finished-at="2025-11-03T19:53:43 IST" duration-ms="543" status="PASS">
          <reporter-output>
          </reporter-output>
        </test-method> <!-- loginWithExcessivelyLongUsername -->
        <test-method signature="loginWithScriptTags()[pri:12, instance:testCases.TC002_LoginTest@1972e513]" started-at="2025-11-03T19:53:43 IST" name="loginWithScriptTags" finished-at="2025-11-03T19:53:44 IST" duration-ms="361" status="PASS">
          <reporter-output>
          </reporter-output>
        </test-method> <!-- loginWithScriptTags -->
        <test-method is-config="true" signature="tearDown()[pri:0, instance:testCases.TC002_LoginTest@1972e513]" started-at="2025-11-03T19:53:44 IST" name="tearDown" finished-at="2025-11-03T19:53:44 IST" duration-ms="200" status="PASS">
          <reporter-output>
          </reporter-output>
        </test-method> <!-- tearDown -->
      </class> <!-- testCases.TC002_LoginTest -->
      <class name="testCases.TC001_RegisterTest">
        <test-method is-config="true" signature="setup(java.lang.String,java.lang.String)[pri:0, instance:testCases.TC001_RegisterTest@23e84203]" started-at="2025-11-03T19:53:16 IST" name="setup" finished-at="2025-11-03T19:53:18 IST" duration-ms="2394" status="PASS">
          <params>
            <param index="0">
              <value>
                <![CDATA[Windows]]>
              </value>
            </param>
            <param index="1">
              <value>
                <![CDATA[chrome]]>
              </value>
            </param>
          </params>
          <reporter-output>
          </reporter-output>
        </test-method> <!-- setup -->
        <test-method signature="RegisterTest()[pri:1, instance:testCases.TC001_RegisterTest@23e84203]" started-at="2025-11-03T19:53:18 IST" name="RegisterTest" finished-at="2025-11-03T19:53:20 IST" duration-ms="1624" status="PASS">
          <reporter-output>
          </reporter-output>
        </test-method> <!-- RegisterTest -->
        <test-method signature="RegisterWithMissingFirstName()[pri:2, instance:testCases.TC001_RegisterTest@23e84203]" started-at="2025-11-03T19:53:20 IST" name="RegisterWithMissingFirstName" finished-at="2025-11-03T19:53:21 IST" duration-ms="1118" status="PASS">
          <reporter-output>
          </reporter-output>
        </test-method> <!-- RegisterWithMissingFirstName -->
        <test-method signature="RegisterWithMissingLastName()[pri:3, instance:testCases.TC001_RegisterTest@23e84203]" started-at="2025-11-03T19:53:21 IST" name="RegisterWithMissingLastName" finished-at="2025-11-03T19:53:22 IST" duration-ms="1166" status="PASS">
          <reporter-output>
          </reporter-output>
        </test-method> <!-- RegisterWithMissingLastName -->
        <test-method signature="RegisterWithMissingAddress()[pri:4, instance:testCases.TC001_RegisterTest@23e84203]" started-at="2025-11-03T19:53:22 IST" name="RegisterWithMissingAddress" finished-at="2025-11-03T19:53:23 IST" duration-ms="1054" status="PASS">
          <reporter-output>
          </reporter-output>
        </test-method> <!-- RegisterWithMissingAddress -->
        <test-method signature="RegisterWithMissingCity()[pri:5, instance:testCases.TC001_RegisterTest@23e84203]" started-at="2025-11-03T19:53:23 IST" name="RegisterWithMissingCity" finished-at="2025-11-03T19:53:24 IST" duration-ms="1075" status="PASS">
          <reporter-output>
          </reporter-output>
        </test-method> <!-- RegisterWithMissingCity -->
        <test-method signature="RegisterWithMissingState()[pri:6, instance:testCases.TC001_RegisterTest@23e84203]" started-at="2025-11-03T19:53:24 IST" name="RegisterWithMissingState" finished-at="2025-11-03T19:53:25 IST" duration-ms="1100" status="PASS">
          <reporter-output>
          </reporter-output>
        </test-method> <!-- RegisterWithMissingState -->
        <test-method signature="RegisterWithMissingZipCode()[pri:7, instance:testCases.TC001_RegisterTest@23e84203]" started-at="2025-11-03T19:53:25 IST" name="RegisterWithMissingZipCode" finished-at="2025-11-03T19:53:26 IST" duration-ms="1068" status="PASS">
          <reporter-output>
          </reporter-output>
        </test-method> <!-- RegisterWithMissingZipCode -->
        <test-method signature="RegisterWithMissingSSN()[pri:8, instance:testCases.TC001_RegisterTest@23e84203]" started-at="2025-11-03T19:53:26 IST" name="RegisterWithMissingSSN" finished-at="2025-11-03T19:53:28 IST" duration-ms="2049" status="PASS">
          <reporter-output>
          </reporter-output>
        </test-method> <!-- RegisterWithMissingSSN -->
        <test-method signature="RegisterWithMissingUsername()[pri:9, instance:testCases.TC001_RegisterTest@23e84203]" started-at="2025-11-03T19:53:28 IST" name="RegisterWithMissingUsername" finished-at="2025-11-03T19:53:29 IST" duration-ms="1135" status="PASS">
          <reporter-output>
          </reporter-output>
        </test-method> <!-- RegisterWithMissingUsername -->
        <test-method signature="RegisterWithMissingPassword()[pri:10, instance:testCases.TC001_RegisterTest@23e84203]" started-at="2025-11-03T19:53:29 IST" name="RegisterWithMissingPassword" finished-at="2025-11-03T19:53:31 IST" duration-ms="1115" status="PASS">
          <reporter-output>
          </reporter-output>
        </test-method> <!-- RegisterWithMissingPassword -->
        <test-method signature="RegisterWithMismatchedPasswords()[pri:11, instance:testCases.TC001_RegisterTest@23e84203]" started-at="2025-11-03T19:53:31 IST" name="RegisterWithMismatchedPasswords" finished-at="2025-11-03T19:53:32 IST" duration-ms="1145" status="PASS">
          <reporter-output>
          </reporter-output>
        </test-method> <!-- RegisterWithMismatchedPasswords -->
        <test-method signature="RegisterWithExistingUsername()[pri:12, instance:testCases.TC001_RegisterTest@23e84203]" started-at="2025-11-03T19:53:32 IST" name="RegisterWithExistingUsername" finished-at="2025-11-03T19:53:33 IST" duration-ms="1106" status="PASS">
          <reporter-output>
          </reporter-output>
        </test-method> <!-- RegisterWithExistingUsername -->
        <test-method is-config="true" signature="tearDown()[pri:0, instance:testCases.TC001_RegisterTest@23e84203]" started-at="2025-11-03T19:53:33 IST" name="tearDown" finished-at="2025-11-03T19:53:33 IST" duration-ms="166" status="PASS">
          <reporter-output>
          </reporter-output>
        </test-method> <!-- tearDown -->
      </class> <!-- testCases.TC001_RegisterTest -->
      <class name="testCases.TC003_OpenNewAccountTest">
        <test-method is-config="true" signature="setup(java.lang.String,java.lang.String)[pri:0, instance:testCases.TC003_OpenNewAccountTest@7ae0a9ec]" started-at="2025-11-03T19:53:44 IST" name="setup" finished-at="2025-11-03T19:53:45 IST" duration-ms="1317" status="PASS">
          <params>
            <param index="0">
              <value>
                <![CDATA[Windows]]>
              </value>
            </param>
            <param index="1">
              <value>
                <![CDATA[chrome]]>
              </value>
            </param>
          </params>
          <reporter-output>
          </reporter-output>
        </test-method> <!-- setup -->
        <test-method signature="OpenNewAccountTest()[pri:1, instance:testCases.TC003_OpenNewAccountTest@7ae0a9ec]" started-at="2025-11-03T19:53:45 IST" name="OpenNewAccountTest" finished-at="2025-11-03T19:53:52 IST" duration-ms="6691" status="PASS">
          <reporter-output>
          </reporter-output>
        </test-method> <!-- OpenNewAccountTest -->
        <test-method signature="OpenCheckingAccountTest()[pri:2, instance:testCases.TC003_OpenNewAccountTest@7ae0a9ec]" started-at="2025-11-03T19:53:52 IST" name="OpenCheckingAccountTest" finished-at="2025-11-03T19:54:00 IST" duration-ms="8662" status="PASS">
          <reporter-output>
          </reporter-output>
        </test-method> <!-- OpenCheckingAccountTest -->
        <test-method signature="VerifyAccountDetailsNavigationTest()[pri:3, instance:testCases.TC003_OpenNewAccountTest@7ae0a9ec]" started-at="2025-11-03T19:54:00 IST" name="VerifyAccountDetailsNavigationTest" finished-at="2025-11-03T19:54:09 IST" duration-ms="8791" status="PASS">
          <reporter-output>
          </reporter-output>
        </test-method> <!-- VerifyAccountDetailsNavigationTest -->
        <test-method signature="VerifyBackButtonAfterAccountCreationTest()[pri:4, instance:testCases.TC003_OpenNewAccountTest@7ae0a9ec]" started-at="2025-11-03T19:54:09 IST" name="VerifyBackButtonAfterAccountCreationTest" finished-at="2025-11-03T19:54:18 IST" duration-ms="8565" status="PASS">
          <reporter-output>
          </reporter-output>
        </test-method> <!-- VerifyBackButtonAfterAccountCreationTest -->
        <test-method is-config="true" signature="tearDown()[pri:0, instance:testCases.TC003_OpenNewAccountTest@7ae0a9ec]" started-at="2025-11-03T19:54:18 IST" name="tearDown" finished-at="2025-11-03T19:54:18 IST" duration-ms="235" status="PASS">
          <reporter-output>
          </reporter-output>
        </test-method> <!-- tearDown -->
      </class> <!-- testCases.TC003_OpenNewAccountTest -->
      <class name="testCases.TC008_HomePageTest">
        <test-method is-config="true" signature="setup(java.lang.String,java.lang.String)[pri:0, instance:testCases.TC008_HomePageTest@548a24a]" started-at="2025-11-03T19:57:35 IST" name="setup" finished-at="2025-11-03T19:57:36 IST" duration-ms="1250" status="PASS">
          <params>
            <param index="0">
              <value>
                <![CDATA[Windows]]>
              </value>
            </param>
            <param index="1">
              <value>
                <![CDATA[chrome]]>
              </value>
            </param>
          </params>
          <reporter-output>
          </reporter-output>
        </test-method> <!-- setup -->
        <test-method signature="VerifyHomePage()[pri:1, instance:testCases.TC008_HomePageTest@548a24a]" started-at="2025-11-03T19:57:36 IST" name="VerifyHomePage" finished-at="2025-11-03T19:57:55 IST" duration-ms="18281" status="PASS">
          <reporter-output>
          </reporter-output>
        </test-method> <!-- VerifyHomePage -->
        <test-method is-config="true" signature="tearDown()[pri:0, instance:testCases.TC008_HomePageTest@548a24a]" started-at="2025-11-03T19:57:55 IST" name="tearDown" finished-at="2025-11-03T19:57:55 IST" duration-ms="278" status="PASS">
          <reporter-output>
          </reporter-output>
        </test-method> <!-- tearDown -->
      </class> <!-- testCases.TC008_HomePageTest -->
      <class name="testCases.TC004_TransferFundsTest">
        <test-method is-config="true" signature="setup(java.lang.String,java.lang.String)[pri:0, instance:testCases.TC004_TransferFundsTest@35841320]" started-at="2025-11-03T19:54:18 IST" name="setup" finished-at="2025-11-03T19:54:20 IST" duration-ms="1719" status="PASS">
          <params>
            <param index="0">
              <value>
                <![CDATA[Windows]]>
              </value>
            </param>
            <param index="1">
              <value>
                <![CDATA[chrome]]>
              </value>
            </param>
          </params>
          <reporter-output>
          </reporter-output>
        </test-method> <!-- setup -->
        <test-method signature="TransferFundsWithAmountTest()[pri:1, instance:testCases.TC004_TransferFundsTest@35841320]" started-at="2025-11-03T19:54:20 IST" name="TransferFundsWithAmountTest" finished-at="2025-11-03T19:54:33 IST" duration-ms="13407" status="PASS">
          <reporter-output>
          </reporter-output>
        </test-method> <!-- TransferFundsWithAmountTest -->
        <test-method signature="TransferFundsWithoutAmountTest()[pri:2, instance:testCases.TC004_TransferFundsTest@35841320]" started-at="2025-11-03T19:54:33 IST" name="TransferFundsWithoutAmountTest" finished-at="2025-11-03T19:54:39 IST" duration-ms="6086" status="PASS">
          <reporter-output>
          </reporter-output>
        </test-method> <!-- TransferFundsWithoutAmountTest -->
        <test-method signature="TransferFundsWithInvalidAmountTest()[pri:3, instance:testCases.TC004_TransferFundsTest@35841320]" started-at="2025-11-03T19:54:39 IST" name="TransferFundsWithInvalidAmountTest" finished-at="2025-11-03T19:54:45 IST" duration-ms="6041" status="PASS">
          <reporter-output>
          </reporter-output>
        </test-method> <!-- TransferFundsWithInvalidAmountTest -->
        <test-method signature="TransferFundsWithDecimalAmountTest()[pri:4, instance:testCases.TC004_TransferFundsTest@35841320]" started-at="2025-11-03T19:54:45 IST" name="TransferFundsWithDecimalAmountTest" finished-at="2025-11-03T19:54:53 IST" duration-ms="8173" status="PASS">
          <reporter-output>
          </reporter-output>
        </test-method> <!-- TransferFundsWithDecimalAmountTest -->
        <test-method signature="TransferFundsWithSpecialCharactersTest()[pri:5, instance:testCases.TC004_TransferFundsTest@35841320]" started-at="2025-11-03T19:54:54 IST" name="TransferFundsWithSpecialCharactersTest" finished-at="2025-11-03T19:55:00 IST" duration-ms="6197" status="PASS">
          <reporter-output>
          </reporter-output>
        </test-method> <!-- TransferFundsWithSpecialCharactersTest -->
        <test-method signature="TransferFundsWithExcessiveAmountTest()[pri:6, instance:testCases.TC004_TransferFundsTest@35841320]" started-at="2025-11-03T19:55:00 IST" name="TransferFundsWithExcessiveAmountTest" finished-at="2025-11-03T19:55:03 IST" duration-ms="2885" status="PASS">
          <reporter-output>
          </reporter-output>
        </test-method> <!-- TransferFundsWithExcessiveAmountTest -->
        <test-method is-config="true" signature="tearDown()[pri:0, instance:testCases.TC004_TransferFundsTest@35841320]" started-at="2025-11-03T19:55:03 IST" name="tearDown" finished-at="2025-11-03T19:55:03 IST" duration-ms="241" status="PASS">
          <reporter-output>
          </reporter-output>
        </test-method> <!-- tearDown -->
      </class> <!-- testCases.TC004_TransferFundsTest -->
      <class name="testCases.TC005_BillPayTest">
        <test-method is-config="true" signature="setup(java.lang.String,java.lang.String)[pri:0, instance:testCases.TC005_BillPayTest@61c4eee0]" started-at="2025-11-03T19:55:03 IST" name="setup" finished-at="2025-11-03T19:55:04 IST" duration-ms="1294" status="PASS">
          <params>
            <param index="0">
              <value>
                <![CDATA[Windows]]>
              </value>
            </param>
            <param index="1">
              <value>
                <![CDATA[chrome]]>
              </value>
            </param>
          </params>
          <reporter-output>
          </reporter-output>
        </test-method> <!-- setup -->
        <test-method signature="BillPayWithValidDetailsTest()[pri:1, instance:testCases.TC005_BillPayTest@61c4eee0]" started-at="2025-11-03T19:55:04 IST" name="BillPayWithValidDetailsTest" finished-at="2025-11-03T19:55:16 IST" duration-ms="11798" status="PASS">
          <reporter-output>
          </reporter-output>
        </test-method> <!-- BillPayWithValidDetailsTest -->
        <test-method signature="BillPayWithoutPayeeNameTest()[pri:2, instance:testCases.TC005_BillPayTest@61c4eee0]" started-at="2025-11-03T19:55:16 IST" name="BillPayWithoutPayeeNameTest" finished-at="2025-11-03T19:55:19 IST" duration-ms="3334" status="PASS">
          <reporter-output>
          </reporter-output>
        </test-method> <!-- BillPayWithoutPayeeNameTest -->
        <test-method signature="BillPayWithoutAddressTest()[pri:3, instance:testCases.TC005_BillPayTest@61c4eee0]" started-at="2025-11-03T19:55:19 IST" name="BillPayWithoutAddressTest" finished-at="2025-11-03T19:55:23 IST" duration-ms="3476" status="PASS">
          <reporter-output>
          </reporter-output>
        </test-method> <!-- BillPayWithoutAddressTest -->
        <test-method signature="BillPayWithoutCityTest()[pri:4, instance:testCases.TC005_BillPayTest@61c4eee0]" started-at="2025-11-03T19:55:23 IST" name="BillPayWithoutCityTest" finished-at="2025-11-03T19:55:26 IST" duration-ms="3337" status="PASS">
          <reporter-output>
          </reporter-output>
        </test-method> <!-- BillPayWithoutCityTest -->
        <test-method signature="BillPayWithoutStateTest()[pri:5, instance:testCases.TC005_BillPayTest@61c4eee0]" started-at="2025-11-03T19:55:26 IST" name="BillPayWithoutStateTest" finished-at="2025-11-03T19:55:29 IST" duration-ms="3265" status="PASS">
          <reporter-output>
          </reporter-output>
        </test-method> <!-- BillPayWithoutStateTest -->
        <test-method signature="BillPayWithoutPhoneTest()[pri:6, instance:testCases.TC005_BillPayTest@61c4eee0]" started-at="2025-11-03T19:55:29 IST" name="BillPayWithoutPhoneTest" finished-at="2025-11-03T19:55:33 IST" duration-ms="3404" status="PASS">
          <reporter-output>
          </reporter-output>
        </test-method> <!-- BillPayWithoutPhoneTest -->
        <test-method signature="BillPayWithoutAccountNumberTest()[pri:7, instance:testCases.TC005_BillPayTest@61c4eee0]" started-at="2025-11-03T19:55:33 IST" name="BillPayWithoutAccountNumberTest" finished-at="2025-11-03T19:55:36 IST" duration-ms="3332" status="PASS">
          <reporter-output>
          </reporter-output>
        </test-method> <!-- BillPayWithoutAccountNumberTest -->
        <test-method signature="BillPayWithoutVerifyAccountTest()[pri:8, instance:testCases.TC005_BillPayTest@61c4eee0]" started-at="2025-11-03T19:55:36 IST" name="BillPayWithoutVerifyAccountTest" finished-at="2025-11-03T19:55:39 IST" duration-ms="3318" status="PASS">
          <reporter-output>
          </reporter-output>
        </test-method> <!-- BillPayWithoutVerifyAccountTest -->
        <test-method signature="BillPayWithoutAmountTest()[pri:9, instance:testCases.TC005_BillPayTest@61c4eee0]" started-at="2025-11-03T19:55:39 IST" name="BillPayWithoutAmountTest" finished-at="2025-11-03T19:55:43 IST" duration-ms="3449" status="PASS">
          <reporter-output>
          </reporter-output>
        </test-method> <!-- BillPayWithoutAmountTest -->
        <test-method signature="BillPayWithMismatchedAccountNumbersTest()[pri:10, instance:testCases.TC005_BillPayTest@61c4eee0]" started-at="2025-11-03T19:55:43 IST" name="BillPayWithMismatchedAccountNumbersTest" finished-at="2025-11-03T19:55:46 IST" duration-ms="3370" status="PASS">
          <reporter-output>
          </reporter-output>
        </test-method> <!-- BillPayWithMismatchedAccountNumbersTest -->
        <test-method signature="BillPayWithNonNumericAccountNumberTest()[pri:11, instance:testCases.TC005_BillPayTest@61c4eee0]" started-at="2025-11-03T19:55:46 IST" name="BillPayWithNonNumericAccountNumberTest" finished-at="2025-11-03T19:55:50 IST" duration-ms="3353" status="PASS">
          <reporter-output>
          </reporter-output>
        </test-method> <!-- BillPayWithNonNumericAccountNumberTest -->
        <test-method signature="BillPayWithNonNumericAmountTest()[pri:12, instance:testCases.TC005_BillPayTest@61c4eee0]" started-at="2025-11-03T19:55:50 IST" name="BillPayWithNonNumericAmountTest" finished-at="2025-11-03T19:55:53 IST" duration-ms="3485" status="PASS">
          <reporter-output>
          </reporter-output>
        </test-method> <!-- BillPayWithNonNumericAmountTest -->
        <test-method signature="BillPayWithAllFieldsEmptyTest()[pri:13, instance:testCases.TC005_BillPayTest@61c4eee0]" started-at="2025-11-03T19:55:53 IST" name="BillPayWithAllFieldsEmptyTest" finished-at="2025-11-03T19:55:56 IST" duration-ms="3116" status="PASS">
          <reporter-output>
          </reporter-output>
        </test-method> <!-- BillPayWithAllFieldsEmptyTest -->
        <test-method signature="BillPayWithDecimalAmountTest()[pri:14, instance:testCases.TC005_BillPayTest@61c4eee0]" started-at="2025-11-03T19:55:56 IST" name="BillPayWithDecimalAmountTest" finished-at="2025-11-03T19:56:00 IST" duration-ms="3377" status="PASS">
          <reporter-output>
          </reporter-output>
        </test-method> <!-- BillPayWithDecimalAmountTest -->
        <test-method is-config="true" signature="tearDown()[pri:0, instance:testCases.TC005_BillPayTest@61c4eee0]" started-at="2025-11-03T19:56:00 IST" name="tearDown" finished-at="2025-11-03T19:56:00 IST" duration-ms="242" status="PASS">
          <reporter-output>
          </reporter-output>
        </test-method> <!-- tearDown -->
      </class> <!-- testCases.TC005_BillPayTest -->
      <class name="testCases.TC010_AccountOverview">
        <test-method is-config="true" signature="setup(java.lang.String,java.lang.String)[pri:0, instance:testCases.TC010_AccountOverview@2a693f59]" started-at="2025-11-03T19:58:12 IST" name="setup" finished-at="2025-11-03T19:58:14 IST" duration-ms="2309" status="PASS">
          <params>
            <param index="0">
              <value>
                <![CDATA[Windows]]>
              </value>
            </param>
            <param index="1">
              <value>
                <![CDATA[chrome]]>
              </value>
            </param>
          </params>
          <reporter-output>
          </reporter-output>
        </test-method> <!-- setup -->
        <test-method signature="verifyAccountOverview()[pri:1, instance:testCases.TC010_AccountOverview@2a693f59]" started-at="2025-11-03T19:58:14 IST" name="verifyAccountOverview" finished-at="2025-11-03T19:58:24 IST" duration-ms="9890" status="PASS">
          <reporter-output>
          </reporter-output>
        </test-method> <!-- verifyAccountOverview -->
        <test-method is-config="true" signature="tearDown()[pri:0, instance:testCases.TC010_AccountOverview@2a693f59]" started-at="2025-11-03T19:58:24 IST" name="tearDown" finished-at="2025-11-03T19:58:26 IST" duration-ms="1818" status="PASS">
          <reporter-output>
          </reporter-output>
        </test-method> <!-- tearDown -->
      </class> <!-- testCases.TC010_AccountOverview -->
    </test> <!-- ParaBanking Test -->
  </suite> <!-- ParaBankingSuite -->
</testng-results>
