<?xml version="1.0" encoding="UTF-8"?>
<!-- Generated by org.testng.reporters.JUnitReportReporter -->
<testsuite hostname="DESKTOP-QBF8APR" failures="0" tests="12" name="testCases.TC002_LoginTest" time="10.154" errors="0" timestamp="2025-11-11T21:31:49 IST" skipped="0">
  <testcase classname="testCases.TC002_LoginTest" name="loginTest" time="4.781"/>
  <testcase classname="testCases.TC002_LoginTest" name="loginWithInvalidPassword" time="0.441"/>
  <testcase classname="testCases.TC002_LoginTest" name="loginWithBothInvalidCredentials" time="0.362"/>
  <testcase classname="testCases.TC002_LoginTest" name="loginWithEmptyUsername" time="0.294"/>
  <testcase classname="testCases.TC002_LoginTest" name="loginWithEmptyPassword" time="0.307"/>
  <testcase classname="testCases.TC002_LoginTest" name="loginWithBothFieldsEmpty" time="0.328"/>
  <testcase classname="testCases.TC002_LoginTest" name="loginWithSQLInjection" time="0.341"/>
  <testcase classname="testCases.TC002_LoginTest" name="loginWithSpecialCharacters" time="0.333"/>
  <testcase classname="testCases.TC002_LoginTest" name="loginWithSpacesInCredentials" time="0.345"/>
  <testcase classname="testCases.TC002_LoginTest" name="loginWithCaseSensitiveUsername" time="0.804"/>
  <testcase classname="testCases.TC002_LoginTest" name="loginWithExcessivelyLongUsername" time="1.177"/>
  <testcase classname="testCases.TC002_LoginTest" name="loginWithScriptTags" time="0.641"/>
</testsuite> <!-- testCases.TC002_LoginTest -->
