<?xml version="1.0" encoding="UTF-8"?>
<!-- Generated by org.testng.reporters.JUnitReportReporter -->
<testsuite hostname="DESKTOP-QBF8APR" failures="0" tests="6" name="testCases.TC004_TransferFundsTest" time="43.815" errors="0" timestamp="2025-11-03T18:43:31 IST" skipped="0">
  <testcase classname="testCases.TC004_TransferFundsTest" name="TransferFundsWithAmountTest" time="13.561"/>
  <testcase classname="testCases.TC004_TransferFundsTest" name="TransferFundsWithoutAmountTest" time="6.341"/>
  <testcase classname="testCases.TC004_TransferFundsTest" name="TransferFundsWithInvalidAmountTest" time="6.151"/>
  <testcase classname="testCases.TC004_TransferFundsTest" name="TransferFundsWithDecimalAmountTest" time="8.294"/>
  <testcase classname="testCases.TC004_TransferFundsTest" name="TransferFundsWithSpecialCharactersTest" time="6.323"/>
  <testcase classname="testCases.TC004_TransferFundsTest" name="TransferFundsWithExcessiveAmountTest" time="3.145"/>
</testsuite> <!-- testCases.TC004_TransferFundsTest -->
