<?xml version="1.0" encoding="UTF-8"?>
<!-- Generated by org.testng.reporters.JUnitReportReporter -->
<testsuite hostname="DESKTOP-QBF8APR" failures="0" tests="14" name="testCases.TC006_ApplyLoanTest" time="48.230" errors="0" timestamp="2025-11-03T19:58:27 IST" skipped="0">
  <testcase classname="testCases.TC006_ApplyLoanTest" name="VerifyApplyLoan" time="6.221"/>
  <testcase classname="testCases.TC006_ApplyLoanTest" name="ApplyLoanWithoutAmountTest" time="2.894"/>
  <testcase classname="testCases.TC006_ApplyLoanTest" name="ApplyLoanWithoutDownPaymentTest" time="2.983"/>
  <testcase classname="testCases.TC006_ApplyLoanTest" name="ApplyLoanWithNonNumericAmountTest" time="2.890"/>
  <testcase classname="testCases.TC006_ApplyLoanTest" name="ApplyLoanWithNonNumericDownPaymentTest" time="2.926"/>
  <testcase classname="testCases.TC006_ApplyLoanTest" name="ApplyLoanWithExcessiveAmountTest" time="3.052"/>
  <testcase classname="testCases.TC006_ApplyLoanTest" name="ApplyLoanWithSpecialCharactersInAmountTest" time="2.915"/>
  <testcase classname="testCases.TC006_ApplyLoanTest" name="ApplyLoanWithEmptySubmissionTest" time="2.800"/>
  <testcase classname="testCases.TC006_ApplyLoanTest" name="ApplyLoanWithAmountLessThanDownPaymentTest" time="3.041"/>
  <testcase classname="testCases.TC006_ApplyLoanTest" name="ApplyLoanWithZeroAmountTest" time="3.483"/>
  <testcase classname="testCases.TC006_ApplyLoanTest" name="ApplyLoanWithNegativeAmountTest" time="3.022"/>
  <testcase classname="testCases.TC006_ApplyLoanTest" name="ApplyLoanWithUnrealisticCombinationTest" time="3.029"/>
  <testcase classname="testCases.TC006_ApplyLoanTest" name="ApplyLoanWithInsufficientBalanceTest" time="2.984"/>
  <testcase classname="testCases.TC006_ApplyLoanTest" name="VerifyApplyLoanWithDecimalAmountTest" time="5.990"/>
</testsuite> <!-- testCases.TC006_ApplyLoanTest -->
