<?xml version="1.0" encoding="UTF-8"?>
<!-- Generated by org.testng.reporters.JUnitReportReporter -->
<testsuite hostname="DESKTOP-QBF8APR" failures="0" tests="4" name="testCases.TC003_OpenNewAccountTest" time="32.709" errors="0" timestamp="2025-11-03T19:58:27 IST" skipped="0">
  <testcase classname="testCases.TC003_OpenNewAccountTest" name="OpenNewAccountTest" time="6.691"/>
  <testcase classname="testCases.TC003_OpenNewAccountTest" name="OpenCheckingAccountTest" time="8.662"/>
  <testcase classname="testCases.TC003_OpenNewAccountTest" name="VerifyAccountDetailsNavigationTest" time="8.791"/>
  <testcase classname="testCases.TC003_OpenNewAccountTest" name="VerifyBackButtonAfterAccountCreationTest" time="8.565"/>
</testsuite> <!-- testCases.TC003_OpenNewAccountTest -->
