<?xml version="1.0" encoding="UTF-8"?>
<!-- Generated by org.testng.reporters.JUnitReportReporter -->
<testsuite hostname="DESKTOP-QBF8APR" failures="0" tests="14" name="testCases.TC005_BillPayTest" time="55.414" errors="0" timestamp="2025-11-03T19:58:27 IST" skipped="0">
  <testcase classname="testCases.TC005_BillPayTest" name="BillPayWithValidDetailsTest" time="11.798"/>
  <testcase classname="testCases.TC005_BillPayTest" name="BillPayWithoutPayeeNameTest" time="3.334"/>
  <testcase classname="testCases.TC005_BillPayTest" name="BillPayWithoutAddressTest" time="3.476"/>
  <testcase classname="testCases.TC005_BillPayTest" name="BillPayWithoutCityTest" time="3.337"/>
  <testcase classname="testCases.TC005_BillPayTest" name="BillPayWithoutStateTest" time="3.265"/>
  <testcase classname="testCases.TC005_BillPayTest" name="BillPayWithoutPhoneTest" time="3.404"/>
  <testcase classname="testCases.TC005_BillPayTest" name="BillPayWithoutAccountNumberTest" time="3.332"/>
  <testcase classname="testCases.TC005_BillPayTest" name="BillPayWithoutVerifyAccountTest" time="3.318"/>
  <testcase classname="testCases.TC005_BillPayTest" name="BillPayWithoutAmountTest" time="3.449"/>
  <testcase classname="testCases.TC005_BillPayTest" name="BillPayWithMismatchedAccountNumbersTest" time="3.370"/>
  <testcase classname="testCases.TC005_BillPayTest" name="BillPayWithNonNumericAccountNumberTest" time="3.353"/>
  <testcase classname="testCases.TC005_BillPayTest" name="BillPayWithNonNumericAmountTest" time="3.485"/>
  <testcase classname="testCases.TC005_BillPayTest" name="BillPayWithAllFieldsEmptyTest" time="3.116"/>
  <testcase classname="testCases.TC005_BillPayTest" name="BillPayWithDecimalAmountTest" time="3.377"/>
</testsuite> <!-- testCases.TC005_BillPayTest -->
