<?xml version="1.0" encoding="UTF-8"?>
<!-- Generated by org.testng.reporters.JUnitReportReporter -->
<testsuite hostname="DESKTOP-QBF8APR" failures="0" tests="14" name="testCases.TC006_ApplyLoanTest" time="50.541" errors="0" timestamp="2025-11-11T21:31:49 IST" skipped="0">
  <testcase classname="testCases.TC006_ApplyLoanTest" name="VerifyApplyLoan" time="7.224"/>
  <testcase classname="testCases.TC006_ApplyLoanTest" name="ApplyLoanWithoutAmountTest" time="3.048"/>
  <testcase classname="testCases.TC006_ApplyLoanTest" name="ApplyLoanWithoutDownPaymentTest" time="3.127"/>
  <testcase classname="testCases.TC006_ApplyLoanTest" name="ApplyLoanWithNonNumericAmountTest" time="2.999"/>
  <testcase classname="testCases.TC006_ApplyLoanTest" name="ApplyLoanWithNonNumericDownPaymentTest" time="2.936"/>
  <testcase classname="testCases.TC006_ApplyLoanTest" name="ApplyLoanWithExcessiveAmountTest" time="3.302"/>
  <testcase classname="testCases.TC006_ApplyLoanTest" name="ApplyLoanWithSpecialCharactersInAmountTest" time="3.018"/>
  <testcase classname="testCases.TC006_ApplyLoanTest" name="ApplyLoanWithEmptySubmissionTest" time="2.944"/>
  <testcase classname="testCases.TC006_ApplyLoanTest" name="ApplyLoanWithAmountLessThanDownPaymentTest" time="3.108"/>
  <testcase classname="testCases.TC006_ApplyLoanTest" name="ApplyLoanWithZeroAmountTest" time="3.541"/>
  <testcase classname="testCases.TC006_ApplyLoanTest" name="ApplyLoanWithNegativeAmountTest" time="3.064"/>
  <testcase classname="testCases.TC006_ApplyLoanTest" name="ApplyLoanWithUnrealisticCombinationTest" time="3.088"/>
  <testcase classname="testCases.TC006_ApplyLoanTest" name="ApplyLoanWithInsufficientBalanceTest" time="2.971"/>
  <testcase classname="testCases.TC006_ApplyLoanTest" name="VerifyApplyLoanWithDecimalAmountTest" time="6.171"/>
</testsuite> <!-- testCases.TC006_ApplyLoanTest -->
